Iteration	Posterior	Likelihood	Prior	alpha_morpho	br_len_lambda	rates_morpho[1]	rates_morpho[2]	rates_morpho[3]	rates_morpho[4]	tree_length
0	-628.609	-591.533	-37.0767	800882.8	3.392921	0.99858	0.999637	1.00036	1.00142	7.346826
10	-507.523	-475.693	-31.8307	798601.9	5.484258	0.998578	0.999636	1.00036	1.00142	6.401826
20	-470.456	-446.292	-24.1645	836806.1	6.008202	0.998611	0.999645	1.00035	1.00139	5.051316
30	-472.953	-446.869	-26.0837	580231.5	7.313331	0.998332	0.999573	1.00043	1.00167	5.263596
40	-464.795	-444.003	-20.7919	676593.7	5.314441	0.998455	0.999605	1.00039	1.00155	4.340323
50	-448.792	-427.118	-21.6741	490842.3	5.337725	0.998186	0.999536	1.00046	1.00181	4.512831
60	-441.148	-420.634	-20.5138	408364.4	5.926121	0.998012	0.999491	1.00051	1.00199	4.43141
70	-432.969	-419.811	-13.1585	120808.7	7.255939	0.996345	0.999064	1.00093	1.00366	3.489642
80	-423.521	-411.6	-11.9206	123331.6	7.518151	0.996383	0.999073	1.00092	1.00362	3.352129
90	-432.704	-416.999	-15.7054	113753.6	7.878876	0.996234	0.999035	1.00096	1.00377	3.866162
100	-434.864	-417.739	-17.1247	157881.7	8.249873	0.996803	0.999181	1.00082	1.0032	4.0394
110	-431.462	-416.113	-15.349	485227.9	7.610008	0.998176	0.999533	1.00047	1.00183	3.812427
120	-443.495	-424.943	-18.5518	970380.7	6.410425	0.99871	0.99967	1.00033	1.00129	4.179836
130	-431.355	-419.883	-11.4721	615966.5	7.547291	0.998381	0.999586	1.00041	1.00162	3.295907
140	-449.366	-433.412	-15.9533	257923.7	11.34811	0.997498	0.99936	1.00064	1.0025	3.705964
150	-436.997	-423.863	-13.1341	459726.6	7.344947	0.998126	0.999521	1.00048	1.00188	3.496397
160	-439.483	-425.039	-14.4437	587156.2	10.54935	0.998342	0.999576	1.00042	1.00166	3.630293
170	-442.593	-421.905	-20.688	549351	5.504504	0.998286	0.999561	1.00044	1.00172	4.375351
180	-431.305	-417.837	-13.4686	145764.7	8.818729	0.996673	0.999148	1.00085	1.00333	3.600877
190	-432.72	-422.796	-9.92321	234165.5	11.50036	0.997374	0.999328	1.00067	1.00263	3.168155
200	-439.589	-427.966	-11.6232	246091.2	7.728438	0.997439	0.999344	1.00065	1.00256	3.334789
210	-439.65	-424.959	-14.6904	324050.4	8.109672	0.997768	0.999429	1.00057	1.00223	3.74277
220	-432.315	-423.35	-8.96541	938950.1	11.17225	0.998689	0.999665	1.00033	1.00131	3.095844
230	-431.402	-417.088	-14.3139	870275.2	7.341968	0.998638	0.999652	1.00035	1.00136	3.656766
240	-435.727	-422.257	-13.47	950354.3	8.484065	0.998696	0.999667	1.00033	1.0013	3.600484
250	-435.75	-418.188	-17.5616	39556.83	5.327069	0.993616	0.99836	1.00163	1.0064	3.73788
260	-431.836	-420.999	-10.837	810933.3	8.574438	0.998589	0.999639	1.00036	1.00141	3.294136
270	-438.929	-421.66	-17.269	384374.9	8.921057	0.997951	0.999476	1.00052	1.00205	4.025956
280	-423.052	-414.398	-8.65382	125746.2	10.65932	0.996418	0.999082	1.00091	1.00359	3.079708
290	-426.837	-417.267	-9.57009	83236.31	11.29477	0.995598	0.998871	1.00112	1.00441	3.145495
300	-431.947	-419.771	-12.1757	797968.1	8.833936	0.998577	0.999636	1.00036	1.00142	3.454414
310	-435.217	-416.774	-18.4437	569601.7	6.165372	0.998316	0.999569	1.00043	1.00168	4.127761
320	-434.613	-417.646	-16.9671	642114.9	6.635445	0.998414	0.999594	1.0004	1.00159	3.964063
330	-427.652	-419.127	-8.52566	693978.6	8.551822	0.998475	0.99961	1.00039	1.00153	3.022906
340	-424.191	-413.411	-10.7792	620220.9	8.405879	0.998386	0.999587	1.00041	1.00161	3.279375
350	-431.502	-417.478	-14.024	411292.9	9.756698	0.998019	0.999493	1.00051	1.00198	3.634264
360	-449.48	-428.613	-20.8668	967765.9	5.876296	0.998708	0.99967	1.00033	1.00129	4.483335
370	-435.719	-418.379	-17.3399	424903.5	9.122719	0.998051	0.999501	1.0005	1.00195	4.021167
380	-434.839	-419.989	-14.8494	274297.7	10.01805	0.997574	0.999379	1.00062	1.00243	3.703705
390	-436.284	-415.419	-20.8645	369631	5.053325	0.99791	0.999465	1.00053	1.00209	4.260292
400	-435.906	-421.705	-14.201	233024.7	8.064638	0.997368	0.999326	1.00067	1.00263	3.68132
410	-435.11	-418.297	-16.813	118732.3	7.329527	0.996314	0.999055	1.00094	1.00369	3.996638
420	-431.555	-417.855	-13.6997	889773.6	8.21606	0.998653	0.999655	1.00034	1.00135	3.623489
430	-438.12	-420.612	-17.508	592266	6.624994	0.998349	0.999578	1.00042	1.00165	4.044427
440	-442.452	-425.153	-17.299	709082	6.252885	0.998491	0.999614	1.00039	1.00151	3.958516
450	-435.062	-418.773	-16.2889	216230.4	8.279521	0.997268	0.9993	1.0007	1.00273	3.937574
460	-442.597	-424.711	-17.8865	252672.9	7.492591	0.997472	0.999353	1.00064	1.00253	4.145491
470	-427.95	-417.295	-10.6545	390244.4	9.728299	0.997966	0.99948	1.00052	1.00204	3.289206
480	-444.581	-427.288	-17.293	467365.2	6.320109	0.998141	0.999524	1.00047	1.00186	3.969176
490	-436.332	-418.39	-17.9426	268944.7	6.932207	0.99755	0.999373	1.00062	1.00245	4.134809
500	-441.602	-422.089	-19.5123	953385.8	7.969161	0.998698	0.999667	1.00033	1.0013	4.34498
510	-434.855	-420.945	-13.9099	5259.692	10.66449	0.982528	0.995469	1.00442	1.01758	3.572479
520	-431.824	-420.418	-11.4063	598422.1	12.11903	0.998357	0.99958	1.00042	1.00164	3.26127
530	-430.5	-417.648	-12.8515	924184.4	9.622664	0.998678	0.999662	1.00034	1.00132	3.518386
540	-437.907	-422.166	-15.7412	768031	10.00516	0.99855	0.999629	1.00037	1.00145	3.793625
550	-428.454	-421.456	-6.99742	68350.59	10.66419	0.995142	0.998754	1.00124	1.00487	2.9243
560	-438.587	-425.844	-12.7428	202452.8	13.35713	0.997176	0.999277	1.00072	1.00283	3.280821
570	-429.774	-419.738	-10.0359	52809.98	7.760127	0.994474	0.998582	1.00141	1.00554	3.133212
580	-445.64	-426.948	-18.6922	74801.16	7.877089	0.995356	0.998809	1.00118	1.00465	4.245315
590	-438.698	-426.793	-11.9044	590609.7	9.950261	0.998346	0.999577	1.00042	1.00165	3.411815
600	-428.441	-419.023	-9.41846	665295.1	9.499306	0.998442	0.999602	1.0004	1.00156	3.160453
610	-436.584	-418.327	-18.2565	592827.3	9.706915	0.99835	0.999578	1.00042	1.00165	4.072567
620	-435.704	-418.816	-16.8882	111060.2	8.192854	0.996188	0.999023	1.00097	1.00382	4.0121
630	-430.342	-417.046	-13.2962	150141.7	8.221556	0.996721	0.99916	1.00084	1.00328	3.574533
640	-427.718	-413.949	-13.7687	433945.1	8.855713	0.998071	0.999506	1.00049	1.00193	3.634485
650	-434.196	-415.272	-18.9245	448390.3	9.828126	0.998102	0.999515	1.00048	1.0019	4.129512
660	-432.324	-427.1	-5.22396	881217.3	12.42057	0.998646	0.999654	1.00035	1.00135	2.744787
670	-440.096	-425.89	-14.2054	920098.2	12.77295	0.998675	0.999661	1.00034	1.00133	3.438985
680	-435.226	-422.913	-12.3126	360186.3	8.834033	0.997883	0.999458	1.00054	1.00212	3.469902
690	-434.103	-415.297	-18.8065	744247.3	7.16969	0.998527	0.999623	1.00038	1.00147	4.266756
700	-436.542	-418.228	-18.3141	502364.4	6.159435	0.998207	0.999541	1.00046	1.00179	4.105735
710	-443.254	-426.104	-17.1497	838303.3	8.728801	0.998612	0.999645	1.00035	1.00139	4.022995
720	-432.184	-423.156	-9.02847	776068.7	12.70781	0.998557	0.999631	1.00037	1.00144	3.03698
730	-428.843	-419.843	-8.99943	849200.1	9.295329	0.998621	0.999647	1.00035	1.00138	3.112053
740	-435.87	-425.334	-10.5357	293379	9.573721	0.997654	0.9994	1.0006	1.00235	3.277928
750	-434.928	-419.654	-15.2743	88962.15	6.723925	0.995742	0.998908	1.00109	1.00426	3.72253
760	-438.087	-420.16	-17.9267	26368.35	10.5783	0.992183	0.99799	1.00199	1.00784	3.957624
770	-426.559	-420.022	-6.53696	170086.5	10.66312	0.99692	0.999211	1.00079	1.00308	2.88112
780	-431.458	-419.262	-12.1953	35786.94	9.665871	0.993289	0.998276	1.00171	1.00673	3.449172
790	-443.35	-424.994	-18.3565	8243.943	7.862141	0.986035	0.99639	1.00354	1.01403	4.203091
800	-448.648	-429.376	-19.2729	922035	7.866564	0.998677	0.999662	1.00034	1.00132	4.319466
810	-436.951	-421.404	-15.547	558951.5	6.303995	0.9983	0.999565	1.00043	1.0017	3.689501
820	-447.408	-423.966	-23.4422	846894.2	4.487901	0.998619	0.999647	1.00035	1.00138	4.524073
830	-440.247	-420.759	-19.4885	8197.39	7.368779	0.985996	0.996379	1.00355	1.01407	4.361292
840	-437.699	-419.991	-17.7081	129335.4	7.589329	0.996468	0.999095	1.0009	1.00354	4.122376
850	-441.307	-424.337	-16.9697	845636.7	8.453633	0.998618	0.999647	1.00035	1.00138	4.014126
860	-436.567	-421.386	-15.1814	431202	11.26856	0.998065	0.999505	1.00049	1.00194	3.644436
870	-435.871	-422.632	-13.2385	536775.4	11.24157	0.998266	0.999556	1.00044	1.00174	3.473797
880	-449.204	-431.814	-17.3904	725775.5	5.773436	0.998508	0.999619	1.00038	1.00149	3.863693
890	-433.033	-418.874	-14.1589	451407.1	9.236324	0.998109	0.999516	1.00048	1.00189	3.66907
900	-430.61	-420.324	-10.2858	464906	8.811321	0.998136	0.999523	1.00048	1.00186	3.239707
910	-430.05	-418.11	-11.94	838696.6	11.27732	0.998612	0.999645	1.00035	1.00139	3.356298
920	-438.074	-415.194	-22.88	406325.6	5.853603	0.998007	0.99949	1.00051	1.00199	4.823606
930	-431.877	-420.119	-11.758	823142.5	10.69374	0.998599	0.999642	1.00036	1.0014	3.369379
940	-428.865	-415.542	-13.3238	241187.9	7.516095	0.997413	0.999338	1.00066	1.00259	3.538597
950	-424.379	-415.475	-8.90353	855918.3	8.629598	0.998626	0.999649	1.00035	1.00137	3.072268
960	-430.065	-417.327	-12.7376	958636.6	9.381669	0.998702	0.999668	1.00033	1.0013	3.512545
970	-434.712	-416.26	-18.4519	271068.9	8.250947	0.99756	0.999375	1.00062	1.00244	4.200225
980	-431.181	-420.489	-10.6916	833358.8	9.089226	0.998608	0.999644	1.00036	1.00139	3.291922
990	-428.122	-410.806	-17.3165	890557.3	5.456171	0.998653	0.999656	1.00034	1.00135	3.744603
1000	-427.234	-420.076	-7.15858	292071.5	13.28918	0.997649	0.999398	1.0006	1.00235	2.865744
1010	-435.486	-421.817	-13.6692	421859.6	12.97056	0.998044	0.999499	1.0005	1.00196	3.381267
1020	-432.829	-419.464	-13.3649	262494.7	8.878746	0.99752	0.999365	1.00063	1.00248	3.588713
1030	-435.573	-419.531	-16.0421	32696.43	7.374861	0.992979	0.998196	1.00179	1.00704	3.893903
1040	-428.36	-416.231	-12.1284	685411.9	11.44214	0.998465	0.999607	1.00039	1.00154	3.363376
1050	-432.297	-418.668	-13.629	626224.1	12.13429	0.998394	0.999589	1.00041	1.00161	3.44351
1060	-441.395	-428.822	-12.573	707301.6	7.010331	0.998489	0.999614	1.00039	1.00151	3.373291
1070	-433.43	-418.305	-15.1249	782799	8.258183	0.998564	0.999633	1.00037	1.00144	3.796997
1080	-433.221	-418.762	-14.4593	638185.2	15.02112	0.998409	0.999593	1.00041	1.00159	3.267433
1090	-426.43	-411.212	-15.218	955780.1	6.764782	0.9987	0.999668	1.00033	1.0013	3.720071
1100	-426.923	-416.132	-10.7907	989127.8	10.37103	0.998722	0.999673	1.00033	1.00128	3.289678
1110	-440.652	-425.198	-15.4534	149840.9	7.327158	0.996718	0.999159	1.00084	1.00329	3.810979
1120	-434.765	-422.041	-12.7236	841717.6	7.881812	0.998615	0.999646	1.00035	1.00139	3.487894
1130	-440.87	-424.172	-16.6973	225197.8	6.677668	0.997323	0.999315	1.00068	1.00268	3.928682
1140	-430.252	-418.284	-11.968	176234.6	8.006252	0.996974	0.999225	1.00077	1.00303	3.400763
1150	-425.408	-417.573	-7.83488	573602.7	11.50181	0.998322	0.999571	1.00043	1.00168	2.986526
1160	-425.283	-416.41	-8.87259	680515.1	12.05884	0.99846	0.999606	1.00039	1.00154	3.054809
1170	-438.461	-423.229	-15.2318	780672.5	8.002938	0.998562	0.999632	1.00037	1.00144	3.808373
1180	-431.09	-420.235	-10.8544	565916.2	9.655856	0.998311	0.999568	1.00043	1.00169	3.310544
1190	-437.375	-425.375	-11.9995	950518.7	9.823866	0.998697	0.999667	1.00033	1.0013	3.425019
1200	-436.838	-423.464	-13.3741	601984.5	8.826522	0.998362	0.999581	1.00042	1.00164	3.590112
1210	-427.439	-417.498	-9.94072	672538.2	9.969749	0.99845	0.999604	1.0004	1.00155	3.214263
1220	-435.148	-424.113	-11.0343	297570.2	8.961352	0.997671	0.999404	1.00059	1.00233	3.327812
1230	-428.262	-415.998	-12.2641	307433.6	11.02593	0.997708	0.999414	1.00058	1.00229	3.399302
1240	-432.253	-413.975	-18.2786	768113.7	11.74332	0.99855	0.999629	1.00037	1.00145	3.868717
1250	-432.116	-420.244	-11.8716	353194	8.383692	0.997862	0.999453	1.00055	1.00214	3.408478
1260	-434.758	-419.336	-15.4224	735047.3	9.141865	0.998518	0.999621	1.00038	1.00148	3.810143
1270	-430.332	-420.569	-9.76321	28044.65	10.19245	0.99242	0.998051	1.00193	1.0076	3.193773
1280	-428.937	-417.974	-10.9621	870297.9	9.686014	0.998638	0.999652	1.00035	1.00136	3.321363
1290	-439.839	-423.989	-15.85	924160.9	9.770241	0.998678	0.999662	1.00034	1.00132	3.820535
1300	-438.407	-421.5	-16.907	329304.4	6.28219	0.997786	0.999433	1.00056	1.00222	3.901276
1310	-432.359	-415.672	-16.6865	700076.5	9.916662	0.998481	0.999612	1.00039	1.00152	3.895025
1320	-434.919	-420.499	-14.4202	215390.8	8.715268	0.997262	0.999299	1.0007	1.00274	3.71049
1330	-431.149	-418.047	-13.1023	286212.5	7.395373	0.997625	0.999392	1.00061	1.00238	3.497414
1340	-427.859	-416.775	-11.084	345417.5	13.12279	0.997838	0.999447	1.00055	1.00216	3.172065
1350	-427.265	-416.74	-10.5251	347828.9	8.553852	0.997846	0.999449	1.00055	1.00216	3.256799
1360	-430.279	-419.759	-10.5199	28053.07	10.32141	0.992421	0.998051	1.00193	1.0076	3.264884
1370	-427.439	-418.123	-9.31595	906869.7	10.96771	0.998666	0.999659	1.00034	1.00134	3.133675
1380	-433.447	-422.718	-10.7283	19509.26	8.639394	0.990914	0.997661	1.00231	1.00912	3.284111
1390	-424.478	-410.857	-13.621	862854.4	8.06721	0.998632	0.99965	1.00035	1.00137	3.60949
1400	-433.828	-425.762	-8.06605	976728.4	12.11767	0.998714	0.999671	1.00033	1.00129	2.985701
1410	-443.925	-427.525	-16.4004	487118	8.227134	0.998179	0.999534	1.00046	1.00182	3.952015
1420	-432.153	-413.56	-18.5929	899080	8.541742	0.99866	0.999657	1.00034	1.00134	4.200742
1430	-434.435	-418.836	-15.5991	267516.4	7.948069	0.997543	0.999371	1.00063	1.00246	3.853698
1440	-433.933	-422.356	-11.5773	494004.1	10.27976	0.998192	0.999537	1.00046	1.00181	3.368803
1450	-433.74	-421.708	-12.032	332564.8	8.797911	0.997797	0.999436	1.00056	1.00221	3.437708
1460	-435.738	-420.774	-14.9641	152827.2	9.871694	0.99675	0.999168	1.00083	1.00325	3.724006
1470	-426.524	-415.339	-11.1857	231220.1	10.3407	0.997358	0.999324	1.00067	1.00264	3.328765
1480	-424.653	-414.822	-9.8318	288651	12.04176	0.997635	0.999395	1.0006	1.00237	3.135198
1490	-434.635	-420.07	-14.5652	800290.1	8.807705	0.998579	0.999637	1.00036	1.00142	3.725442
1500	-433.113	-421.666	-11.4474	340803.2	8.392276	0.997823	0.999443	1.00056	1.00218	3.358266
1510	-448.744	-429.299	-19.4449	719742.5	6.795281	0.998502	0.999617	1.00038	1.0015	4.346355
1520	-438.37	-426.545	-11.8248	546375.7	8.835548	0.998281	0.99956	1.00044	1.00172	3.414705
1530	-434.251	-418.828	-15.4229	671242	7.107162	0.998449	0.999603	1.0004	1.00155	3.789303
1540	-435.813	-416.496	-19.3168	622895.8	9.998821	0.99839	0.999588	1.00041	1.00161	4.151665
1550	-435.475	-423.119	-12.3564	884304.3	7.232055	0.998649	0.999654	1.00034	1.00135	3.37588
1560	-433.103	-416.787	-16.316	713875.4	9.444924	0.998496	0.999615	1.00038	1.0015	3.890028
1570	-431.31	-414.855	-16.4545	415707.2	8.737006	0.998029	0.999496	1.0005	1.00197	3.943014
1580	-430.803	-416.182	-14.6204	230411.2	8.409708	0.997353	0.999322	1.00068	1.00265	3.736336
1590	-423.14	-411.908	-11.2321	419006.7	7.663091	0.998037	0.999498	1.0005	1.00196	3.277331
1600	-433.374	-416.374	-17.0002	381265.8	9.606658	0.997942	0.999473	1.00053	1.00206	3.950723
1610	-426.579	-413.019	-13.5609	46768.14	10.54381	0.994128	0.998493	1.0015	1.00588	3.54694
1620	-430.604	-417.707	-12.8967	358643.6	10.1091	0.997878	0.999457	1.00054	1.00212	3.504913
1630	-429.781	-418.942	-10.8382	843986.6	9.843177	0.998617	0.999646	1.00035	1.00138	3.306506
1640	-438.102	-422.844	-15.2584	670143.7	8.311567	0.998448	0.999603	1.0004	1.00155	3.812971
1650	-430.226	-417.42	-12.8058	798728.1	10.35104	0.998578	0.999636	1.00036	1.00142	3.484939
1660	-439.777	-422.247	-17.5301	923104.2	11.62522	0.998677	0.999662	1.00034	1.00132	3.816975
1670	-431.606	-414.792	-16.8141	947068.4	7.915156	0.998694	0.999666	1.00033	1.00131	4.006752
1680	-420.938	-411.585	-9.3528	450792.4	9.230397	0.998107	0.999516	1.00048	1.00189	3.148573
1690	-422.1	-412.315	-9.78458	893556.3	8.627399	0.998656	0.999656	1.00034	1.00135	3.174249
1700	-436.278	-422.773	-13.5046	786634.6	9.251121	0.998567	0.999634	1.00037	1.00143	3.59786
1710	-438.32	-427.022	-11.2985	314179.1	9.326677	0.997733	0.99942	1.00058	1.00227	3.359341
1720	-431.701	-421.711	-9.98991	688496.8	8.56415	0.998469	0.999608	1.00039	1.00153	3.194792
1730	-430.763	-425.627	-5.13662	641279.1	12.81818	0.998413	0.999594	1.0004	1.00159	2.727751
1740	-436.042	-419.848	-16.1947	969188.9	6.981815	0.998709	0.99967	1.00033	1.00129	3.887354
1750	-426.528	-414.773	-11.7548	607944.3	10.15638	0.99837	0.999583	1.00042	1.00163	3.390404
1760	-428	-413.421	-14.5783	139897.8	9.356301	0.996604	0.99913	1.00087	1.0034	3.709794
1770	-427.809	-412.601	-15.2077	452616.8	11.23867	0.998111	0.999517	1.00048	1.00189	3.649197
1780	-430.201	-417.859	-12.3416	303912.2	9.845795	0.997695	0.99941	1.00059	1.00231	3.459162
1790	-429.683	-418.689	-10.9938	586647	7.673218	0.998341	0.999576	1.00042	1.00166	3.24736
1800	-443.471	-429.677	-13.7937	332055.2	9.066873	0.997795	0.999436	1.00056	1.00221	3.633705
1810	-430.752	-423.968	-6.78388	130339.4	14.42871	0.996481	0.999099	1.0009	1.00352	2.785813
1820	-428.983	-420.065	-8.91788	674087	9.640511	0.998452	0.999604	1.0004	1.00155	3.109816
1830	-434.925	-420.057	-14.8678	189899.5	8.588838	0.997085	0.999253	1.00074	1.00292	3.764024
1840	-442.703	-423.64	-19.0631	437517.1	8.652773	0.998079	0.999509	1.00049	1.00192	4.24787
1850	-432.517	-417.836	-14.6809	39861.79	9.7789	0.993641	0.998367	1.00162	1.00637	3.70041
1860	-435.06	-416.537	-18.5239	415300.2	6.440372	0.998028	0.999496	1.0005	1.00197	4.17902
1870	-438.568	-418.825	-19.7428	149588.2	8.592595	0.996715	0.999159	1.00084	1.00329	4.331321
1880	-434.475	-413.507	-20.9677	326091.9	8.64706	0.997775	0.999431	1.00057	1.00223	4.468552
1890	-439.283	-421.6	-17.6827	760047.8	6.21293	0.998542	0.999627	1.00037	1.00146	4.012973
1900	-439.82	-420.319	-19.5013	161018.7	5.485776	0.996834	0.999189	1.00081	1.00317	4.154135
1910	-442.62	-428.141	-14.4786	704631.3	7.786961	0.998486	0.999613	1.00039	1.00151	3.706885
1920	-437.883	-422.031	-15.8514	827906	10.40121	0.998603	0.999643	1.00036	1.0014	3.775316
1930	-439.698	-422.507	-17.1906	493934.6	9.673324	0.998192	0.999537	1.00046	1.00181	3.965389
1940	-445.579	-428.394	-17.1856	687098.6	6.705223	0.998467	0.999608	1.00039	1.00153	4.004806
1950	-443.378	-423.208	-20.1699	975077.9	7.292256	0.998713	0.999671	1.00033	1.00129	4.455359
1960	-441.804	-419.662	-22.142	363723.5	6.092339	0.997893	0.999461	1.00054	1.00211	4.722146
1970	-446.88	-421.912	-24.9681	199037.2	5.341287	0.997152	0.999271	1.00073	1.00285	5.130509
1980	-440.324	-425.403	-14.9212	896863.4	7.188611	0.998658	0.999657	1.00034	1.00134	3.726618
1990	-439.373	-423.495	-15.8778	810990.2	6.58478	0.998589	0.999639	1.00036	1.00141	3.792261
2000	-442.065	-426.483	-15.5811	173343.5	8.15993	0.996949	0.999219	1.00078	1.00305	3.852635
2010	-437.216	-421.271	-15.9445	926737	6.802346	0.99868	0.999662	1.00034	1.00132	3.83208
2020	-428.426	-416.023	-12.4026	575511	9.114276	0.998325	0.999572	1.00043	1.00168	3.48002
2030	-424.706	-416.558	-8.14781	451812.4	11.08872	0.99811	0.999516	1.00048	1.00189	3.024605
2040	-429.401	-418.519	-10.882	19989.4	11.87713	0.991024	0.997689	1.00228	1.009	3.231601
2050	-429.592	-417.499	-12.093	35074.43	9.810733	0.993221	0.998258	1.00173	1.0068	3.434905
2060	-425.786	-413.603	-12.1827	656902.7	8.80641	0.998432	0.999599	1.0004	1.00157	3.454929
2070	-429.982	-419.467	-10.515	783517.1	14.11785	0.998564	0.999633	1.00037	1.00144	3.06493
2080	-431.968	-414.954	-17.014	770431.8	8.924774	0.998552	0.99963	1.00037	1.00145	3.997161
2090	-431.451	-419.753	-11.6981	132517.1	7.605776	0.99651	0.999106	1.00089	1.00349	3.332237
2100	-435.972	-423.942	-12.0302	762882.7	9.660345	0.998545	0.999628	1.00037	1.00146	3.432213
2110	-435.95	-423.187	-12.7629	285569.4	12.87748	0.997622	0.999391	1.00061	1.00238	3.318319
2120	-430.265	-423.555	-6.70967	952301.9	9.227938	0.998698	0.999667	1.00033	1.0013	2.862085
2130	-431.176	-417.519	-13.6562	937616.1	7.552864	0.998688	0.999664	1.00033	1.00131	3.585733
2140	-447.078	-426.459	-20.6194	490052.9	5.371064	0.998185	0.999536	1.00046	1.00182	4.325455
2150	-429.004	-415.646	-13.3578	30460.78	9.615021	0.992726	0.99813	1.00185	1.00729	3.571274
2160	-432.169	-419.811	-12.3577	276159.3	9.362814	0.997582	0.999381	1.00062	1.00242	3.472354
2170	-435.18	-418.844	-16.3358	249041.6	7.550386	0.997454	0.999348	1.00065	1.00255	3.940431
2180	-432.056	-418.755	-13.3002	247625.6	9.359476	0.997447	0.999346	1.00065	1.00256	3.573114
2190	-433.383	-417.792	-15.5911	527265	10.41086	0.99825	0.999552	1.00045	1.00175	3.749571
2200	-431.348	-422.006	-9.34147	352413.6	10.81703	0.99786	0.999452	1.00055	1.00214	3.140268
2210	-428.533	-416.531	-12.0017	312482.1	6.844348	0.997727	0.999418	1.00058	1.00227	3.260948
2220	-426.179	-410.015	-16.1635	746075.9	7.549846	0.998529	0.999624	1.00038	1.00147	3.917596
2230	-426.476	-413.756	-12.7204	170797.9	10.07954	0.996926	0.999213	1.00078	1.00308	3.488705
2240	-431.428	-418.973	-12.4545	633623.1	8.100388	0.998404	0.999592	1.00041	1.0016	3.466598
2250	-425.454	-420.245	-5.20917	916549.4	9.58593	0.998673	0.999661	1.00034	1.00133	2.722225
2260	-429.542	-423.467	-6.07506	979797.9	10.25352	0.998716	0.999672	1.00033	1.00128	2.83309
2270	-436.439	-422.196	-14.2424	242703.8	6.890151	0.997421	0.99934	1.00066	1.00258	3.595093
2280	-433.519	-422.613	-10.9058	197035.2	9.764714	0.997138	0.999267	1.00073	1.00287	3.314558
2290	-430.506	-418.333	-12.1731	619207.1	9.291462	0.998385	0.999587	1.00041	1.00162	3.453521
2300	-435.723	-423.322	-12.4017	87376.37	7.286424	0.995703	0.998898	1.0011	1.0043	3.389331
2310	-439.316	-418.884	-20.4322	444338.1	7.213547	0.998094	0.999512	1.00049	1.00191	4.492859
2320	-429.698	-414.244	-15.4543	5707.303	7.515748	0.983225	0.995653	1.00425	1.01688	3.822034
2330	-430.814	-419.829	-10.985	267637.1	7.614594	0.997544	0.999371	1.00063	1.00246	3.239514
2340	-442.293	-423.197	-19.0959	2786.828	7.339581	0.976025	0.993748	1.00605	1.02418	4.308093
2350	-439.071	-416.905	-22.1669	172.4718	11.07391	0.904939	0.973649	1.02304	1.09837	4.290891
2360	-430.255	-422.423	-7.83225	177157.3	9.330756	0.996982	0.999227	1.00077	1.00302	2.987841
2370	-429.061	-422.766	-6.29483	299056.8	9.9482	0.997677	0.999405	1.00059	1.00233	2.847993
2380	-434.96	-425.963	-8.99795	472186.4	10.58014	0.998151	0.999527	1.00047	1.00185	3.113524
2390	-430.69	-410.885	-19.8045	664814.9	10.50335	0.998441	0.999601	1.0004	1.00156	4.143732
2400	-439.978	-418.083	-21.8948	920588.8	6.092815	0.998676	0.999661	1.00034	1.00133	4.681609
2410	-441.667	-425.032	-16.6341	1025.829	9.050494	0.960597	0.989587	1.00986	1.03996	3.947888
2420	-429.594	-420.584	-9.00988	37561.79	9.039924	0.993449	0.998317	1.00167	1.00657	3.105077
2430	-431.226	-423.018	-8.20824	189714.2	8.386186	0.997083	0.999253	1.00074	1.00292	2.971747
2440	-433.037	-422.776	-10.2616	586170.2	10.72197	0.99834	0.999575	1.00042	1.00166	3.228531
2450	-434.037	-423.429	-10.6075	523615.4	8.986929	0.998244	0.999551	1.00045	1.00176	3.280747
2460	-438.915	-422.763	-16.1518	625179.9	7.884976	0.998393	0.999589	1.00041	1.00161	3.922866
2470	-430.563	-414.198	-16.3647	255309	7.440879	0.997485	0.999356	1.00064	1.00252	3.94046
2480	-430.519	-415.402	-15.1167	330068.9	8.001923	0.997788	0.999434	1.00056	1.00221	3.793972
2490	-428.521	-414.061	-14.4597	227939	6.481748	0.997339	0.999319	1.00068	1.00266	3.556644
2500	-439.214	-424.282	-14.9317	688321.4	9.924391	0.998468	0.999608	1.00039	1.00153	3.717605
2510	-428.062	-420.186	-7.87564	348996.1	8.313751	0.997849	0.99945	1.00055	1.00215	2.924942
2520	-424.298	-414.324	-9.97452	972173.1	10.65954	0.998711	0.99967	1.00033	1.00129	3.203603
2530	-430.099	-417.345	-12.7546	993562	10.92846	0.998725	0.999674	1.00033	1.00128	3.449476
2540	-435.073	-420.97	-14.103	902777.3	12.64466	0.998663	0.999658	1.00034	1.00134	3.441465
2550	-430.599	-417.902	-12.6964	622242.3	8.912703	0.998389	0.999588	1.00041	1.00161	3.513404
2560	-436.537	-423.199	-13.338	372176.9	10.00337	0.997917	0.999467	1.00053	1.00208	3.553512
2570	-428.591	-417.478	-11.1132	570256	9.167898	0.998317	0.99957	1.00043	1.00168	3.338963
2580	-429.385	-419.341	-10.0447	67588.9	8.64871	0.995115	0.998747	1.00124	1.00489	3.205428
2590	-433.338	-421.438	-11.9003	993716.8	8.746475	0.998725	0.999674	1.00033	1.00128	3.421925
2600	-439.417	-423.911	-15.5059	818584	8.747451	0.998595	0.999641	1.00036	1.00141	3.83413
2610	-435.505	-422.749	-12.7561	343754.3	7.653622	0.997833	0.999445	1.00055	1.00217	3.475419
2620	-430.363	-415.176	-15.187	400519.8	6.609014	0.997992	0.999486	1.00051	1.00201	3.691446
2630	-433.116	-417.757	-15.3582	492026.9	11.03309	0.998188	0.999537	1.00046	1.00181	3.679346
2640	-437.581	-423.451	-14.1302	809251.9	8.13423	0.998587	0.999639	1.00036	1.00141	3.674266
2650	-436.358	-422.508	-13.8502	60125.07	9.344631	0.994821	0.998671	1.00132	1.00519	3.632358
2660	-425.277	-416.223	-9.05406	60669.11	10.53871	0.994844	0.998677	1.00131	1.00517	3.119588
2670	-423.135	-416.357	-6.77883	534581.3	12.7196	0.998262	0.999555	1.00044	1.00174	2.85952
2680	-425.897	-421.934	-3.96357	528944.4	11.37222	0.998253	0.999553	1.00045	1.00175	2.64954
2690	-441.839	-422.446	-19.3929	756378.3	5.989703	0.998539	0.999626	1.00037	1.00146	4.253906
2700	-437.948	-425.912	-12.0353	92002.58	8.365342	0.995812	0.998927	1.00107	1.00419	3.427329
2710	-432.787	-419.783	-13.0036	721876.1	8.038574	0.998504	0.999617	1.00038	1.0015	3.53166
2720	-441.121	-427.56	-13.5612	71217.63	10.72756	0.995241	0.998779	1.00121	1.00477	3.535931
2730	-432.697	-422.719	-9.97751	743536	7.720122	0.998526	0.999623	1.00038	1.00147	3.120829
2740	-432.38	-416.896	-15.4834	373290.6	9.297762	0.99792	0.999468	1.00053	1.00208	3.809481
2750	-426.979	-414.491	-12.4883	260268	9.302818	0.99751	0.999363	1.00064	1.00249	3.487274
2760	-431.439	-422.853	-8.58553	344781.1	7.28729	0.997836	0.999446	1.00055	1.00217	2.865772
2770	-431.387	-420.938	-10.4489	964428.2	11.47143	0.998706	0.999669	1.00033	1.00129	3.21523
2780	-423.131	-413.69	-9.44106	899524.5	8.607496	0.99866	0.999657	1.00034	1.00134	3.133287
2790	-429.93	-417.229	-12.701	829421.3	7.863242	0.998605	0.999643	1.00036	1.0014	3.483832
2800	-437.447	-424.327	-13.1202	2243.392	9.425663	0.973292	0.993019	1.00673	1.02696	3.55219
2810	-435.494	-419.165	-16.3294	8685.406	6.29988	0.986394	0.996483	1.00345	1.01367	3.81281
2820	-442.116	-430.488	-11.6278	655302.9	8.290105	0.99843	0.999599	1.0004	1.00157	3.375121
2830	-435.892	-419.944	-15.9488	444362.6	8.285516	0.998094	0.999512	1.00049	1.00191	3.896413
2840	-433.351	-420.335	-13.0162	771921.4	9.993149	0.998554	0.99963	1.00037	1.00145	3.521772
2850	-432.782	-420.79	-11.9926	215692.8	10.75048	0.997264	0.9993	1.0007	1.00274	3.388607
2860	-426.253	-415.375	-10.8785	646529.8	9.790453	0.99842	0.999596	1.0004	1.00158	3.311409
2870	-433.74	-418.244	-15.4966	89965.53	8.327473	0.995765	0.998914	1.00108	1.00424	3.84149
2880	-436.151	-418.393	-17.7584	281626.9	9.806814	0.997606	0.999387	1.00061	1.0024	4.012707
2890	-446.317	-422.478	-23.8395	628613	5.641875	0.998397	0.99959	1.00041	1.0016	4.966706
2900	-439.65	-419.193	-20.4564	364740.2	5.457769	0.997896	0.999462	1.00054	1.00211	4.320533
2910	-427.828	-414.309	-13.5188	813093.3	9.173201	0.998591	0.99964	1.00036	1.00141	3.60124
2920	-431.278	-418.272	-13.0055	897093.1	7.358671	0.998658	0.999657	1.00034	1.00134	3.480398
2930	-430.959	-422.625	-8.3336	784418.7	8.221202	0.998565	0.999633	1.00037	1.00144	2.970891
2940	-431.481	-415.282	-16.1987	173775.7	9.828771	0.996952	0.99922	1.00078	1.00305	3.852124
2950	-430.402	-419.79	-10.6119	739927.2	10.62021	0.998523	0.999622	1.00038	1.00148	3.264736
2960	-425.31	-417.136	-8.17425	476696.5	10.25825	0.99816	0.999529	1.00047	1.00184	3.037809
2970	-428.671	-421.057	-7.61412	969918.3	12.06866	0.99871	0.99967	1.00033	1.00129	2.95011
2980	-432.02	-419.879	-12.1405	611118.6	8.258457	0.998374	0.999584	1.00041	1.00163	3.435625
2990	-440.535	-426.143	-14.3929	768565.3	8.049186	0.99855	0.999629	1.00037	1.00145	3.704745
3000	-425.851	-416.948	-8.90366	122293.9	12.58333	0.996368	0.999069	1.00093	1.00364	3.033267
3010	-429.82	-414.802	-15.0188	791177.3	10.02767	0.998571	0.999635	1.00036	1.00143	3.720008
3020	-428.979	-419.43	-9.54902	332043.8	12.5451	0.997795	0.999436	1.00056	1.00221	3.086559
3030	-422.698	-416.182	-6.51523	820584	10.88905	0.998597	0.999641	1.00036	1.0014	2.878738
3040	-430.226	-419.734	-10.4923	500051.5	8.778632	0.998203	0.99954	1.00046	1.0018	3.262068
3050	-432.643	-419.182	-13.4608	466221.3	8.671212	0.998139	0.999524	1.00047	1.00186	3.600441
3060	-438.164	-421.522	-16.6422	344317.6	6.98756	0.997835	0.999446	1.00055	1.00217	3.951933
3070	-439.484	-420.5	-18.9842	401912.4	8.30618	0.997996	0.999487	1.00051	1.00201	4.261558
3080	-441.681	-421.779	-19.9023	951341.3	10.26344	0.998697	0.999667	1.00033	1.0013	4.1805
3090	-448.711	-422.871	-25.8397	552671.9	8.967256	0.998291	0.999563	1.00044	1.00171	4.978964
3100	-450.228	-430.24	-19.9884	1975.962	8.389521	0.971551	0.992552	1.00716	1.02874	4.376207
3110	-448.894	-428.893	-20.0011	25216.39	6.349192	0.992007	0.997944	1.00203	1.00802	4.400459
3120	-456.066	-437.562	-18.5038	622985.5	7.194115	0.99839	0.999588	1.00041	1.00161	4.225108
3130	-434.505	-419.599	-14.9065	671000.7	9.022867	0.998449	0.999603	1.0004	1.00155	3.757935
3140	-431.768	-418.827	-12.9418	678857.5	7.274644	0.998458	0.999606	1.00039	1.00154	3.462046
3150	-430.854	-421.051	-9.8031	346845.2	12.11157	0.997843	0.999448	1.00055	1.00216	3.129355
3160	-433.243	-427.216	-6.02637	483259	13.06467	0.998172	0.999532	1.00047	1.00183	2.788728
3170	-436.206	-419.921	-16.285	114846.2	6.069875	0.996252	0.999039	1.00096	1.00375	3.755342
3180	-442.093	-426.729	-15.3643	182441.2	9.130232	0.997026	0.999238	1.00076	1.00298	3.804288
3190	-444.932	-433.285	-11.6473	975236.3	10.30808	0.998713	0.999671	1.00033	1.00129	3.374593
3200	-441.698	-423.32	-18.3777	830037	7.893519	0.998605	0.999643	1.00036	1.0014	4.204924
3210	-434.151	-420.157	-13.9931	66558.42	8.316632	0.995077	0.998737	1.00125	1.00493	3.6608
3220	-424.444	-410.442	-14.0024	529504.2	10.11572	0.998254	0.999553	1.00045	1.00175	3.61393
3230	-428.871	-415.807	-13.0646	286391.5	9.321123	0.997626	0.999392	1.00061	1.00238	3.548819
3240	-435.813	-420.15	-15.6633	982787.5	5.659357	0.998718	0.999672	1.00033	1.00128	3.52407
3250	-440.228	-425.232	-14.9959	599150.1	7.786381	0.998358	0.99958	1.00042	1.00164	3.773291
3260	-428.978	-416.286	-12.6918	781625.6	7.14236	0.998563	0.999632	1.00037	1.00144	3.410083
3270	-429.203	-413.655	-15.5473	462597.3	8.478085	0.998132	0.999522	1.00048	1.00187	3.845441
3280	-433.486	-417.3	-16.1864	584420.4	9.578327	0.998338	0.999575	1.00042	1.00166	3.867857
3290	-436.923	-419.607	-17.3163	548824	8.982643	0.998285	0.999561	1.00044	1.00172	4.027519
3300	-446.347	-424.206	-22.1414	482498.3	7.934009	0.998171	0.999532	1.00047	1.00183	4.678103
3310	-439.537	-422.602	-16.9344	396482.1	8.126113	0.997982	0.999484	1.00051	1.00202	4.019167
3320	-442.53	-428.16	-14.3696	358981.5	9.095822	0.997879	0.999457	1.00054	1.00212	3.696386
3330	-439.828	-422.537	-17.2909	87902.7	9.843802	0.995716	0.998902	1.00109	1.00429	3.962003
3340	-432.375	-417.571	-14.8048	227411.2	10.01663	0.997336	0.999318	1.00068	1.00267	3.699336
3350	-441.461	-424.34	-17.121	897214.5	9.536192	0.998658	0.999657	1.00034	1.00134	3.96858
3360	-436.941	-420.418	-16.5229	44397.05	5.822963	0.993974	0.998453	1.00153	1.00604	3.728574
3370	-424.463	-416.618	-7.84529	18374.53	10.59639	0.990638	0.997589	1.00238	1.00939	3.004443
3380	-425.808	-420.404	-5.4036	8859.42	15.00858	0.986528	0.996519	1.00342	1.01354	2.665122
3390	-432.348	-420.711	-11.6363	583339.2	6.492002	0.998336	0.999574	1.00042	1.00166	3.123852
3400	-434.022	-423.835	-10.1872	945585.5	9.575944	0.998693	0.999666	1.00033	1.00131	3.241526
3410	-423.309	-416.537	-6.77185	640345.7	11.14408	0.998412	0.999594	1.00041	1.00159	2.899863
3420	-427.085	-419.725	-7.36021	492989.1	10.71619	0.99819	0.999537	1.00046	1.00181	2.957974
3430	-435.032	-423.965	-11.0675	129631.6	8.552555	0.996472	0.999096	1.0009	1.00353	3.320166
3440	-425.358	-413.817	-11.5408	45344.27	8.49727	0.994037	0.998469	1.00152	1.00598	3.373576
3450	-437.08	-423.347	-13.7329	526553.2	6.933979	0.998249	0.999552	1.00045	1.00175	3.527797
3460	-431.016	-419.429	-11.5867	824129.5	8.269673	0.9986	0.999642	1.00036	1.0014	3.369136
3470	-440.236	-424.921	-15.3157	931809.4	7.552908	0.998684	0.999663	1.00034	1.00132	3.805451
3480	-426.695	-414.664	-12.0303	371426.4	8.826163	0.997915	0.999467	1.00053	1.00209	3.437862
3490	-427.195	-416.542	-10.6527	992494.5	9.303883	0.998724	0.999674	1.00033	1.00128	3.289972
3500	-438.124	-429.647	-8.47675	361768.9	10.42646	0.997887	0.999459	1.00054	1.00211	3.066064
3510	-436.613	-421.285	-15.3274	511821.8	9.148515	0.998224	0.999546	1.00045	1.00178	3.799473
3520	-427.111	-413.808	-13.3033	451266.8	8.908046	0.998108	0.999516	1.00048	1.00189	3.58154
3530	-435.498	-419.769	-15.7288	719397	6.175763	0.998502	0.999617	1.00038	1.0015	3.689881
3540	-443.809	-425.761	-18.0485	116356.3	8.861619	0.996276	0.999046	1.00095	1.00373	4.11737
3550	-432.916	-419.838	-13.0777	686788.9	11.25163	0.998467	0.999608	1.00039	1.00153	3.458841
3560	-433.751	-428.343	-5.40816	234957.9	15.55428	0.997379	0.999329	1.00067	1.00262	2.640668
3570	-431.396	-417.605	-13.7901	862752.5	10.22706	0.998632	0.99965	1.00035	1.00137	3.586975
3580	-434.474	-421.949	-12.5252	85277.82	11.32615	0.995651	0.998885	1.00111	1.00436	3.405217
3590	-445.859	-425.436	-20.4232	757251.5	5.50248	0.99854	0.999627	1.00037	1.00146	4.326699
3600	-436.031	-419.274	-16.7569	294472.7	8.319369	0.997659	0.999401	1.0006	1.00234	3.993057
3610	-437.729	-423.016	-14.713	557699.9	8.186338	0.998298	0.999565	1.00043	1.0017	3.746542
3620	-440.537	-422.82	-17.717	458795.8	6.948397	0.998124	0.99952	1.00048	1.00188	4.103315
3630	-429.024	-421.19	-7.83334	527708.5	10.72487	0.998251	0.999553	1.00045	1.00175	3.002024
3640	-431.1	-421.385	-9.71497	281511.1	10.55956	0.997605	0.999387	1.00061	1.0024	3.181799
3650	-431.399	-419.517	-11.882	557619.2	8.415708	0.998298	0.999565	1.00043	1.0017	3.410933
3660	-443.669	-427.954	-15.7145	312495.4	8.101906	0.997727	0.999418	1.00058	1.00227	3.869055
3670	-426.721	-414.048	-12.6727	122037.3	11.04893	0.996364	0.999068	1.00093	1.00364	3.435009
3680	-427.847	-415.134	-12.713	684040.3	8.728136	0.998464	0.999607	1.00039	1.00154	3.514707
3690	-446.035	-423.865	-22.1704	925347	7.52546	0.998679	0.999662	1.00034	1.00132	4.714953
3700	-439.964	-421.71	-18.2541	985026.5	7.515269	0.99872	0.999673	1.00033	1.00128	4.194565
3710	-436.46	-416.058	-20.4013	907137.1	7.03195	0.998666	0.999659	1.00034	1.00133	4.490005
3720	-435.759	-416.632	-19.1262	439408.8	7.499369	0.998083	0.99951	1.00049	1.00192	4.310846
3730	-432.464	-414.94	-17.5234	600105.9	9.180322	0.99836	0.99958	1.00042	1.00164	4.037293
3740	-425.577	-415.123	-10.4535	681824.3	8.735667	0.998461	0.999606	1.00039	1.00154	3.256109
3750	-427.679	-415.935	-11.7436	967519.2	10.03635	0.998708	0.99967	1.00033	1.00129	3.39313
3760	-431.218	-418.891	-12.3268	185365.7	10.08441	0.997049	0.999244	1.00075	1.00295	3.449477
3770	-430.94	-418.183	-12.7569	97326.71	9.045075	0.995929	0.998956	1.00104	1.00408	3.51954
3780	-443.432	-423.276	-20.1555	403414.2	7.445057	0.997999	0.999488	1.00051	1.002	4.449794
3790	-434.564	-424.433	-10.131	473459	9.35378	0.998153	0.999528	1.00047	1.00185	3.234449
3800	-435.035	-419.422	-15.6131	250052.5	7.999661	0.997459	0.99935	1.00065	1.00254	3.855997
3810	-437.575	-421.605	-15.97	533534.7	7.957926	0.99826	0.999555	1.00044	1.00174	3.900419
3820	-439.525	-426.891	-12.6348	492867.5	8.888987	0.99819	0.999537	1.00046	1.00181	3.506488
3830	-436.145	-421.977	-14.1682	263318.6	7.685233	0.997524	0.999366	1.00063	1.00248	3.661752
3840	-428.967	-416.443	-12.5232	137663.8	10.42675	0.996576	0.999123	1.00087	1.00343	3.454145
3850	-436.158	-418.009	-18.1496	104279.3	5.871266	0.996066	0.998992	1.001	1.00394	4.019735
3860	-433.305	-418.356	-14.949	624689.8	7.936205	0.998392	0.999589	1.00041	1.00161	3.771622
3870	-429.594	-414.388	-15.2065	654934.4	7.363071	0.99843	0.999598	1.0004	1.00157	3.779793
3880	-438.664	-419.337	-19.3267	412074.9	9.466886	0.998021	0.999494	1.00051	1.00198	4.206662
3890	-438.643	-424.524	-14.1191	517573.3	11.29758	0.998234	0.999548	1.00045	1.00177	3.548046
3900	-433.049	-419.425	-13.6233	407913.1	6.84744	0.99801	0.999491	1.00051	1.00199	3.498377
3910	-435.094	-417.739	-17.3548	626355.2	10.38633	0.998394	0.999589	1.00041	1.00161	3.921214
3920	-424.233	-414.116	-10.1176	403905.6	10.61773	0.998001	0.999488	1.00051	1.002	3.218269
3930	-433.049	-423.31	-9.73886	182761.5	10.2377	0.997028	0.999239	1.00076	1.00297	3.190673
3940	-442.131	-425.741	-16.3899	948465.7	8.421201	0.998695	0.999666	1.00033	1.00131	3.946438
3950	-431.432	-412.151	-19.2807	878247.4	6.288096	0.998644	0.999653	1.00035	1.00136	4.279849
3960	-431.567	-420.152	-11.4158	691263.4	9.54944	0.998472	0.999609	1.00039	1.00153	3.370154
3970	-423.41	-413.919	-9.49082	96709.46	9.686738	0.995916	0.998953	1.00104	1.00409	3.169464
3980	-429.585	-417.656	-11.9295	44179.54	8.519792	0.993959	0.998449	1.00154	1.00605	3.420006
3990	-428.531	-419.302	-9.22879	81832.2	10.47281	0.99556	0.998862	1.00113	1.00445	3.137395
4000	-425.608	-415.225	-10.3838	978213.1	8.909507	0.998715	0.999671	1.00033	1.00129	3.25384
4010	-436.06	-421.07	-14.9896	782673.3	7.753375	0.998564	0.999633	1.00037	1.00144	3.771315
4020	-420.932	-412.561	-8.37108	973887.6	11.75654	0.998712	0.999671	1.00033	1.00129	3.024579
4030	-425.282	-415.6	-9.68258	216412.2	8.817235	0.997269	0.999301	1.0007	1.00273	3.171493
4040	-440.632	-426.516	-14.1159	289349.7	10.5773	0.997638	0.999395	1.0006	1.00236	3.597432
4050	-439.455	-425.145	-14.3098	663360.3	8.357699	0.99844	0.999601	1.0004	1.00156	3.699171
4060	-435.58	-427.861	-7.719	131591.7	10.98215	0.996498	0.999103	1.00089	1.00351	2.987831
4070	-421.629	-409.398	-12.2306	598707.1	8.262893	0.998358	0.99958	1.00042	1.00164	3.446717
4080	-424.354	-412.638	-11.7158	535850.2	9.244081	0.998264	0.999556	1.00044	1.00174	3.404532
4090	-430.232	-417.844	-12.3876	941702.8	9.730934	0.99869	0.999665	1.00033	1.00131	3.46729
4100	-430.22	-416.765	-13.4548	372674.2	8.582672	0.997919	0.999467	1.00053	1.00208	3.599485
4110	-445.689	-429.84	-15.8484	443535.1	7.022169	0.998092	0.999512	1.00049	1.00191	3.841642
4120	-444.422	-422.53	-21.8919	510087.3	7.486661	0.998221	0.999545	1.00045	1.00178	4.680448
4130	-436.14	-421.097	-15.0434	796114.6	8.974302	0.998576	0.999636	1.00036	1.00142	3.774767
4140	-442.813	-424.691	-18.1217	587565.3	9.976036	0.998342	0.999576	1.00042	1.00166	4.034261
4150	-436.493	-422.995	-13.498	842275.4	7.8517	0.998615	0.999646	1.00035	1.00139	3.584582
4160	-429.118	-417.184	-11.9338	941987	7.346387	0.998691	0.999665	1.00033	1.00131	3.333159
4170	-430.353	-421.587	-8.76546	497830.7	11.94618	0.998199	0.999539	1.00046	1.0018	3.050607
4180	-435.87	-420.141	-15.7292	209646.3	9.170395	0.997225	0.99929	1.00071	1.00278	3.842344
4190	-427.788	-415.227	-12.5613	356984.6	10.35836	0.997873	0.999456	1.00054	1.00213	3.460987
4200	-419.135	-411.824	-7.31151	536758.1	10.11886	0.998266	0.999556	1.00044	1.00174	2.952533
4210	-430.639	-416.962	-13.6768	740352.6	6.405904	0.998523	0.999622	1.00038	1.00148	3.418285
4220	-433.129	-420.466	-12.6622	475214.1	8.343445	0.998157	0.999528	1.00047	1.00184	3.50161
4230	-447.117	-430.097	-17.02	481749.6	6.22319	0.998169	0.999532	1.00047	1.00183	3.908286
4240	-445.47	-431.558	-13.9114	298091.2	8.679525	0.997673	0.999404	1.00059	1.00233	3.652359
4250	-428.834	-420.628	-8.20629	526767.5	8.106446	0.998249	0.999552	1.00045	1.00175	2.942851
4260	-433.306	-420.861	-12.4454	865070.3	9.415187	0.998634	0.999651	1.00035	1.00137	3.4808
4270	-421.64	-411.769	-9.87108	104900.6	10.03262	0.996078	0.998995	1.001	1.00393	3.206603
4280	-421.839	-413.301	-8.53742	286859.2	11.04084	0.997628	0.999393	1.00061	1.00237	3.060943
4290	-425.601	-417.349	-8.25209	287758.9	9.509011	0.997631	0.999394	1.0006	1.00237	3.037908
4300	-433.925	-423.457	-10.4687	824466.6	10.52256	0.9986	0.999642	1.00036	1.0014	3.254312
4310	-445.031	-427.638	-17.393	984796.6	6.316206	0.998719	0.999673	1.00033	1.00128	3.984345
4320	-435.142	-422.276	-12.8655	178061.6	8.193484	0.996989	0.999229	1.00077	1.00301	3.521124
4330	-441.261	-422.928	-18.3329	372533.6	6.279546	0.997918	0.999467	1.00053	1.00208	4.127868
4340	-425.472	-418.098	-7.374	120020	11.60787	0.996333	0.99906	1.00093	1.00367	2.943802
4350	-429.982	-419.021	-10.9607	107365.8	10.81827	0.996123	0.999007	1.00099	1.00388	3.289914
4360	-437.182	-420.844	-16.3385	237631.4	6.9122	0.997394	0.999333	1.00066	1.00261	3.901485
4370	-440.525	-419.353	-21.1716	883281.8	8.365643	0.998648	0.999654	1.00035	1.00135	4.519459
4380	-430.826	-416.288	-14.5382	674514.6	9.457273	0.998453	0.999604	1.00039	1.00155	3.701274
4390	-437.51	-424.758	-12.7521	544283.2	7.265037	0.998278	0.999559	1.00044	1.00172	3.434783
4400	-428.739	-416.817	-11.9224	117781.3	8.52496	0.996299	0.999052	1.00094	1.00371	3.419334
4410	-426.854	-414.316	-12.5378	496534.9	6.471728	0.998197	0.999539	1.00046	1.0018	3.257604
4420	-424.835	-412.569	-12.2654	311000.4	11.37565	0.997722	0.999417	1.00058	1.00228	3.379342
4430	-426.191	-414.946	-11.2441	793421.8	8.542359	0.998573	0.999635	1.00036	1.00143	3.340426
4440	-443.174	-421.822	-21.3521	86459.58	9.321741	0.99568	0.998893	1.0011	1.00433	4.437855
4450	-440.746	-420.866	-19.8794	390315	6.91662	0.997966	0.99948	1.00052	1.00204	4.41386
4460	-448.599	-429.046	-19.553	287358.5	6.206172	0.99763	0.999393	1.0006	1.00237	4.313131
4470	-427.523	-415.739	-11.7847	357483.9	8.862907	0.997875	0.999456	1.00054	1.00213	3.410539
4480	-443.325	-429.206	-14.119	830717.7	6.792312	0.998606	0.999643	1.00036	1.00139	3.562105
4490	-431.722	-414.526	-17.1955	394968.9	6.155351	0.997978	0.999483	1.00052	1.00202	3.923311
4500	-441.57	-423.672	-17.898	109996.3	11.8169	0.99617	0.999018	1.00098	1.00384	3.828622
4510	-441.531	-427.644	-13.8868	190552.2	8.625741	0.99709	0.999255	1.00074	1.00291	3.649743
4520	-437.325	-418.435	-18.8895	15319.01	9.751086	0.989749	0.997358	1.0026	1.01029	4.133496
4530	-431.945	-420.54	-11.4049	844122.3	7.551205	0.998617	0.999646	1.00035	1.00138	3.287464
4540	-440.242	-424.469	-15.773	389605.3	8.652609	0.997964	0.999479	1.00052	1.00204	3.867637
4550	-430.771	-417.466	-13.3046	147131.5	8.479168	0.996688	0.999152	1.00084	1.00332	3.580926
4560	-447.132	-423.474	-23.6583	400940.6	5.416262	0.997993	0.999487	1.00051	1.00201	4.899828
4570	-435.414	-414.703	-20.7112	302819	6.538363	0.997691	0.999409	1.00059	1.00231	4.524146
4580	-443.75	-421.845	-21.9051	216357.8	6.922329	0.997269	0.999301	1.0007	1.00273	4.706619
4590	-432.798	-421.658	-11.1399	322026.3	9.745577	0.997761	0.999427	1.00057	1.00224	3.338836
4600	-431.615	-418.643	-12.9717	631535.7	10.98414	0.998401	0.999591	1.00041	1.0016	3.466004
4610	-430.352	-420.978	-9.37406	85552.91	9.829351	0.995658	0.998887	1.00111	1.00435	3.157766
4620	-434.677	-420.22	-14.4573	530972.4	10.05134	0.998256	0.999554	1.00045	1.00174	3.662656
4630	-436.768	-423.293	-13.475	133564.3	7.311293	0.996524	0.99911	1.00089	1.00348	3.539312
4640	-445.534	-429.905	-15.6286	35155.45	8.975721	0.993229	0.99826	1.00172	1.00679	3.839917
4650	-448.602	-434.123	-14.479	213483.3	9.896155	0.99725	0.999296	1.0007	1.00275	3.673537
4660	-453.569	-432.452	-21.1172	111639.3	9.491484	0.996198	0.999026	1.00097	1.00381	4.39291
4670	-422.328	-415.821	-6.50749	150410.6	11.41391	0.996724	0.999161	1.00084	1.00328	2.87259
4680	-436.184	-424.691	-11.4933	23980.77	7.648504	0.991804	0.997892	1.00208	1.00822	3.309889
4690	-438.955	-425.911	-13.0444	436541.9	8.187521	0.998077	0.999508	1.00049	1.00192	3.542758
4700	-433.839	-417.865	-15.9741	142138	8.092619	0.99663	0.999137	1.00086	1.00337	3.901124
4710	-434.206	-419.988	-14.2173	45277.4	9.351238	0.994033	0.998468	1.00152	1.00598	3.6714
4720	-441.855	-424.815	-17.04	14833.98	7.732887	0.989583	0.997315	1.00265	1.01046	4.035697
4730	-435.708	-421.593	-14.115	329995.5	10.0567	0.997788	0.999434	1.00056	1.00221	3.628311
4740	-427.392	-419.924	-7.46711	416057	10.91218	0.99803	0.999496	1.0005	1.00197	2.96586
4750	-435.646	-419.525	-16.1216	556525.7	7.551865	0.998297	0.999564	1.00043	1.0017	3.912108
4760	-423.003	-411.204	-11.7991	292130.1	7.383159	0.997649	0.999398	1.0006	1.00235	3.319643
4770	-438.054	-424.224	-13.8301	50311.12	8.250484	0.994339	0.998547	1.00144	1.00567	3.640061
4780	-432.869	-418.597	-14.2724	438280.6	7.33914	0.998081	0.999509	1.00049	1.00192	3.65086
4790	-437.335	-424.935	-12.4003	132174.7	9.756797	0.996506	0.999105	1.00089	1.0035	3.467846
4800	-431.307	-417.043	-14.2636	168556.3	7.305115	0.996906	0.999208	1.00079	1.0031	3.646606
4810	-430.729	-420.347	-10.3818	310074.5	10.54763	0.997718	0.999416	1.00058	1.00228	3.245311
4820	-424.099	-414.227	-9.87197	639781.2	8.557162	0.998411	0.999594	1.00041	1.00159	3.180633
4830	-439.573	-423.879	-15.6942	211662.1	7.068155	0.997238	0.999293	1.0007	1.00276	3.824007
4840	-432.26	-414.059	-18.201	341037	9.380202	0.997824	0.999443	1.00056	1.00218	4.095018
4850	-430.319	-416.592	-13.7266	192323.7	14.72354	0.997103	0.999258	1.00074	1.0029	3.242901
4860	-423.625	-413.082	-10.5438	145970.9	9.586587	0.996675	0.999148	1.00085	1.00333	3.278732
4870	-427.045	-416.371	-10.6743	382709.5	8.746757	0.997946	0.999474	1.00052	1.00206	3.281758
4880	-438.243	-420.4	-17.8433	263962.8	12.21584	0.997527	0.999367	1.00063	1.00248	3.782269
4890	-425.32	-414.827	-10.4922	958138.4	12.59395	0.998702	0.999668	1.00033	1.0013	3.158885
4900	-426.78	-414.235	-12.5452	521566.9	9.496553	0.99824	0.99955	1.00045	1.00176	3.489666
4910	-450.085	-425.6	-24.4853	294111.7	5.789203	0.997657	0.9994	1.0006	1.00234	5.093712
4920	-435.443	-422.445	-12.9984	647211.5	7.671301	0.99842	0.999596	1.0004	1.00158	3.508459
4930	-436.73	-419.962	-16.7676	417203.8	6.991917	0.998033	0.999497	1.0005	1.00197	3.970213
4940	-433.757	-416.946	-16.8113	2455.303	6.645802	0.974465	0.993332	1.00644	1.02577	3.941877
4950	-439.959	-425.44	-14.5193	167800.9	8.180585	0.996899	0.999206	1.00079	1.0031	3.722802
4960	-432.728	-423.191	-9.53741	802415.3	11.13513	0.998581	0.999637	1.00036	1.00142	3.148337
4970	-438.699	-421.581	-17.1177	109241.1	10.22607	0.996157	0.999015	1.00098	1.00385	3.91243
4980	-426.1	-413.024	-13.0754	718818.2	10.08057	0.998501	0.999617	1.00038	1.0015	3.523874
4990	-431.098	-420.972	-10.126	816612.7	10.74013	0.998594	0.99964	1.00036	1.00141	3.215311
5000	-436.788	-424.506	-12.283	553340	11.51966	0.998292	0.999563	1.00044	1.00171	3.37216
5010	-430.935	-417.014	-13.9209	524728.3	7.445654	0.998246	0.999551	1.00045	1.00176	3.612426
5020	-426.922	-414.247	-12.6748	726487.1	9.234716	0.998509	0.999619	1.00038	1.00149	3.508409
5030	-429.368	-417.155	-12.2126	930421.4	11.25896	0.998683	0.999663	1.00034	1.00132	3.381529
5040	-426.891	-414.38	-12.5108	112436.6	7.165667	0.996212	0.999029	1.00097	1.00379	3.388093
5050	-433.919	-421.03	-12.8888	265871.2	9.678122	0.997536	0.999369	1.00063	1.00247	3.520529
5060	-434.181	-426.725	-7.45625	142124	10.05858	0.99663	0.999137	1.00086	1.00337	2.966212
5070	-445.229	-427.383	-17.8464	771247.8	9.460953	0.998553	0.99963	1.00037	1.00145	4.050773
5080	-436.617	-424.369	-12.2477	581928.6	9.301316	0.998334	0.999574	1.00043	1.00167	3.461433
5090	-436.149	-422.487	-13.6618	172149	11.7427	0.996938	0.999216	1.00078	1.00307	3.475627
5100	-436.912	-421.283	-15.6288	215266.9	8.74098	0.997262	0.999299	1.0007	1.00274	3.848382
5110	-452.032	-426.63	-25.4019	57483.66	4.349911	0.994703	0.998641	1.00135	1.00531	4.88753
5120	-430.443	-417.051	-13.3923	181386.1	9.698338	0.997017	0.999236	1.00076	1.00299	3.571789
5130	-429.835	-417.874	-11.9613	678295.5	8.656799	0.998457	0.999605	1.00039	1.00154	3.427202
5140	-429.983	-422.234	-7.74915	773947.2	13.24183	0.998556	0.999631	1.00037	1.00145	2.91241
5150	-446.269	-432.319	-13.9502	345043.8	8.186614	0.997837	0.999446	1.00055	1.00216	3.65336
5160	-438.464	-424.806	-13.6587	38292.15	7.407012	0.993512	0.998333	1.00165	1.0065	3.573732
5170	-432.427	-422.24	-10.1871	309603.6	11.19464	0.997716	0.999416	1.00058	1.00229	3.204285
5180	-442.581	-422.742	-19.8382	197445.3	9.212851	0.997141	0.999268	1.00073	1.00286	4.286265
5190	-433.977	-419.402	-14.5753	165775.7	10.15875	0.99688	0.999201	1.0008	1.00312	3.667962
5200	-426.771	-417.053	-9.71821	910475.1	10.1497	0.998668	0.999659	1.00034	1.00133	3.189968
5210	-440.194	-425.12	-15.0733	689204.7	6.772216	0.998469	0.999609	1.00039	1.00153	3.699749
5220	-429.272	-416.52	-12.7524	494610	7.436339	0.998193	0.999538	1.00046	1.00181	3.454513
5230	-427.261	-416.806	-10.4544	795993.3	8.405248	0.998576	0.999636	1.00036	1.00143	3.240699
5240	-437.913	-418.885	-19.0277	743828.8	7.636487	0.998527	0.999623	1.00038	1.00147	4.295248
5250	-432.421	-417.759	-14.6619	599008.3	7.560447	0.998358	0.99958	1.00042	1.00164	3.719334
5260	-430.761	-416.222	-14.5395	859461.4	10.0425	0.998629	0.999649	1.00035	1.00137	3.671351
5270	-442.195	-424.309	-17.8857	351825.8	12.26127	0.997858	0.999452	1.00055	1.00214	3.780963
5280	-431.816	-420.907	-10.9096	318221.3	11.23432	0.997748	0.999424	1.00057	1.00225	3.266967
5290	-428.901	-414.384	-14.5171	136951.6	6.887374	0.996567	0.999121	1.00088	1.00344	3.634575
5300	-430.183	-416.195	-13.9872	97905.91	10.10361	0.995941	0.998959	1.00103	1.00407	3.613088
5310	-424.148	-413.011	-11.137	541861	9.421543	0.998274	0.999558	1.00044	1.00173	3.3418
5320	-435.029	-420.693	-14.3359	907790.7	12.89355	0.998666	0.999659	1.00034	1.00133	3.439118
5330	-431.621	-415.899	-15.7213	785403.3	6.616279	0.998566	0.999633	1.00037	1.00143	3.773405
5340	-436.281	-422.609	-13.6719	582514.1	8.542401	0.998335	0.999574	1.00042	1.00167	3.624637
5350	-444.996	-427.894	-17.1014	182659.4	9.747071	0.997027	0.999239	1.00076	1.00298	3.950437
5360	-447.709	-427.877	-19.8323	349183.3	6.704905	0.99785	0.99945	1.00055	1.00215	4.399507
5370	-435.359	-416.592	-18.7673	183236	8.045554	0.997032	0.99924	1.00076	1.00297	4.248365
5380	-440.583	-424.506	-16.0764	499637.7	7.889517	0.998202	0.99954	1.00046	1.0018	3.913353
5390	-432.64	-416.927	-15.713	422042.4	12.76531	0.998044	0.9995	1.0005	1.00196	3.557714
5400	-439.03	-421.578	-17.4524	528500.4	6.975522	0.998252	0.999553	1.00045	1.00175	4.067085
5410	-434.985	-419.967	-15.0181	415835.1	7.541981	0.99803	0.999496	1.0005	1.00197	3.765459
5420	-427.208	-416.163	-11.0453	306179.8	10.27769	0.997704	0.999412	1.00059	1.0023	3.317111
5430	-422.434	-411.542	-10.8919	600425.6	7.94513	0.99836	0.999581	1.00042	1.00164	3.261191
5440	-420.832	-409.174	-11.6582	829338.7	7.861019	0.998605	0.999643	1.00036	1.0014	3.351032
5450	-424.091	-410.974	-13.1168	243092.2	6.802474	0.997423	0.99934	1.00066	1.00258	3.416411
5460	-429.054	-417.144	-11.9094	109587.6	9.119836	0.996163	0.999017	1.00098	1.00384	3.425904
5470	-430.242	-422.259	-7.98325	304886.9	11.45018	0.997699	0.999411	1.00059	1.0023	3.000886
5480	-433.851	-422.929	-10.9218	257999.8	11.6178	0.997499	0.99936	1.00064	1.0025	3.248919
5490	-431.187	-417.282	-13.9046	853705.6	9.108412	0.998625	0.999648	1.00035	1.00138	3.644956
5500	-439.536	-422.363	-17.1729	715356.9	6.59877	0.998498	0.999616	1.00038	1.0015	3.990687
5510	-434.377	-417.47	-16.9068	253488.1	5.613279	0.997476	0.999354	1.00064	1.00253	3.72811
5520	-426.841	-414.744	-12.0972	686444.6	8.272917	0.998466	0.999608	1.00039	1.00153	3.431014
5530	-428.73	-416.755	-11.9751	742078.1	10.29396	0.998525	0.999623	1.00038	1.00148	3.406951
5540	-432.807	-419.197	-13.6099	145700.2	7.351959	0.996672	0.999147	1.00085	1.00333	3.561864
5550	-436.138	-415.371	-20.7674	76805.54	7.272145	0.995417	0.998825	1.00117	1.00459	4.537857
5560	-435.889	-419.852	-16.0373	673852	6.385061	0.998452	0.999604	1.0004	1.00155	3.782935
5570	-442.009	-423.547	-18.4621	719096.8	6.592818	0.998501	0.999617	1.00038	1.0015	4.185489
5580	-436.91	-420.778	-16.1325	974327.9	8.790017	0.998713	0.999671	1.00033	1.00129	3.904099
5590	-427.131	-417.62	-9.51064	715968.5	12.38939	0.998498	0.999616	1.00038	1.0015	3.091499
5600	-427.033	-416.193	-10.84	58378.22	12.45064	0.994744	0.998651	1.00134	1.00527	3.195152
5610	-437.946	-424.227	-13.7197	558669.5	9.941801	0.9983	0.999565	1.00043	1.0017	3.594649
5620	-440.264	-425.089	-15.175	224099.4	7.894734	0.997316	0.999313	1.00068	1.00269	3.799218
5630	-436.067	-421.502	-14.5649	101110.6	6.644456	0.996005	0.998976	1.00102	1.004	3.603633
5640	-427.416	-417.292	-10.1245	178394.7	9.117536	0.996992	0.99923	1.00077	1.00301	3.230135
5650	-431.857	-418.943	-12.9138	261014.7	9.733089	0.997513	0.999363	1.00063	1.00249	3.521291
5660	-431.434	-421.686	-9.74761	251003.3	9.044565	0.997464	0.999351	1.00065	1.00254	3.186821
5670	-427.8	-417.414	-10.3859	616559.9	9.772536	0.998382	0.999586	1.00041	1.00162	3.261252
5680	-432.496	-415.758	-16.7381	377304.4	7.544661	0.997931	0.999471	1.00053	1.00207	3.993574
5690	-436.652	-418.478	-18.1746	317897.8	8.050056	0.997746	0.999423	1.00057	1.00226	4.174545
5700	-431.227	-418.154	-13.073	134747.5	8.354071	0.996539	0.999113	1.00088	1.00346	3.551111
5710	-432.396	-415.651	-16.7455	667556.1	10.1939	0.998445	0.999602	1.0004	1.00156	3.878698
5720	-429.7	-415.886	-13.8139	677535.4	9.902355	0.998456	0.999605	1.00039	1.00154	3.606034
5730	-422.372	-413.048	-9.32402	341282.8	10.2597	0.997825	0.999443	1.00055	1.00218	3.149873
5740	-429.395	-415.404	-13.9915	971253.7	10.47396	0.998711	0.99967	1.00033	1.00129	3.59209
5750	-423.731	-412.482	-11.2487	770153.2	7.962918	0.998552	0.99963	1.00037	1.00145	3.307545
5760	-429.768	-414.023	-15.7444	614368.4	6.784353	0.998379	0.999585	1.00041	1.00162	3.800396
5770	-438.844	-430.151	-8.69225	72904.31	10.57873	0.995296	0.998794	1.0012	1.00471	3.084651
5780	-429.244	-412.151	-17.0934	187873.8	11.9669	0.997069	0.999249	1.00075	1.00293	3.745672
5790	-441.821	-426.351	-15.4705	391757.5	6.491949	0.99797	0.999481	1.00052	1.00203	3.714438
5800	-431.235	-418.785	-12.4502	766671.4	10.55257	0.998549	0.999629	1.00037	1.00145	3.441166
5810	-437.942	-423.285	-14.6576	251299	11.16879	0.997466	0.999351	1.00065	1.00254	3.6056
5820	-439.269	-417.855	-21.414	584339.1	4.959027	0.998338	0.999575	1.00042	1.00166	4.330565
5830	-426.252	-420.024	-6.22803	608633.9	10.01235	0.998371	0.999583	1.00042	1.00163	2.842978
5840	-428.063	-418.355	-9.70836	144579.3	9.98871	0.996659	0.999144	1.00085	1.00334	3.190797
5850	-432.812	-416.039	-16.7726	213015.1	5.847488	0.997247	0.999295	1.0007	1.00276	3.778513
5860	-432.806	-422.32	-10.4863	231801.6	11.43061	0.997361	0.999324	1.00067	1.00264	3.220406
5870	-425.468	-415.081	-10.3872	224177.3	9.45795	0.997317	0.999313	1.00068	1.00269	3.262355
5880	-439.568	-420.161	-19.4063	515966.5	5.694904	0.998231	0.999547	1.00045	1.00177	4.194368
5890	-425.453	-414.506	-10.9473	560685.8	9.596683	0.998303	0.999566	1.00043	1.0017	3.320734
5900	-443.663	-428.308	-15.3547	307477.6	9.374288	0.997709	0.999414	1.00058	1.00229	3.791881
5910	-432.694	-426.829	-5.86466	169862.1	9.285909	0.996918	0.999211	1.00079	1.00309	2.774226
5920	-432.913	-415.624	-17.2888	148911.1	11.12334	0.996708	0.999157	1.00084	1.0033	3.845602
5930	-431.397	-419.076	-12.3211	572914.6	11.20417	0.998321	0.999571	1.00043	1.00168	3.394364
5940	-438.594	-429.598	-8.9962	144202.6	10.45315	0.996655	0.999143	1.00085	1.00335	3.115489
5950	-429.491	-419.138	-10.3524	900032.3	11.62183	0.99866	0.999657	1.00034	1.00134	3.199714
5960	-446.407	-427.274	-19.1328	745085.9	9.974378	0.998528	0.999623	1.00038	1.00147	4.135784
5970	-439.543	-423.42	-16.1233	385633.8	6.448403	0.997954	0.999476	1.00052	1.00205	3.807667
5980	-432.97	-416.401	-16.5696	951360.4	9.26126	0.998697	0.999667	1.00033	1.0013	3.928557
5990	-421.841	-409.295	-12.5454	394082.1	13.55019	0.997976	0.999482	1.00052	1.00203	3.251606
6000	-432.095	-415.327	-16.7673	556836.3	6.308407	0.998297	0.999564	1.00043	1.0017	3.883881
6010	-441.675	-422.476	-19.1988	369340.4	9.423144	0.997909	0.999465	1.00053	1.00209	4.197334
6020	-427.76	-415.173	-12.5876	740755.7	9.06718	0.998524	0.999622	1.00038	1.00148	3.50068
6030	-436.827	-420.438	-16.3889	229050.7	7.316468	0.997345	0.99932	1.00068	1.00266	3.938124
6040	-436.716	-422.348	-14.3679	148725.7	7.638592	0.996706	0.999156	1.00084	1.0033	3.685173
6050	-434.313	-421.178	-13.1356	259451.7	8.813023	0.997506	0.999362	1.00064	1.0025	3.563124
6060	-430.544	-417.789	-12.7554	34687.41	10.49746	0.993183	0.998249	1.00173	1.00683	3.472899
6070	-446.303	-432.013	-14.2901	727140.2	7.738654	0.99851	0.999619	1.00038	1.00149	3.680377
6080	-447.346	-428.722	-18.6235	702256.7	4.856228	0.998484	0.999612	1.00039	1.00152	3.709513
6090	-436.006	-418.84	-17.166	816327.2	14.92035	0.998593	0.99964	1.00036	1.00141	3.457368
6100	-423.969	-414.405	-9.56427	272358.4	8.87868	0.997565	0.999377	1.00062	1.00244	3.160647
6110	-430.008	-418.478	-11.5298	11258.35	7.812258	0.988046	0.996915	1.00303	1.012	3.330477
6120	-432.173	-419.64	-12.5328	125918.3	11.65695	0.99642	0.999083	1.00091	1.00358	3.385057
6130	-426.433	-413.263	-13.1703	667137.1	8.004162	0.998444	0.999602	1.0004	1.00156	3.550843
6140	-431.917	-419.585	-12.332	93620.63	9.772852	0.995849	0.998936	1.00106	1.00416	3.460377
6150	-434.74	-423.952	-10.7885	52476.28	11.4814	0.994457	0.998577	1.00141	1.00555	3.24434
6160	-439.7	-424.62	-15.0807	202052.7	11.57801	0.997174	0.999276	1.00072	1.00283	3.610201
6170	-433.725	-419.819	-13.9061	5956.593	8.744425	0.983579	0.995746	1.00416	1.01652	3.651266
6180	-432.735	-421.121	-11.6142	404806.4	10.07573	0.998003	0.999489	1.00051	1.002	3.379073
6190	-434.997	-419.479	-15.5182	554074.1	7.178942	0.998293	0.999563	1.00044	1.00171	3.808886
6200	-431.839	-417.022	-14.8161	756765	8.397227	0.998539	0.999626	1.00037	1.00146	3.759662
6210	-430.106	-417.493	-12.6125	847038.5	9.296942	0.998619	0.999647	1.00035	1.00138	3.50072
6220	-439.815	-427.92	-11.8954	912388.7	8.368684	0.99867	0.99966	1.00034	1.00133	3.410738
6230	-443.495	-424.596	-18.899	516008.1	11.52684	0.998231	0.999547	1.00045	1.00177	3.945689
6240	-435.517	-418.307	-17.2103	704095.8	8.172231	0.998486	0.999613	1.00039	1.00152	4.051971
6250	-439.733	-427.8	-11.9337	261423.8	10.53723	0.997515	0.999364	1.00063	1.00249	3.392892
6260	-422.333	-411.106	-11.2278	665362	12.62527	0.998442	0.999602	1.0004	1.00156	3.215307
6270	-434.434	-416.89	-17.5445	330116.5	5.835294	0.997789	0.999434	1.00056	1.00221	3.907303
6280	-429.783	-420.091	-9.69204	454129.5	10.75465	0.998114	0.999518	1.00048	1.00189	3.174493
6290	-443.093	-425.881	-17.2121	851574.9	8.140081	0.998623	0.999648	1.00035	1.00138	4.05301
6300	-427.144	-413.851	-13.2929	457644.3	9.253148	0.998122	0.999519	1.00048	1.00188	3.574935
6310	-432.541	-415.075	-17.4659	57997.22	9.468051	0.994727	0.998647	1.00134	1.00528	4.010015
6320	-444.871	-421.755	-23.1163	610283.1	6.87226	0.998373	0.999584	1.00042	1.00163	4.883751
6330	-436.653	-420.604	-16.0497	691030.7	7.889686	0.998471	0.999609	1.00039	1.00153	3.909974
6340	-434.215	-413.798	-20.4171	457063.9	8.131875	0.99812	0.999519	1.00048	1.00188	4.447327
6350	-430.36	-418.715	-11.6446	271794.1	8.552195	0.997563	0.999376	1.00062	1.00244	3.387623
6360	-432.796	-421.887	-10.9085	825146.3	12.46053	0.998601	0.999642	1.00036	1.0014	3.200056
6370	-436.974	-419.215	-17.7596	649584.5	9.004424	0.998423	0.999597	1.0004	1.00158	4.075406
6380	-429.868	-417.726	-12.1423	843017.7	10.11427	0.998616	0.999646	1.00035	1.00138	3.430104
6390	-429.52	-414.528	-14.9921	46017.31	8.334593	0.994081	0.99848	1.00151	1.00593	3.780887
6400	-433.848	-420.313	-13.535	996154.2	9.56073	0.998727	0.999674	1.00032	1.00127	3.591679
6410	-429.409	-416.678	-12.7315	687496.7	9.187351	0.998467	0.999608	1.00039	1.00153	3.515234
6420	-432.875	-421.513	-11.3626	609523.7	10.35143	0.998372	0.999584	1.00042	1.00163	3.345506
6430	-442.444	-421.7	-20.7439	920723.7	8.071121	0.998676	0.999661	1.00034	1.00133	4.492139
6440	-440.333	-431.381	-8.9521	55179.43	9.553115	0.994594	0.998613	1.00138	1.00542	3.11222
6450	-422.491	-415.663	-6.82756	470101.4	9.555146	0.998147	0.999526	1.00047	1.00185	2.889905
6460	-436.133	-424.858	-11.2751	624535.3	6.847305	0.998392	0.999589	1.00041	1.00161	3.155419
6470	-447.084	-426.725	-20.3591	355824.4	6.730547	0.99787	0.999455	1.00054	1.00213	4.478967
6480	-439.952	-429.345	-10.6072	827067.5	10.41093	0.998603	0.999643	1.00036	1.0014	3.270843
6490	-433.652	-418.592	-15.0596	904881	7.658015	0.998664	0.999658	1.00034	1.00134	3.776584
6500	-430.425	-417.248	-13.1764	669815.1	7.343589	0.998447	0.999603	1.0004	1.00155	3.502
6510	-429.243	-415.014	-14.2293	931425.2	7.311619	0.998683	0.999663	1.00034	1.00132	3.64251
6520	-426.426	-415.74	-10.6859	340038.9	12.00271	0.997821	0.999442	1.00056	1.00218	3.208277
6530	-435.548	-421.925	-13.623	32984.04	7.400061	0.99301	0.998204	1.00178	1.00701	3.56827
6540	-423.439	-415.73	-7.70854	181295.7	11.68124	0.997016	0.999236	1.00076	1.00299	2.970494
6550	-435.543	-419.747	-15.7962	816832.6	12.55498	0.998594	0.99964	1.00036	1.00141	3.583629
6560	-419.849	-408.702	-11.1477	225508	9.38449	0.997325	0.999315	1.00068	1.00268	3.343072
6570	-422.551	-411.504	-11.0466	727527.5	8.516096	0.99851	0.999619	1.00038	1.00149	3.316222
6580	-440.408	-426.793	-13.6152	194842.1	11.77124	0.997122	0.999263	1.00073	1.00288	3.469556
6590	-444.961	-424.735	-20.2257	196480.8	8.165258	0.997134	0.999266	1.00073	1.00287	4.421448
6600	-438.473	-421.113	-17.3604	824580.3	8.569232	0.998601	0.999642	1.00036	1.0014	4.055172
6610	-432.224	-420.044	-12.1801	617670.8	7.015824	0.998383	0.999586	1.00041	1.00162	3.318182
6620	-427.914	-414.531	-13.3828	154517.6	7.92784	0.996768	0.999172	1.00082	1.00324	3.573871
6630	-429.395	-417.047	-12.3475	730484.3	11.10255	0.998513	0.99962	1.00038	1.00149	3.402561
6640	-435.462	-423.268	-12.1943	493761.2	10.08521	0.998192	0.999537	1.00046	1.00181	3.436306
6650	-428.42	-419.727	-8.69279	288872.5	12.15936	0.997636	0.999395	1.0006	1.00237	3.035644
6660	-425.532	-416.969	-8.56272	198594.3	12.98182	0.997149	0.99927	1.00073	1.00285	2.987007
6670	-429.84	-419.627	-10.2129	853607	9.030613	0.998625	0.999648	1.00035	1.00138	3.237935
6680	-453.091	-430.667	-22.4242	862737.8	5.498925	0.998632	0.99965	1.00035	1.00137	4.689641
6690	-443.169	-425.593	-17.5764	682866	8.483872	0.998462	0.999607	1.00039	1.00154	4.084505
6700	-433.803	-418.678	-15.1258	974290.6	7.872342	0.998713	0.999671	1.00033	1.00129	3.792439
6710	-428.278	-418.158	-10.1196	741932.9	9.694766	0.998525	0.999623	1.00038	1.00148	3.234348
6720	-421.548	-413.915	-7.63345	373047.1	9.009878	0.99792	0.999468	1.00053	1.00208	2.951137
6730	-429.751	-419.179	-10.5726	218295.5	10.00234	0.997281	0.999304	1.00069	1.00272	3.277082
6740	-430.686	-415.892	-14.7937	544334.4	9.838935	0.998278	0.999559	1.00044	1.00172	3.708596
6750	-431.057	-418.883	-12.1732	346797	10.1049	0.997842	0.999448	1.00055	1.00216	3.433504
6760	-427.577	-413.992	-13.5851	672852.8	8.20788	0.998451	0.999604	1.0004	1.00155	3.609327
6770	-435.905	-426.022	-9.88273	107696.9	8.077085	0.996129	0.999008	1.00099	1.00388	3.147006
6780	-427.406	-416.817	-10.5886	612618.8	12.47745	0.998376	0.999585	1.00041	1.00162	3.173394
6790	-425.625	-418.416	-7.20944	146605.9	10.50415	0.996682	0.99915	1.00085	1.00332	2.944582
6800	-429.262	-416.141	-13.122	858248.5	10.15726	0.998628	0.999649	1.00035	1.00137	3.524971
6810	-426.876	-414.086	-12.7898	161407.6	9.578802	0.996838	0.99919	1.00081	1.00317	3.513231
6820	-435.68	-422.351	-13.3289	517043	9.494934	0.998233	0.999548	1.00045	1.00177	3.572249
6830	-429.655	-418.458	-11.1971	802889.6	11.10368	0.998582	0.999637	1.00036	1.00142	3.298883
6840	-445.955	-432.783	-13.1719	796338.4	7.163271	0.998576	0.999636	1.00036	1.00142	3.480038
6850	-428.937	-418.033	-10.9034	260555	12.68346	0.997511	0.999363	1.00063	1.00249	3.186032
6860	-425.144	-412.235	-12.9091	465212.4	8.723208	0.998137	0.999523	1.00048	1.00186	3.537158
6870	-433.155	-420.555	-12.5997	274601.1	9.740912	0.997575	0.999379	1.00062	1.00243	3.488776
6880	-428.053	-421.88	-6.17301	995997.6	9.915265	0.998727	0.999674	1.00033	1.00127	2.834794
6890	-434.822	-423.013	-11.8092	414165	12.65936	0.998026	0.999495	1.0005	1.00198	3.259071
6900	-435.457	-418.697	-16.7604	782449.6	8.301157	0.998563	0.999633	1.00037	1.00144	3.993957
6910	-427.44	-415.754	-11.6866	674518.2	8.385266	0.998453	0.999604	1.00039	1.00155	3.386477
6920	-430	-419.692	-10.3072	349069	9.500205	0.997849	0.99945	1.00055	1.00215	3.254017
6930	-429.771	-421.615	-8.15606	848332.7	10.90361	0.99862	0.999647	1.00035	1.00138	3.029156
6940	-429.876	-420.188	-9.68749	978826	9.261311	0.998716	0.999672	1.00033	1.00129	3.185449
6950	-435.861	-419.381	-16.4802	882149.8	7.611262	0.998647	0.999654	1.00035	1.00135	3.961106
6960	-434.023	-420.163	-13.86	770179.1	7.129397	0.998552	0.99963	1.00037	1.00145	3.572098
6970	-441.326	-428.642	-12.6836	667821.9	7.853263	0.998445	0.999602	1.0004	1.00156	3.480963
6980	-438.302	-428.297	-10.0044	632748.3	10.37205	0.998402	0.999591	1.00041	1.0016	3.213838
6990	-450.997	-436.803	-14.1938	874303.9	8.624252	0.998641	0.999652	1.00035	1.00136	3.685339
7000	-447.042	-427.234	-19.8083	746048.9	11.18317	0.998529	0.999624	1.00038	1.00147	4.065079
7010	-440.236	-421.721	-18.5149	628968.9	6.435672	0.998398	0.99959	1.00041	1.0016	4.177082
7020	-433.383	-422.577	-10.8053	536672.5	8.548417	0.998265	0.999556	1.00044	1.00174	3.289325
7030	-438.233	-427.362	-10.871	717063.5	8.258356	0.998499	0.999616	1.00038	1.0015	3.281894
7040	-431.019	-423.672	-7.34735	882970.1	10.49293	0.998648	0.999654	1.00035	1.00135	2.957727
7050	-443.894	-427.283	-16.6108	580959.9	8.523241	0.998333	0.999574	1.00043	1.00167	3.969351
7060	-443.576	-425.499	-18.077	914736.4	6.091523	0.998671	0.99966	1.00034	1.00133	4.054762
7070	-434.207	-420.559	-13.6474	215262.8	7.551704	0.997262	0.999299	1.0007	1.00274	3.584475
7080	-437.667	-419.252	-18.4148	964291.1	8.707986	0.998706	0.999669	1.00033	1.00129	4.169321
7090	-431.573	-419.069	-12.5038	250096.2	6.929291	0.997459	0.99935	1.00065	1.00254	3.34972
7100	-441.457	-423.419	-18.0375	473378.2	8.123483	0.998153	0.999528	1.00047	1.00185	4.155011
7110	-428.235	-415.882	-12.3527	325183.6	7.951719	0.997772	0.99943	1.00057	1.00223	3.445472
7120	-439.519	-419.472	-20.0464	535777.7	8.608397	0.998264	0.999556	1.00044	1.00174	4.365319
7130	-429.575	-420.327	-9.24809	975331.8	11.46397	0.998713	0.999671	1.00033	1.00129	3.110833
7140	-438.198	-423.298	-14.9005	314628.5	8.488151	0.997735	0.99942	1.00058	1.00227	3.769052
7150	-428.478	-415.949	-12.529	975114.7	8.516194	0.998713	0.999671	1.00033	1.00129	3.490301
7160	-425.968	-414.302	-11.6662	332986.7	7.416655	0.997798	0.999437	1.00056	1.0022	3.305966
7170	-423.016	-412.562	-10.4531	769880.2	9.420655	0.998552	0.99963	1.00037	1.00145	3.269212
7180	-430.932	-419.721	-11.2114	982521	8.302522	0.998718	0.999672	1.00033	1.00128	3.325568
7190	-437.792	-419.665	-18.1273	452133.5	10.13717	0.99811	0.999517	1.00048	1.00189	4.019666
7200	-429.243	-420.555	-8.68761	628176.1	8.902784	0.998397	0.99959	1.00041	1.0016	3.063127
7210	-436.097	-419.841	-16.2563	91990.3	8.071208	0.995812	0.998926	1.00107	1.00419	3.936133
7220	-437.057	-418.341	-18.7166	451216.1	4.794793	0.998108	0.999516	1.00048	1.00189	3.691395
7230	-431.751	-421.294	-10.4571	216613.2	12.19329	0.99727	0.999301	1.0007	1.00273	3.178874
7240	-434.898	-417.968	-16.9305	930267.3	9.115238	0.998682	0.999663	1.00034	1.00132	3.976747
7250	-448.533	-429.122	-19.4107	639389.6	6.923658	0.998411	0.999594	1.00041	1.00159	4.346321
7260	-440.089	-422.318	-17.7702	123525.7	5.681378	0.996386	0.999074	1.00092	1.00362	3.903039
7270	-435.262	-419.73	-15.5311	1237.899	9.350916	0.964107	0.990543	1.009	1.03635	3.811906
7280	-435.405	-419.649	-15.7568	158605.4	8.597352	0.99681	0.999183	1.00081	1.00319	3.867313
7290	-430.747	-419.138	-11.6087	76222.78	10.21766	0.9954	0.99882	1.00117	1.00461	3.373995
7300	-433.999	-420.655	-13.3442	445445.3	10.32109	0.998096	0.999513	1.00049	1.00191	3.538537
7310	-434.352	-418.402	-15.9498	256399.6	6.412739	0.997491	0.999358	1.00064	1.00251	3.774358
7320	-430.861	-416.6	-14.2611	171707.5	10.92159	0.996934	0.999215	1.00078	1.00307	3.587809
7330	-425.087	-417.225	-7.86189	499863.2	12.79787	0.998203	0.99954	1.00046	1.0018	2.941256
7340	-437.739	-424.34	-13.3991	695100.6	7.427609	0.998476	0.99961	1.00039	1.00153	3.54065
7350	-431.936	-418.133	-13.8028	823918.4	9.593768	0.9986	0.999642	1.00036	1.0014	3.6184
7360	-434.88	-418.516	-16.3641	299177.8	9.686681	0.997677	0.999405	1.00059	1.00232	3.879028
7370	-432.567	-419.888	-12.6792	595358.7	10.34094	0.998353	0.999579	1.00042	1.00165	3.473179
7380	-425.118	-417.452	-7.66608	442814.3	9.837366	0.99809	0.999511	1.00049	1.00191	2.984143
7390	-428.707	-422.494	-6.21337	352602.9	12.04376	0.99786	0.999452	1.00055	1.00214	2.834659
7400	-433.193	-417.843	-15.3502	384193.9	10.27412	0.99795	0.999475	1.00052	1.00205	3.736226
7410	-433.685	-418.991	-14.6944	346269.3	7.678401	0.997841	0.999447	1.00055	1.00216	3.729886
7420	-437.843	-423.851	-13.9921	693693.7	9.209951	0.998474	0.99961	1.00039	1.00153	3.651791
7430	-439.063	-425.451	-13.6121	947326.2	8.121053	0.998694	0.999666	1.00033	1.00131	3.61017
7440	-428.335	-418.859	-9.47584	216930.5	8.807445	0.997272	0.999302	1.0007	1.00273	3.147605
7450	-429.363	-416.571	-12.7919	589001.1	12.05264	0.998344	0.999576	1.00042	1.00166	3.38026
7460	-426.133	-417.286	-8.84747	674000.8	9.70726	0.998452	0.999604	1.0004	1.00155	3.103261
7470	-429.445	-418.072	-11.3731	813549	7.421904	0.998591	0.99964	1.00036	1.00141	3.267143
7480	-424.228	-413.749	-10.4791	426489.8	9.083043	0.998054	0.999502	1.0005	1.00195	3.268433
7490	-439.853	-423.773	-16.08	49471.59	6.15563	0.994291	0.998535	1.00145	1.00572	3.742154
7500	-426.515	-419.231	-7.28458	557717	11.45628	0.998298	0.999565	1.00043	1.0017	2.93973
7510	-430.26	-418.259	-12.0006	128162.6	9.815385	0.996452	0.999091	1.0009	1.00355	3.425352
7520	-433.152	-421.687	-11.4651	409440.4	11.40715	0.998014	0.999492	1.00051	1.00199	3.307299
7530	-428.604	-413.948	-14.6562	352554.4	10.95805	0.99786	0.999452	1.00055	1.00214	3.621296
7540	-431.339	-418.558	-12.7804	644450.1	9.17126	0.998417	0.999595	1.0004	1.00158	3.520769
7550	-425.63	-414.845	-10.7846	219627	10.2882	0.997289	0.999306	1.00069	1.00271	3.291454
7560	-442.835	-423.469	-19.3662	420624.3	8.814415	0.998041	0.999499	1.0005	1.00196	4.269985
7570	-439.638	-426.662	-12.976	304335.6	10.90641	0.997697	0.999411	1.00059	1.00231	3.471036
7580	-446.533	-423.689	-22.8442	199603.7	8.283452	0.997156	0.999272	1.00073	1.00285	4.728869
7590	-439.827	-424.062	-15.7653	874455.6	8.784757	0.998641	0.999652	1.00035	1.00136	3.86251
7600	-435.015	-420.164	-14.8514	772455	7.653275	0.998554	0.99963	1.00037	1.00145	3.749172
7610	-443.794	-423.16	-20.6338	818407.2	5.761025	0.998595	0.999641	1.00036	1.00141	4.423115
7620	-438.272	-422.107	-16.1647	130632.7	9.275409	0.996485	0.9991	1.0009	1.00352	3.884035
7630	-439.115	-420.554	-18.5605	412438.3	6.450272	0.998021	0.999494	1.0005	1.00198	4.18584
7640	-431.593	-419.229	-12.3649	101676.5	10.08369	0.996017	0.998979	1.00102	1.00399	3.453281
7650	-440.504	-424.515	-15.9889	328966	12.32823	0.997785	0.999433	1.00057	1.00222	3.620062
7660	-429.75	-415.752	-13.9977	555708.8	8.889303	0.998295	0.999564	1.00044	1.00171	3.65981
7670	-447.469	-425.247	-22.2226	872851.3	8.031265	0.99864	0.999652	1.00035	1.00136	4.679206
7680	-451.371	-431.731	-19.6402	32226.46	9.791086	0.992928	0.998183	1.0018	1.00709	4.206263
7690	-454.163	-432.85	-21.3126	337912.1	6.673049	0.997814	0.999441	1.00056	1.00219	4.619752
7700	-452.747	-431.148	-21.5992	171938.9	6.742865	0.996936	0.999215	1.00078	1.00307	4.663293
7710	-445.668	-425.073	-20.5942	85006.38	6.419699	0.995644	0.998883	1.00111	1.00436	4.499084
7720	-433.845	-420.553	-13.2918	163453	10.72785	0.996858	0.999195	1.0008	1.00315	3.5108
7730	-428.801	-414.947	-13.8541	40746.46	8.088829	0.99371	0.998385	1.0016	1.0063	3.639043
7740	-431.993	-418.27	-13.7227	572548.7	9.690613	0.998321	0.99957	1.00043	1.00168	3.606176
7750	-430.698	-421.662	-9.03612	230253.1	10.14738	0.997352	0.999322	1.00068	1.00265	3.122781
7760	-439.919	-425.089	-14.8296	604889.7	6.780864	0.998366	0.999582	1.00042	1.00163	3.665048
7770	-424.131	-414.284	-9.84686	825545.7	10.34558	0.998601	0.999642	1.00036	1.0014	3.199193
7780	-429.044	-415.236	-13.8082	47772.94	8.594031	0.99419	0.998509	1.00148	1.00582	3.640655
7790	-443.243	-425.537	-17.706	338501.8	11.99856	0.997816	0.999441	1.00056	1.00219	3.79358
7800	-435.779	-420.986	-14.7939	536730.9	7.557352	0.998266	0.999556	1.00044	1.00174	3.736614
7810	-434.911	-422.743	-12.1683	607294.3	8.139104	0.998369	0.999583	1.00042	1.00163	3.433326
7820	-429.942	-423.646	-6.29533	540872.6	10.12992	0.998272	0.999558	1.00044	1.00173	2.852334
7830	-438.404	-425.002	-13.4013	127438.5	8.483251	0.996442	0.999088	1.00091	1.00356	3.592381
7840	-436.68	-416.041	-20.6391	336822.4	5.033544	0.997811	0.99944	1.00056	1.00219	4.207331
7850	-452.89	-425.087	-27.803	287905.4	5.742463	0.997632	0.999394	1.0006	1.00237	5.66797
7860	-438.053	-420.148	-17.9049	818166.1	7.097283	0.998595	0.999641	1.00036	1.00141	4.138098
7870	-427.186	-411.925	-15.2601	663160.7	8.174672	0.99844	0.999601	1.0004	1.00156	3.813342
7880	-438.334	-426.235	-12.0987	107496.4	8.953755	0.996126	0.999007	1.00099	1.00388	3.446563
7890	-435.701	-416.233	-19.4686	587468.6	10.09142	0.998342	0.999576	1.00042	1.00166	4.156925
7900	-430.443	-414.212	-16.2313	438475.7	9.649695	0.998081	0.999509	1.00049	1.00192	3.867816
7910	-430.03	-417.868	-12.1626	42183.29	9.613538	0.993818	0.998412	1.00157	1.0062	3.447005
7920	-431.917	-416.184	-15.7337	512159.5	10.29489	0.998224	0.999546	1.00045	1.00178	3.772003
7930	-442.612	-425.938	-16.6738	253797	9.068936	0.997478	0.999354	1.00064	1.00252	3.951234
7940	-443.234	-423.327	-19.9066	764024.2	8.13594	0.998546	0.999628	1.00037	1.00145	4.384294
7950	-440.831	-423.037	-17.7938	862385.4	8.756923	0.998632	0.99965	1.00035	1.00137	4.095107
7960	-435.203	-419.174	-16.0291	600416.2	6.959721	0.99836	0.999581	1.00042	1.00164	3.861518
7970	-433.37	-417.968	-15.4014	156153.9	7.606821	0.996785	0.999177	1.00082	1.00322	3.819179
7980	-435.679	-420.938	-14.741	629762.8	9.938163	0.998399	0.99959	1.00041	1.0016	3.697597
7990	-435.645	-420.553	-15.0928	943989.1	9.612473	0.998692	0.999666	1.00033	1.00131	3.751861
8000	-432.68	-418.237	-14.4433	887252	10.1806	0.998651	0.999655	1.00034	1.00135	3.653655
8010	-437.013	-419.323	-17.6903	202199.4	7.680955	0.997175	0.999277	1.00072	1.00283	4.120061
8020	-422.407	-414.57	-7.83752	280381.8	10.96086	0.9976	0.999386	1.00061	1.0024	2.998994
8030	-438.539	-423.032	-15.5071	322720.2	10.47903	0.997763	0.999428	1.00057	1.00224	3.73641
8040	-432.593	-417.318	-15.2752	910570.5	11.20315	0.998668	0.999659	1.00034	1.00133	3.658105
8050	-422.133	-411.296	-10.8366	88477.35	12.31829	0.99573	0.998905	1.00109	1.00428	3.202724
8060	-423.108	-412.796	-10.3128	135972.8	10.50824	0.996555	0.999117	1.00088	1.00345	3.239903
8070	-431.854	-416.645	-15.2089	680136.7	8.603459	0.998459	0.999606	1.00039	1.00154	3.803458
8080	-426.208	-420.051	-6.15759	65993.03	9.044933	0.995056	0.998732	1.00126	1.00495	2.789921
8090	-431.424	-420.091	-11.3331	220217.8	11.6192	0.997293	0.999307	1.00069	1.00271	3.284243
8100	-436.297	-421.043	-15.2547	694619.2	8.201918	0.998475	0.99961	1.00039	1.00153	3.812739
8110	-447.174	-430.791	-16.3825	936801.3	7.305909	0.998687	0.999664	1.00034	1.00131	3.9367
8120	-444.32	-426.79	-17.5295	373694	8.387382	0.997921	0.999468	1.00053	1.00208	4.083196
8130	-440.114	-423.892	-16.222	357435.5	8.202723	0.997875	0.999456	1.00054	1.00213	3.930667
8140	-435.65	-420.767	-14.8832	379325.7	8.183533	0.997937	0.999472	1.00053	1.00206	3.767302
8150	-440.425	-423.075	-17.3494	441072.2	7.631648	0.998087	0.99951	1.00049	1.00191	4.075444
8160	-439.594	-421.379	-18.2157	606611.7	8.450829	0.998368	0.999583	1.00042	1.00163	4.16167
8170	-448.39	-426.732	-21.6575	806414.4	5.922601	0.998585	0.999638	1.00036	1.00142	4.623957
8180	-442.566	-425.201	-17.3647	652430.4	9.848393	0.998427	0.999598	1.0004	1.00157	3.969124
8190	-441.453	-421.73	-19.7232	754440.9	5.787158	0.998537	0.999626	1.00037	1.00146	4.270706
8200	-434.225	-419.093	-15.1314	481230.9	9.229018	0.998168	0.999531	1.00047	1.00183	3.774673
8210	-439.162	-423.053	-16.1089	589391.3	9.255069	0.998345	0.999577	1.00042	1.00166	3.879159
8220	-432.203	-413.439	-18.7638	808796	8.367362	0.998587	0.999639	1.00036	1.00141	4.231539
8230	-433.416	-415.469	-17.9463	294674.4	6.566976	0.997659	0.999401	1.0006	1.00234	4.104473
8240	-441.106	-423.059	-18.047	647503.2	9.445966	0.998421	0.999596	1.0004	1.00158	4.073225
8250	-434.691	-415.817	-18.8745	661030.2	7.614393	0.998437	0.9996	1.0004	1.00156	4.275622
8260	-430.796	-416.5	-14.2964	130621.5	7.496525	0.996485	0.9991	1.0009	1.00352	3.666618
8270	-437.3	-424.842	-12.4577	246681.1	11.13525	0.997442	0.999345	1.00065	1.00256	3.41059
8280	-426.376	-418.15	-8.22587	17558.34	13.8885	0.990424	0.997534	1.00243	1.00961	2.915109
8290	-440.252	-424.606	-15.646	791724.2	8.754	0.998572	0.999635	1.00036	1.00143	3.849937
8300	-438.979	-429.598	-9.38078	449159.3	10.95321	0.998104	0.999515	1.00048	1.0019	3.140021
8310	-435.009	-424.237	-10.7726	947892	7.610382	0.998695	0.999666	1.00033	1.00131	3.211108
8320	-433.349	-422.106	-11.2433	857858.7	7.482678	0.998628	0.999649	1.00035	1.00137	3.257592
8330	-431.525	-422.555	-8.96999	676593.1	7.889465	0.998455	0.999605	1.00039	1.00155	3.012603
8340	-424.929	-419.562	-5.36712	196469.1	9.968112	0.997134	0.999266	1.00073	1.00287	2.755457
8350	-431.955	-414.903	-17.0515	648322.8	9.658245	0.998422	0.999596	1.0004	1.00158	3.952165
8360	-433.797	-419.508	-14.2888	131278.6	10.32036	0.996494	0.999102	1.00089	1.00351	3.6301
8370	-435.623	-421.297	-14.3263	635908.5	10.21374	0.998406	0.999592	1.00041	1.00159	3.640198
8380	-429.351	-419.14	-10.2107	352622.4	8.735825	0.99786	0.999452	1.00055	1.00214	3.228324
8390	-432.577	-422.448	-10.1296	606740.7	9.988128	0.998369	0.999583	1.00042	1.00163	3.232976
8400	-444.601	-430.964	-13.6368	433660.7	8.059083	0.99807	0.999506	1.00049	1.00193	3.611167
8410	-436.415	-420.991	-15.4237	779529.6	6.940231	0.998561	0.999632	1.00037	1.00144	3.772347
8420	-431.484	-416.735	-14.749	743925.1	8.289493	0.998527	0.999623	1.00038	1.00147	3.751625
8430	-432.593	-421.255	-11.3378	203315	9.567887	0.997182	0.999279	1.00072	1.00282	3.361782
8440	-437.401	-420.974	-16.4271	985778	9.362451	0.99872	0.999673	1.00033	1.00128	3.907011
8450	-431.459	-416.337	-15.1225	805647.3	9.223423	0.998584	0.999638	1.00036	1.00142	3.773955
8460	-432.543	-415.241	-17.3014	257964.5	6.625507	0.997498	0.99936	1.00064	1.0025	4.013302
8470	-428.761	-413.319	-15.4424	437348.7	8.221487	0.998079	0.999508	1.00049	1.00192	3.835584
8480	-432.489	-417.347	-15.1414	77410.79	9.711976	0.995435	0.998829	1.00116	1.00457	3.751361
8490	-447.65	-429.605	-18.0452	433923.8	7.628912	0.998071	0.999506	1.00049	1.00193	4.166636
8500	-442.147	-428.798	-13.3491	562976.4	7.616458	0.998306	0.999567	1.00043	1.00169	3.550125
8510	-439.558	-423.016	-16.542	416072.9	6.268699	0.99803	0.999496	1.0005	1.00197	3.840568
8520	-428.306	-418.476	-9.83001	518020.1	12.77752	0.998234	0.999548	1.00045	1.00177	3.096179
8530	-436.399	-417.857	-18.5418	327564.3	8.60488	0.99778	0.999432	1.00057	1.00222	4.190766
8540	-435.224	-416.37	-18.8538	964072.5	5.973056	0.998706	0.999669	1.00033	1.00129	4.160694
8550	-436.648	-421.936	-14.7123	428528.4	7.280028	0.998059	0.999503	1.0005	1.00194	3.705898
8560	-441.368	-426.8	-14.5688	326920.8	7.898567	0.997778	0.999431	1.00057	1.00222	3.722554
8570	-435.16	-421.102	-14.0574	988285.8	6.266996	0.998722	0.999673	1.00033	1.00128	3.44377
8580	-442.719	-432.284	-10.435	563716.4	9.894659	0.998308	0.999567	1.00043	1.00169	3.264917
8590	-435.792	-420.601	-15.1916	464111	10.39097	0.998135	0.999523	1.00048	1.00187	3.712608
8600	-429.742	-418.531	-11.2118	845461.8	8.743431	0.998618	0.999647	1.00035	1.00138	3.34313
8610	-438.629	-422.731	-15.898	346617.6	6.788609	0.997842	0.999448	1.00055	1.00216	3.823563
8620	-439.488	-426.621	-12.8674	599691.8	10.02024	0.998359	0.99958	1.00042	1.00164	3.505775
8630	-425.208	-417.122	-8.08627	184341.9	11.10825	0.997041	0.999242	1.00075	1.00296	3.018624
8640	-434.166	-422.745	-11.4204	37163.82	8.110835	0.993414	0.998308	1.00168	1.0066	3.339621
8650	-426.388	-415.443	-10.9446	250199.9	9.991146	0.99746	0.99935	1.00065	1.00254	3.314512
8660	-446.477	-423.083	-23.3941	564637.1	5.112915	0.998309	0.999567	1.00043	1.00169	4.778731
8670	-437.788	-418.16	-19.6275	375827.4	8.291467	0.997927	0.99947	1.00053	1.00207	4.340007
8680	-435.179	-418.833	-16.3466	811903.5	9.314773	0.99859	0.999639	1.00036	1.00141	3.901307
8690	-440.699	-421.094	-19.6057	568397.5	6.230585	0.998315	0.999569	1.00043	1.00169	4.324698
8700	-440.6	-425.952	-14.6472	681950.2	8.154228	0.998461	0.999606	1.00039	1.00154	3.73811
8710	-438.564	-417.4	-21.1638	976133.5	6.239046	0.998714	0.999671	1.00033	1.00129	4.575471
8720	-429.167	-423.012	-6.15481	712025.4	9.743721	0.998494	0.999615	1.00038	1.00151	2.827249
8730	-431.054	-417.871	-13.1838	958773.2	8.100248	0.998702	0.999668	1.00033	1.0013	3.55663
8740	-431.76	-425.389	-6.37096	243825.6	9.716316	0.997427	0.999341	1.00066	1.00258	2.848467
8750	-426.61	-421.407	-5.20282	554697.4	12.52295	0.998294	0.999564	1.00044	1.00171	2.740657
8760	-436.618	-423.753	-12.8651	109143	9.047496	0.996155	0.999015	1.00098	1.00385	3.531471
8770	-428.699	-417.569	-11.1304	804573.4	8.782551	0.998583	0.999638	1.00036	1.00142	3.334848
8780	-425.736	-419.996	-5.73995	672378.1	9.570825	0.99845	0.999604	1.0004	1.00155	2.776858
8790	-431.175	-419.228	-11.9475	973809.6	8.183571	0.998712	0.999671	1.00033	1.00129	3.408573
8800	-431.441	-417.693	-13.7483	781837.4	7.790871	0.998563	0.999632	1.00037	1.00144	3.613318
8810	-435.725	-423.095	-12.63	970917.7	8.91312	0.99871	0.99967	1.00033	1.00129	3.505947
8820	-434.879	-418.371	-16.508	586027.7	10.48481	0.99834	0.999575	1.00042	1.00166	3.831443
8830	-423.535	-412.603	-10.9323	994095	8.07339	0.998725	0.999674	1.00033	1.00128	3.276665
8840	-424.296	-416.117	-8.1793	486261.5	10.95291	0.998178	0.999534	1.00046	1.00182	3.030335
8850	-421.329	-411.173	-10.1567	923591.3	11.00143	0.998678	0.999662	1.00034	1.00132	3.209084
8860	-425.352	-415.895	-9.45639	929284.8	10.75521	0.998682	0.999663	1.00034	1.00132	3.152567
8870	-436.107	-422.168	-13.939	933270	8.065196	0.998685	0.999664	1.00034	1.00132	3.648852
8880	-432.368	-418.689	-13.6789	929484.3	9.287162	0.998682	0.999663	1.00034	1.00132	3.615702
8890	-429.315	-415.486	-13.8285	39979.71	12.16336	0.99365	0.998369	1.00162	1.00636	3.457704
8900	-436.77	-419.632	-17.1381	287018.3	9.277187	0.997628	0.999393	1.00061	1.00237	3.988862
8910	-431.83	-418.892	-12.9376	597435.3	8.284143	0.998356	0.999579	1.00042	1.00164	3.532943
8920	-438.643	-424.948	-13.6956	399305.4	9.427148	0.997989	0.999486	1.00051	1.00201	3.613184
8930	-428.617	-416.496	-12.1209	659660.5	8.897578	0.998435	0.9996	1.0004	1.00157	3.44873
8940	-445.244	-428.733	-16.5108	603944.2	8.743895	0.998365	0.999582	1.00042	1.00164	3.949159
8950	-426.228	-413.768	-12.4591	523027.6	8.663152	0.998243	0.999551	1.00045	1.00176	3.484803
8960	-431.001	-420.082	-10.9189	777365.3	10.4047	0.998559	0.999631	1.00037	1.00144	3.300988
8970	-435.542	-416.999	-18.5428	369636.3	8.471708	0.99791	0.999465	1.00053	1.00209	4.19914
8980	-433.769	-416.652	-17.1163	634521.6	8.032111	0.998405	0.999592	1.00041	1.0016	4.043386
8990	-427.307	-410.474	-16.8326	92780.36	7.028827	0.99583	0.998931	1.00106	1.00418	3.982284
9000	-430.74	-413.083	-17.6567	820345.9	7.956272	0.998597	0.999641	1.00036	1.0014	4.112412
9010	-439.525	-418.874	-20.651	205235.1	10.43359	0.997196	0.999282	1.00072	1.00281	4.232828
9020	-426.754	-413.87	-12.8846	95902.51	11.62926	0.995898	0.998949	1.00105	1.00411	3.4171
9030	-435.946	-414.398	-21.5475	880284.9	7.454552	0.998646	0.999654	1.00035	1.00136	4.636247
9040	-445.49	-427.199	-18.2905	990940.7	7.02093	0.998723	0.999674	1.00033	1.00128	4.189356
9050	-445.103	-427.137	-17.9667	22626.94	9.081646	0.991562	0.997829	1.00215	1.00846	4.092877
9060	-447.507	-424.527	-22.9801	10055.47	7.630979	0.987353	0.996734	1.00321	1.0127	4.813312
9070	-433.327	-416.265	-17.0614	310428.3	5.868417	0.99772	0.999416	1.00058	1.00228	3.833627
9080	-440.262	-422.503	-17.7597	323349.8	8.00923	0.997766	0.999428	1.00057	1.00224	4.124084
9090	-437.859	-420.09	-17.7693	337670.4	7.936803	0.997813	0.99944	1.00056	1.00219	4.126983
9100	-434.265	-417.974	-16.2905	530281	10.42975	0.998255	0.999554	1.00045	1.00175	3.815214
9110	-433.518	-418.675	-14.8425	299396.5	10.25088	0.997678	0.999406	1.00059	1.00232	3.688325
9120	-425.788	-412.013	-13.7746	653168.5	9.653603	0.998428	0.999598	1.0004	1.00157	3.613066
9130	-423.293	-415.32	-7.97295	965852.6	11.66586	0.998707	0.999669	1.00033	1.00129	2.993613
9140	-437.542	-423.698	-13.8447	657544.3	7.447115	0.998433	0.999599	1.0004	1.00157	3.602311
9150	-447.244	-423.92	-23.3238	969919.4	4.107273	0.99871	0.99967	1.00033	1.00129	4.220983
9160	-440.883	-424.662	-16.2211	563076.2	8.811199	0.998307	0.999567	1.00043	1.00169	3.913311
9170	-432.399	-417.542	-14.8576	180318.9	10.10466	0.997008	0.999234	1.00076	1.00299	3.699167
9180	-433.41	-417.619	-15.7908	578859.8	6.588593	0.99833	0.999573	1.00043	1.00167	3.779649
9190	-433.434	-419.503	-13.9311	262908.1	7.330637	0.997522	0.999366	1.00063	1.00248	3.603558
9200	-437.671	-425.55	-12.1209	900002.8	9.110293	0.99866	0.999657	1.00034	1.00134	3.449122
9210	-432.063	-419.266	-12.7968	887436.1	8.600169	0.998651	0.999655	1.00034	1.00135	3.523051
9220	-427.08	-413.172	-13.9079	177006.1	8.586589	0.99698	0.999227	1.00077	1.00302	3.652271
9230	-430.086	-418.838	-11.2474	619428.8	8.859287	0.998385	0.999587	1.00041	1.00162	3.349838
9240	-437.766	-420.712	-17.0537	97611.35	8.909516	0.995934	0.998958	1.00104	1.00407	4.002471
9250	-440.391	-421.449	-18.9419	321080.3	8.853842	0.997758	0.999426	1.00057	1.00224	4.218796
9260	-431.012	-415.098	-15.914	771570.2	9.525494	0.998553	0.99963	1.00037	1.00145	3.842663
9270	-439.304	-422.862	-16.4416	85508.33	10.07192	0.995656	0.998886	1.00111	1.00435	3.858484
9280	-434.49	-421.986	-12.5037	414263.1	7.283221	0.998026	0.999495	1.0005	1.00198	3.402932
9290	-430.209	-420.279	-9.92929	988160.9	11.95302	0.998722	0.999673	1.00033	1.00128	3.147694
9300	-434.321	-420.179	-14.1415	124681.9	7.93345	0.996402	0.999078	1.00092	1.0036	3.669785
9310	-434.793	-418.996	-15.7974	86653.24	10.20919	0.995685	0.998894	1.0011	1.00432	3.784571
9320	-431.087	-415.372	-15.7147	559680.2	9.958098	0.998301	0.999566	1.00043	1.0017	3.794214
9330	-430.911	-413.875	-17.0361	295617.4	8.695214	0.997663	0.999402	1.0006	1.00234	4.011611
9340	-424.503	-414.286	-10.2168	499950.6	9.992293	0.998203	0.99954	1.00046	1.0018	3.241649
9350	-438.231	-419.026	-19.2055	101064.2	8.337155	0.996004	0.998976	1.00102	1.004	4.286254
9360	-434.862	-416.796	-18.066	985406.6	7.842041	0.99872	0.999673	1.00033	1.00128	4.166563
9370	-449.421	-431.231	-18.1906	582345.2	8.788541	0.998335	0.999574	1.00042	1.00167	4.138337
9380	-446.432	-431.062	-15.3701	590037	10.07507	0.998346	0.999577	1.00042	1.00166	3.751884
9390	-437.218	-422.694	-14.5238	785195.7	10.76716	0.998566	0.999633	1.00037	1.00143	3.622883
9400	-438.964	-422.835	-16.1288	182256.1	6.48945	0.997024	0.999238	1.00076	1.00298	3.815437
9410	-441.812	-431.912	-9.90002	98019.68	10.81416	0.995943	0.99896	1.00103	1.00406	3.191994
9420	-448.453	-428.536	-19.917	582447.3	9.369985	0.998335	0.999574	1.00042	1.00167	4.278998
9430	-440.21	-420.385	-19.825	371272.3	7.440529	0.997915	0.999466	1.00053	1.00209	4.405503
9440	-444.743	-424.931	-19.8116	901650.4	6.737916	0.998662	0.999658	1.00034	1.00134	4.397962
9450	-455.41	-434.435	-20.9745	449793.4	8.137103	0.998105	0.999515	1.00048	1.0019	4.515448
9460	-441.144	-418.898	-22.2463	587430	7.035593	0.998342	0.999576	1.00042	1.00166	4.752249
9470	-436.222	-419.084	-17.1374	805902.5	7.427085	0.998584	0.999638	1.00036	1.00142	4.04394
9480	-442.885	-430.169	-12.7157	824762.2	9.380546	0.998601	0.999642	1.00036	1.0014	3.510239
9490	-440.622	-422.726	-17.8963	724701.2	7.945011	0.998507	0.999618	1.00038	1.00149	4.142792
9500	-443.752	-425.32	-18.4323	8147.121	7.704103	0.985953	0.996368	1.00356	1.01412	4.216276
9510	-438.275	-418.561	-19.714	258728.9	7.083847	0.997502	0.999361	1.00064	1.0025	4.392878
9520	-445.916	-426.148	-19.7674	376618.5	8.603485	0.99793	0.99947	1.00053	1.00207	4.333299
9530	-436.963	-419.469	-17.494	947076.2	6.254448	0.998694	0.999666	1.00033	1.00131	3.989975
9540	-435.149	-421.044	-14.1041	222414.4	11.55383	0.997306	0.99931	1.00069	1.0027	3.527677
9550	-439.494	-422.933	-16.5617	664880.4	5.991986	0.998442	0.999601	1.0004	1.00156	3.781804
9560	-445.69	-426.821	-18.8691	547000.8	11.56203	0.998282	0.999561	1.00044	1.00172	3.939187
9570	-447.986	-427.034	-20.9517	319391.2	8.440347	0.997752	0.999425	1.00057	1.00225	4.486389
9580	-426.23	-418.862	-7.3688	933129	8.790888	0.998684	0.999664	1.00034	1.00132	2.907162
9590	-435.255	-420.189	-15.0654	804464.1	8.804872	0.998583	0.999638	1.00036	1.00142	3.782316
9600	-445.025	-429.335	-15.6906	982728.6	5.991858	0.998718	0.999672	1.00033	1.00128	3.636392
9610	-437.528	-421.815	-15.713	987231.8	7.590956	0.998721	0.999673	1.00033	1.00128	3.85955
9620	-436.208	-422.415	-13.7921	313278.8	8.365355	0.99773	0.999419	1.00058	1.00227	3.637335
9630	-429.195	-418.872	-10.3233	471496.5	11.50057	0.998149	0.999527	1.00047	1.00185	3.202936
9640	-431.627	-416.221	-15.4062	774190.9	11.40836	0.998556	0.999631	1.00037	1.00145	3.652691
9650	-421.37	-411.058	-10.3123	572096	8.754904	0.99832	0.99957	1.00043	1.00168	3.240686
9660	-427.872	-412.843	-15.0287	120551.4	6.95952	0.996341	0.999063	1.00093	1.00366	3.717753
9670	-438.121	-422.093	-16.0284	744702.9	7.921687	0.998527	0.999623	1.00038	1.00147	3.907537
9680	-432.681	-418.825	-13.8557	354220.7	9.792405	0.997865	0.999454	1.00054	1.00214	3.615411
9690	-445.181	-427.321	-17.8601	343185.7	7.25174	0.997831	0.999445	1.00055	1.00217	4.137498
9700	-440.092	-425.537	-14.5545	200771.8	7.172335	0.997165	0.999274	1.00072	1.00284	3.673968
9710	-436.886	-418.091	-18.795	362282.2	6.607426	0.997889	0.99946	1.00054	1.00211	4.237228
9720	-428.436	-413.713	-14.7238	981914	7.733371	0.998718	0.999672	1.00033	1.00128	3.736192
9730	-429.081	-416.603	-12.4781	922774.3	9.947195	0.998677	0.999662	1.00034	1.00132	3.469576
9740	-433.088	-418.863	-14.2242	364965.6	10.26428	0.997897	0.999462	1.00054	1.0021	3.627216
9750	-443.755	-421.418	-22.3364	978501.5	5.118104	0.998715	0.999671	1.00033	1.00129	4.57355
9760	-437.041	-421.052	-15.9892	241579.8	12.23423	0.997415	0.999338	1.00066	1.00259	3.628797
9770	-424.599	-414.486	-10.1122	442550.1	10.01889	0.99809	0.999511	1.00049	1.00191	3.230826
9780	-432.833	-414.877	-17.9557	205197.9	7.875989	0.997195	0.999282	1.00072	1.00281	4.151831
9790	-430.645	-418.107	-12.5374	880153.5	9.506171	0.998645	0.999654	1.00035	1.00136	3.488636
9800	-436.145	-423.145	-13.0002	598244.7	9.07254	0.998357	0.99958	1.00042	1.00164	3.546117
9810	-434.697	-422.486	-12.2108	976740.4	8.999248	0.998714	0.999671	1.00033	1.00129	3.459167
9820	-431.388	-418.014	-13.3735	713447.3	9.827887	0.998496	0.999615	1.00038	1.00151	3.564711
9830	-430.264	-418.201	-12.0625	8717.366	11.49503	0.986419	0.99649	1.00344	1.01365	3.354493
9840	-435.618	-420.225	-15.3928	78310.8	8.458214	0.995461	0.998836	1.00116	1.00455	3.827523
9850	-425.55	-412.247	-13.3025	573570.8	9.302555	0.998322	0.999571	1.00043	1.00168	3.574803
9860	-436.114	-419.357	-16.7568	984337.6	6.085953	0.998719	0.999672	1.00033	1.00128	3.836762
9870	-431.579	-417.839	-13.7399	878409.9	8.454692	0.998644	0.999653	1.00035	1.00136	3.632075
9880	-423.611	-411.435	-12.176	339547.6	9.788276	0.997819	0.999442	1.00056	1.00218	3.443998
9890	-426.053	-413.02	-13.0324	146621.7	8.807744	0.996682	0.99915	1.00085	1.00332	3.551423
9900	-425.714	-409.927	-15.7876	860503.3	7.841576	0.99863	0.99965	1.00035	1.00137	3.876024
9910	-427.664	-416.657	-11.0064	373234.5	9.182145	0.99792	0.999468	1.00053	1.00208	3.327423
9920	-431.722	-421.63	-10.0919	722305.4	9.176846	0.998505	0.999618	1.00038	1.0015	3.227725
9930	-433.856	-419.404	-14.4521	58083.63	11.10879	0.994731	0.998648	1.00134	1.00528	3.591653
9940	-434.128	-419.609	-14.5193	296651.9	9.954201	0.997667	0.999403	1.0006	1.00233	3.674386
9950	-432.961	-420.069	-12.8921	73244.08	6.240475	0.995307	0.998796	1.0012	1.0047	3.2501
9960	-437.986	-419.58	-18.4058	870818.5	6.591515	0.998638	0.999652	1.00035	1.00136	4.176835
9970	-441.36	-423.992	-17.3677	630303.6	6.963064	0.998399	0.999591	1.00041	1.0016	4.054083
9980	-441.79	-422.087	-19.7026	556947.7	8.363116	0.998297	0.999564	1.00043	1.0017	4.344041
9990	-429.725	-417.748	-11.9768	44199.39	8.677959	0.99396	0.998449	1.00154	1.00605	3.429432
10000	-434.85	-426.083	-8.76771	820120.8	11.29455	0.998597	0.999641	1.00036	1.0014	3.074462
