Iteration	Posterior	Likelihood	Prior	alpha_morpho	br_len_lambda	rates_morpho[1]	rates_morpho[2]	rates_morpho[3]	rates_morpho[4]	tree_length
0	-773.767	-641.207	-132.56	711581.1	0.2870338	0.998494	0.999615	1.00038	1.00151	137.708
10	-769.444	-635.04	-134.404	900085.1	0.2250244	0.998661	0.999657	1.00034	1.00134	148.212
20	-762.274	-632.342	-129.932	203751.6	0.2190407	0.997185	0.999279	1.00072	1.00282	127.7886
30	-740.85	-614.704	-126.145	147925.6	0.3783465	0.996697	0.999154	1.00084	1.00331	111.5609
40	-737.61	-613.233	-124.377	472294.5	0.2756559	0.998151	0.999527	1.00047	1.00185	108.8736
50	-713.297	-598.103	-115.194	885796.8	0.3512239	0.99865	0.999655	1.00034	1.00135	82.02295
60	-709.2	-598.039	-111.161	673155.3	0.4601032	0.998451	0.999604	1.0004	1.00155	73.1673
70	-715.65	-596.16	-119.49	262820.7	0.3342083	0.997522	0.999366	1.00063	1.00248	94.15919
80	-705.718	-591.457	-114.261	516225.2	0.5027631	0.998231	0.999548	1.00045	1.00177	78.92719
90	-715.549	-595.091	-120.458	780614.9	0.4127439	0.998562	0.999632	1.00037	1.00144	95.42556
100	-706.737	-595.161	-111.576	449574.7	0.4195373	0.998105	0.999515	1.00048	1.0019	73.98961
110	-696.087	-590.284	-105.803	257115.2	0.5295793	0.997494	0.999359	1.00064	1.00251	62.18838
120	-679.371	-584.349	-95.0224	189131.3	0.7317333	0.997079	0.999252	1.00075	1.00292	44.80067
130	-662.032	-572.167	-89.8646	614548.9	0.9466865	0.998379	0.999585	1.00041	1.00162	38.11252
140	-630.346	-556.979	-73.3671	382923.5	1.153518	0.997947	0.999475	1.00052	1.00205	22.59406
150	-569.638	-521.666	-47.9721	231965.1	2.742716	0.997362	0.999325	1.00067	1.00264	10.54874
160	-499.58	-466.153	-33.4266	928286.8	4.761769	0.998681	0.999663	1.00034	1.00132	6.759661
170	-454.607	-429.989	-24.6189	577771.8	7.601552	0.998328	0.999572	1.00043	1.00167	5.031536
180	-445.396	-427.127	-18.2691	366965.5	6.070967	0.997902	0.999463	1.00054	1.0021	4.082428
190	-443.132	-422.773	-20.3598	537041.4	8.25726	0.998266	0.999556	1.00044	1.00174	4.430978
200	-446.343	-425.473	-20.8698	120733.1	6.580056	0.996344	0.999063	1.00093	1.00366	4.55019
210	-438.158	-422.984	-15.1744	152791.5	8.739237	0.99675	0.999168	1.00083	1.00325	3.796444
220	-443.086	-434.479	-8.60669	10930.17	10.09425	0.987868	0.996868	1.00308	1.01218	3.080567
230	-426.772	-417.129	-9.64328	152307.4	12.56188	0.996745	0.999166	1.00083	1.00326	3.093183
240	-433.913	-420.39	-13.5237	784061.6	9.98851	0.998565	0.999633	1.00037	1.00144	3.572769
250	-436.955	-421.182	-15.7727	124693.1	6.851493	0.996403	0.999078	1.00092	1.0036	3.812764
260	-438.3	-427.09	-11.2104	928626.9	10.28613	0.998681	0.999663	1.00034	1.00132	3.332909
270	-434.786	-423.082	-11.7045	849558.4	9.146624	0.998621	0.999647	1.00035	1.00138	3.403464
280	-430.411	-424.308	-6.10309	980140	9.847716	0.998716	0.999672	1.00033	1.00128	2.825604
290	-440.768	-426.879	-13.8882	674372.2	7.852917	0.998453	0.999604	1.00039	1.00155	3.634329
300	-449.839	-427.018	-22.8208	334249.8	5.058011	0.997802	0.999438	1.00056	1.0022	4.648986
310	-449.532	-426.971	-22.5612	486467.7	5.575711	0.998178	0.999534	1.00046	1.00182	4.728947
320	-442.83	-431.564	-11.2666	971985.4	8.573155	0.998711	0.99967	1.00033	1.00129	3.344192
330	-441.178	-421.447	-19.731	860677.3	7.740442	0.99863	0.99965	1.00035	1.00137	4.383385
340	-434.119	-419.251	-14.8675	485682.2	7.98238	0.998177	0.999534	1.00047	1.00182	3.762427
350	-432.837	-420.393	-12.4445	277993.5	9.082084	0.99759	0.999383	1.00061	1.00241	3.484822
360	-433.783	-421.005	-12.7773	840468.7	10.1647	0.998614	0.999646	1.00035	1.00139	3.490712
370	-429.654	-417.96	-11.6938	170561.1	8.088793	0.996924	0.999212	1.00078	1.00308	3.371975
380	-442.767	-424.107	-18.66	361037.9	6.851193	0.997885	0.999459	1.00054	1.00212	4.234154
390	-439.982	-423.228	-16.7537	733722.6	10.79331	0.998516	0.999621	1.00038	1.00148	3.827638
400	-438.809	-420.029	-18.7803	225440	6.691868	0.997324	0.999315	1.00068	1.00268	4.241675
410	-445.184	-426.451	-18.7334	86434.62	6.075602	0.99568	0.998892	1.0011	1.00433	4.15972
420	-434.546	-417.186	-17.3599	896403.1	7.514092	0.998658	0.999657	1.00034	1.00134	4.075553
430	-422.71	-412.55	-10.1598	103089.1	9.030463	0.996044	0.998986	1.00101	1.00396	3.232048
440	-437.869	-424.315	-13.5543	350844.5	10.01498	0.997855	0.999451	1.00055	1.00215	3.574574
450	-436.326	-423.204	-13.1216	286635.9	8.838734	0.997627	0.999393	1.00061	1.00238	3.56147
460	-436.788	-425.245	-11.5426	259674	9.258033	0.997507	0.999362	1.00064	1.0025	3.385765
470	-434.572	-419.022	-15.5497	448427.2	8.424305	0.998102	0.999515	1.00048	1.0019	3.846628
480	-434.578	-421.438	-13.1392	551985.4	11.1747	0.99829	0.999562	1.00044	1.00171	3.469272
490	-434.246	-419.975	-14.2716	771037.6	6.540298	0.998553	0.99963	1.00037	1.00145	3.539642
500	-430.681	-421.365	-9.31645	739718.3	9.13218	0.998522	0.999622	1.00038	1.00148	3.14195
510	-443.56	-422.752	-20.8074	259664.4	6.601818	0.997507	0.999362	1.00064	1.0025	4.541585
520	-436.64	-422.131	-14.5089	480413.7	8.841203	0.998167	0.999531	1.00047	1.00183	3.71837
530	-433.299	-423.569	-9.73051	607550.2	8.832729	0.99837	0.999583	1.00042	1.00163	3.177565
540	-433.567	-419.467	-14.1004	437742.6	10.79023	0.998079	0.999509	1.00049	1.00192	3.582023
550	-427.12	-415.787	-11.3327	632401.7	7.138641	0.998402	0.999591	1.00041	1.0016	3.219172
560	-434.247	-419.356	-14.8906	994071	8.667322	0.998725	0.999674	1.00033	1.00128	3.765394
570	-435.518	-421.689	-13.829	377987.3	7.95074	0.997933	0.999471	1.00053	1.00207	3.631095
580	-451.307	-432.071	-19.236	585097.9	6.894461	0.998339	0.999575	1.00042	1.00166	4.320005
590	-439.058	-427.194	-11.8636	329871.7	8.440496	0.997788	0.999434	1.00056	1.00221	3.409649
600	-432.742	-424.124	-8.6177	551195.6	9.938744	0.998288	0.999562	1.00044	1.00171	3.081455
610	-433.616	-422.114	-11.5021	435958.1	12.02234	0.998076	0.999508	1.00049	1.00193	3.275091
620	-433.998	-423.844	-10.1539	369562.9	8.339077	0.99791	0.999465	1.00053	1.00209	3.200692
630	-442.558	-423.459	-19.0985	322889.3	8.656566	0.997764	0.999428	1.00057	1.00224	4.251682
640	-435.314	-422.603	-12.7118	850776.8	9.638994	0.998622	0.999648	1.00035	1.00138	3.503403
650	-427.285	-414.754	-12.5309	375004.9	12.62205	0.997925	0.999469	1.00053	1.00208	3.318755
660	-439.252	-417.834	-21.4179	597494.9	5.162099	0.998356	0.99958	1.00042	1.00164	4.409653
670	-436.174	-416.969	-19.205	720529.6	7.567899	0.998503	0.999617	1.00038	1.0015	4.320084
680	-432.506	-426.015	-6.49186	173708.6	14.21232	0.996952	0.999219	1.00078	1.00305	2.775641
690	-436.558	-424.281	-12.2775	488818.1	13.61335	0.998183	0.999535	1.00046	1.00182	3.227185
700	-418.852	-414.785	-4.06648	629907.4	10.63272	0.998399	0.99959	1.00041	1.0016	2.648722
710	-426.239	-414.359	-11.8796	574512.7	10.32383	0.998324	0.999571	1.00043	1.00168	3.396523
720	-424.087	-416.282	-7.8048	360913.8	13.67251	0.997885	0.999459	1.00054	1.00212	2.895691
730	-428.22	-414.177	-14.0436	652221.2	8.418531	0.998427	0.999598	1.0004	1.00157	3.667809
740	-433.026	-422.377	-10.6492	663115.6	11.73241	0.998439	0.999601	1.0004	1.00156	3.219602
750	-436.301	-418.349	-17.9522	282116.6	8.3519	0.997608	0.999388	1.00061	1.00239	4.135261
760	-428.107	-412.974	-15.1331	408091.6	10.30652	0.998011	0.999491	1.00051	1.00199	3.71287
770	-427.099	-416.005	-11.0939	969201.5	9.329605	0.998709	0.99967	1.00033	1.00129	3.337401
780	-425.454	-412.842	-12.6117	460547.8	9.469329	0.998128	0.999521	1.00048	1.00187	3.497293
790	-449.116	-433.141	-15.9751	756762.4	7.085585	0.998539	0.999626	1.00037	1.00146	3.865214
800	-429.8	-419.013	-10.7869	280447.7	11.48823	0.997601	0.999386	1.00061	1.0024	3.24386
810	-439.036	-416.419	-22.6172	191538.3	9.567367	0.997097	0.999257	1.00074	1.00291	4.540728
820	-440.859	-425.898	-14.9618	325582.3	7.525802	0.997773	0.99943	1.00057	1.00223	3.757079
830	-434.872	-421.117	-13.7554	295751.6	6.348135	0.997664	0.999402	1.0006	1.00234	3.416504
840	-435.317	-422.355	-12.9613	894630.9	7.599386	0.998656	0.999656	1.00034	1.00134	3.497777
850	-443.274	-426.694	-16.58	697893.6	5.826646	0.998479	0.999611	1.00039	1.00152	3.739463
860	-440.678	-426.428	-14.2496	983177.1	7.331208	0.998718	0.999672	1.00033	1.00128	3.647057
870	-427.286	-414.421	-12.8651	729815.2	7.790173	0.998512	0.99962	1.00038	1.00149	3.499901
880	-431.147	-417.773	-13.3737	944612	7.75877	0.998692	0.999666	1.00033	1.00131	3.563246
890	-442.206	-427.386	-14.8198	947505.4	8.165176	0.998694	0.999666	1.00033	1.00131	3.75938
900	-430.977	-417.03	-13.947	810383.7	8.024045	0.998588	0.999639	1.00036	1.00141	3.648545
910	-440.341	-425.042	-15.2989	740078.1	8.691224	0.998523	0.999622	1.00038	1.00148	3.811923
920	-437.979	-425.631	-12.3478	126942.4	7.52571	0.996435	0.999087	1.00091	1.00357	3.409738
930	-440.87	-427.802	-13.0685	215036.2	7.846449	0.99726	0.999299	1.0007	1.00274	3.529567
940	-434.779	-422.028	-12.7513	424586.3	7.680787	0.99805	0.999501	1.0005	1.00195	3.477016
950	-431.266	-421.921	-9.34514	183035.1	11.24253	0.99703	0.99924	1.00076	1.00297	3.127424
960	-431.232	-415.311	-15.9213	419323.5	11.68627	0.998038	0.999498	1.0005	1.00196	3.673117
970	-435.725	-421.02	-14.7046	220430.9	10.93931	0.997294	0.999307	1.00069	1.00271	3.627104
980	-439.341	-418.361	-20.9805	774124.6	7.066118	0.998556	0.999631	1.00037	1.00145	4.57193
990	-437.014	-422.956	-14.058	281265.3	7.955739	0.997604	0.999387	1.00061	1.0024	3.660082
1000	-434.765	-425.533	-9.23235	157943.1	13.15548	0.996803	0.999181	1.00082	1.0032	3.029172
1010	-434.775	-421.375	-13.4005	69600.38	9.444056	0.995186	0.998765	1.00123	1.00482	3.581373
1020	-430.425	-415.316	-15.1096	44183.47	8.752674	0.993959	0.998449	1.00154	1.00605	3.788691
1030	-431.235	-420.746	-10.4892	562475.6	11.01205	0.998306	0.999567	1.00043	1.0017	3.238882
1040	-431.1	-419.644	-11.4556	996915.5	8.338924	0.998727	0.999675	1.00032	1.00127	3.356775
1050	-429.921	-414.264	-15.6569	826286.6	11.83741	0.998602	0.999642	1.00036	1.0014	3.63715
1060	-426.989	-413.106	-13.8827	85062.42	9.199917	0.995645	0.998883	1.00111	1.00436	3.640193
1070	-431.112	-421.994	-9.11783	403442.9	8.67757	0.998	0.999488	1.00051	1.002	3.099955
1080	-422.841	-411.14	-11.7017	347119.8	8.943517	0.997843	0.999448	1.00055	1.00216	3.402124
1090	-428.14	-417.869	-10.2708	181714.1	10.65594	0.99702	0.999237	1.00076	1.00298	3.231506
1100	-430.102	-419.825	-10.2773	385329.5	11.14254	0.997953	0.999476	1.00052	1.00205	3.214484
1110	-434.613	-422.111	-12.5013	48104.03	9.420231	0.99421	0.998514	1.00147	1.0058	3.486641
1120	-447.52	-430.27	-17.2502	365209.2	8.070837	0.997897	0.999462	1.00054	1.0021	4.05929
1130	-431.655	-414.884	-16.7714	444631.8	5.77457	0.998094	0.999512	1.00049	1.00191	3.756827
1140	-448.955	-431.021	-17.9337	517421.9	8.742684	0.998233	0.999548	1.00045	1.00177	4.111967
1150	-438.564	-419.524	-19.0406	79141.12	8.816242	0.995485	0.998842	1.00115	1.00452	4.232901
1160	-420.897	-410.054	-10.8426	591949.5	7.181644	0.998348	0.999578	1.00042	1.00165	3.158058
1170	-439.23	-422.43	-16.8006	213700.3	6.223068	0.997252	0.999296	1.0007	1.00275	3.872996
1180	-431.166	-415.532	-15.6344	987889.9	11.2762	0.998721	0.999673	1.00033	1.00128	3.683986
1190	-421.922	-414.852	-7.07063	430262.2	8.371888	0.998063	0.999504	1.00049	1.00194	2.834553
1200	-434.735	-423.855	-10.8803	810322.8	7.774214	0.998588	0.999639	1.00036	1.00141	3.243487
1210	-437.774	-425.348	-12.4269	968029.7	11.00147	0.998708	0.99967	1.00033	1.00129	3.415436
1220	-432.31	-417.956	-14.3537	752921.2	10.63531	0.998535	0.999625	1.00037	1.00147	3.616053
1230	-435.648	-419.346	-16.3014	250430.5	10.83256	0.997461	0.99935	1.00065	1.00254	3.782352
1240	-434.506	-420.505	-14.0005	152648.9	6.670531	0.996748	0.999167	1.00083	1.00326	3.523519
1250	-439.078	-421.722	-17.3563	226299.6	7.934475	0.997329	0.999316	1.00068	1.00267	4.074985
1260	-430.222	-420.645	-9.57773	948480.4	8.624347	0.998695	0.999666	1.00033	1.00131	3.150106
1270	-434.291	-419.705	-14.5857	194308.3	7.686793	0.997118	0.999262	1.00074	1.00289	3.716142
1280	-432.747	-419.754	-12.9937	238571.2	10.08149	0.997399	0.999334	1.00066	1.0026	3.515735
1290	-442.806	-422.554	-20.2518	655989.2	5.857889	0.998431	0.999599	1.0004	1.00157	4.375397
1300	-439.207	-422.687	-16.5203	220235.8	6.829162	0.997293	0.999307	1.00069	1.00271	3.919579
1310	-425.796	-410.901	-14.8951	564690.9	7.244098	0.998309	0.999567	1.00043	1.00169	3.72796
1320	-438.572	-429.353	-9.21817	187527.5	13.51181	0.997066	0.999249	1.00075	1.00294	3.008236
1330	-427.545	-419.543	-8.00252	94675.94	10.55286	0.995872	0.998942	1.00105	1.00413	3.019688
1340	-426.754	-413.642	-13.1116	724710.3	10.29307	0.998507	0.999618	1.00038	1.00149	3.517397
1350	-438.311	-423.911	-14.4	394264.3	7.549683	0.997976	0.999482	1.00052	1.00203	3.683999
1360	-434.514	-421.06	-13.4535	735563.6	9.605897	0.998518	0.999621	1.00038	1.00148	3.581556
1370	-432.688	-417.776	-14.9119	28655.95	8.21374	0.992501	0.998072	1.00191	1.00752	3.771017
1380	-433.435	-417.666	-15.7697	444012.9	6.790002	0.998093	0.999512	1.00049	1.00191	3.804835
1390	-436.5	-419.815	-16.6849	25814.14	9.639158	0.9921	0.997968	1.00201	1.00792	3.91558
1400	-429.414	-421.207	-8.20765	14576.51	8.543187	0.989491	0.997291	1.00267	1.01055	2.985037
1410	-431.059	-412.524	-18.5348	290781.2	6.654725	0.997644	0.999397	1.0006	1.00236	4.201968
1420	-433.97	-422.228	-11.7425	385314	9.890866	0.997953	0.999476	1.00052	1.00205	3.397151
1430	-436.978	-420.752	-16.2261	667235.5	6.890827	0.998444	0.999602	1.0004	1.00156	3.883063
1440	-426.429	-414.635	-11.7935	381944.5	7.892713	0.997944	0.999474	1.00052	1.00206	3.370744
1450	-439.455	-422.581	-16.8742	64116.26	6.851164	0.994985	0.998713	1.00128	1.00502	3.973493
1460	-432.793	-422.679	-10.1144	950544.4	10.5963	0.998697	0.999667	1.00033	1.0013	3.218588
1470	-439.118	-424.487	-14.631	574599.4	11.27054	0.998324	0.999571	1.00043	1.00168	3.595435
1480	-432.012	-419.716	-12.2959	155175.8	8.469815	0.996775	0.999174	1.00082	1.00323	3.461703
1490	-431.102	-421.234	-9.86814	780335.6	10.37398	0.998561	0.999632	1.00037	1.00144	3.200658
1500	-435.469	-421.569	-13.9	639661.5	10.02374	0.998411	0.999594	1.00041	1.00159	3.608641
1510	-431.969	-423.312	-8.65747	113753.6	10.1985	0.996234	0.999035	1.00096	1.00377	3.085258
1520	-431.079	-416.641	-14.4378	973327	10.85605	0.998712	0.999671	1.00033	1.00129	3.608651
1530	-428.559	-418.052	-10.5067	194780.8	8.553565	0.997121	0.999263	1.00073	1.00288	3.254644
1540	-421.788	-413.405	-8.38344	457473.7	10.41778	0.998121	0.999519	1.00048	1.00188	3.05719
1550	-433.62	-417.018	-16.6019	805610.9	6.967739	0.998584	0.999638	1.00036	1.00142	3.944494
1560	-439.787	-427.061	-12.726	462637.8	8.679479	0.998132	0.999522	1.00048	1.00187	3.515777
1570	-443.87	-424.573	-19.297	77333.02	6.104093	0.995433	0.998829	1.00116	1.00457	4.257004
1580	-434.494	-425.696	-8.79795	240109.2	8.441606	0.997407	0.999336	1.00066	1.0026	3.046531
1590	-441.385	-429.093	-12.292	125555.2	10.05313	0.996415	0.999081	1.00091	1.00359	3.447174
1600	-451.321	-433.048	-18.2731	684883.3	8.188501	0.998464	0.999607	1.00039	1.00154	4.181328
1610	-430.311	-416.407	-13.9039	614808.6	14.03945	0.998379	0.999585	1.00041	1.00162	3.311461
1620	-426.395	-412.067	-14.3281	536960.4	7.566171	0.998266	0.999556	1.00044	1.00174	3.675551
1630	-433.956	-419.15	-14.8057	301702.8	6.191151	0.997687	0.999408	1.00059	1.00232	3.544381
1640	-426.662	-410.485	-16.1768	48045.67	9.03783	0.994207	0.998513	1.00148	1.0058	3.897992
1650	-429.504	-421.541	-7.96332	551733.8	11.32046	0.998289	0.999562	1.00044	1.00171	3.002591
1660	-436.08	-422.341	-13.7389	436946.6	8.471422	0.998078	0.999508	1.00049	1.00192	3.632085
1670	-433.32	-418.685	-14.6354	2658.801	9.681895	0.975457	0.993597	1.00619	1.02476	3.700801
1680	-427.815	-412.29	-15.5253	13742.79	7.267558	0.989178	0.99721	1.00275	1.01086	3.816678
1690	-426.293	-417.504	-8.78906	72879.92	9.235543	0.995295	0.998793	1.0012	1.00471	3.087659
1700	-439.401	-429.796	-9.60483	5974.35	10.77428	0.983603	0.995752	1.00415	1.01649	3.165837
1710	-434.962	-420.846	-14.1155	320539.7	7.285841	0.997756	0.999426	1.00057	1.00225	3.624486
1720	-430.394	-419.454	-10.9401	137900.4	9.518356	0.996579	0.999124	1.00087	1.00342	3.320532
1730	-422.55	-412.252	-10.2982	776771.3	9.009003	0.998558	0.999631	1.00037	1.00144	3.246877
1740	-427.699	-412.111	-15.5881	713815.6	7.057727	0.998496	0.999615	1.00038	1.0015	3.808005
1750	-435.787	-418.867	-16.9195	206456.7	8.328961	0.997204	0.999284	1.00071	1.0028	4.012316
1760	-445.447	-428.016	-17.4304	172641.8	9.407441	0.996942	0.999217	1.00078	1.00306	4.01084
1770	-440.568	-426.473	-14.0955	135947.6	9.427228	0.996555	0.999117	1.00088	1.00345	3.6556
1780	-435.472	-421.528	-13.9447	732480.5	9.421506	0.998515	0.99962	1.00038	1.00149	3.639808
1790	-435.71	-422.96	-12.7495	884604.4	8.787831	0.998649	0.999654	1.00034	1.00135	3.519223
1800	-427.343	-415.048	-12.2947	967618.4	10.96238	0.998708	0.99967	1.00033	1.00129	3.405561
1810	-428.968	-417.797	-11.1712	46853.88	8.520499	0.994134	0.998494	1.00149	1.00588	3.331031
1820	-432.053	-417.57	-14.4829	333512.8	7.076491	0.9978	0.999437	1.00056	1.0022	3.653589
1830	-440.705	-428.279	-12.4256	990969.6	7.902256	0.998723	0.999674	1.00033	1.00128	3.451464
1840	-430.039	-419.763	-10.2759	472612.8	10.03144	0.998152	0.999527	1.00047	1.00185	3.246969
1850	-431.838	-419.12	-12.7179	109151.9	7.416609	0.996155	0.999015	1.00098	1.00385	3.447766
1860	-441.449	-419.61	-21.839	986234.2	6.953562	0.99872	0.999673	1.00033	1.00128	4.696433
1870	-443.897	-427.516	-16.3807	405587.7	8.876199	0.998005	0.99949	1.00051	1.002	3.928487
1880	-443.454	-422.559	-20.8949	941608.9	9.852257	0.99869	0.999665	1.00033	1.00131	4.32712
1890	-434.669	-420.036	-14.6329	82016.79	9.250336	0.995565	0.998863	1.00113	1.00444	3.719859
1900	-429.491	-414.905	-14.5863	301924.5	8.954353	0.997688	0.999408	1.00059	1.00231	3.724373
1910	-432.734	-419.047	-13.6866	272942.7	7.935601	0.997568	0.999378	1.00062	1.00243	3.612531
1920	-432.731	-414.531	-18.2007	472646.1	8.326475	0.998152	0.999527	1.00047	1.00185	4.166258
1930	-431.193	-414.203	-16.9901	38258.52	6.237936	0.993509	0.998333	1.00165	1.00651	3.906297
1940	-442.708	-423.507	-19.2002	907062.5	8.252626	0.998666	0.999659	1.00034	1.00133	4.290819
1950	-440.45	-428.102	-12.3475	385491.4	8.675918	0.997953	0.999476	1.00052	1.00205	3.472119
1960	-443.558	-421.12	-22.438	414917	5.651871	0.998027	0.999495	1.0005	1.00197	4.719941
1970	-442.437	-423.195	-19.2423	864696	8.31661	0.998633	0.999651	1.00035	1.00137	4.291979
1980	-440.07	-424.345	-15.7248	592639.2	7.381048	0.998349	0.999578	1.00042	1.00165	3.851232
1990	-432.516	-420.223	-12.2933	652645.1	8.425693	0.998427	0.999598	1.0004	1.00157	3.460118
2000	-433.918	-416.395	-17.5238	332404.8	9.427619	0.997796	0.999436	1.00056	1.00221	4.019232
2010	-439.412	-422.379	-17.0339	763966.6	8.737577	0.998546	0.999628	1.00037	1.00145	4.009302
2020	-431.791	-418.767	-13.0239	371979.8	8.740846	0.997917	0.999467	1.00053	1.00208	3.550373
2030	-440.829	-425.332	-15.4971	646122.9	8.312617	0.998419	0.999596	1.0004	1.00158	3.841683
2040	-442.028	-423.231	-18.7966	611716.3	5.183367	0.998375	0.999584	1.00041	1.00163	3.911201
2050	-437.237	-422.556	-14.6806	77005.12	7.798251	0.995423	0.998826	1.00117	1.00458	3.733263
2060	-434.063	-420.949	-13.1142	481273	8.856518	0.998168	0.999531	1.00047	1.00183	3.560576
2070	-438.718	-419.342	-19.3762	912776.3	10.66608	0.99867	0.99966	1.00034	1.00133	4.084872
2080	-423.271	-414.274	-8.99727	75785.98	12.10762	0.995386	0.998817	1.00118	1.00462	3.062997
2090	-433.312	-417.753	-15.5595	586633.7	8.596447	0.998341	0.999576	1.00042	1.00166	3.844379
2100	-431.458	-417.871	-13.5864	381307.3	8.010634	0.997942	0.999473	1.00053	1.00206	3.603086
2110	-425.31	-414.549	-10.7619	25236.66	9.996531	0.99201	0.997945	1.00203	1.00801	3.296118
2120	-422.457	-410.769	-11.6884	791213.1	9.413735	0.998571	0.999635	1.00036	1.00143	3.400406
2130	-429.15	-417.62	-11.53	565178.8	8.018551	0.99831	0.999568	1.00043	1.00169	3.346943
2140	-438.259	-424.054	-14.2047	883682.3	8.841003	0.998648	0.999654	1.00035	1.00135	3.68397
2150	-431.092	-414.987	-16.1051	983709.8	5.681849	0.998719	0.999672	1.00033	1.00128	3.610117
2160	-430.513	-412.756	-17.7568	169306.9	9.259859	0.996913	0.999209	1.00079	1.00309	4.056853
2170	-438.214	-421.486	-16.7282	923577.5	9.686493	0.998678	0.999662	1.00034	1.00132	3.916628
2180	-427.372	-414.47	-12.9019	381836.9	8.64572	0.997944	0.999474	1.00052	1.00206	3.535754
2190	-448.919	-428.844	-20.0747	824007.6	6.268034	0.9986	0.999642	1.00036	1.0014	4.404035
2200	-428.011	-424.542	-3.46867	581146.4	11.07232	0.998333	0.999574	1.00043	1.00167	2.602372
2210	-436.258	-423.382	-12.8759	431168.7	11.17783	0.998065	0.999505	1.00049	1.00194	3.445512
2220	-436.647	-424.161	-12.4863	185736.8	9.710132	0.997052	0.999245	1.00075	1.00295	3.478033
2230	-437.014	-421.664	-15.3501	460477.4	11.76425	0.998127	0.999521	1.00048	1.00187	3.617548
2240	-441.971	-430.269	-11.7017	907088.2	8.901678	0.998666	0.999659	1.00034	1.00133	3.401666
2250	-446.245	-431.324	-14.9217	939492.2	9.825196	0.998689	0.999665	1.00033	1.00131	3.722398
2260	-447.104	-430.841	-16.2624	612541.7	9.933828	0.998376	0.999585	1.00041	1.00162	3.850998
2270	-438.895	-420.434	-18.4615	473957.2	8.543894	0.998154	0.999528	1.00047	1.00185	4.185228
2280	-440.121	-423.897	-16.224	230907.5	6.918568	0.997356	0.999323	1.00067	1.00265	3.885548
2290	-449.071	-427.198	-21.8728	601595.4	5.830815	0.998362	0.999581	1.00042	1.00164	4.648433
2300	-441.448	-421.033	-20.4148	270082.6	7.836972	0.997555	0.999374	1.00062	1.00245	4.466366
2310	-435.924	-419.713	-16.2109	462139.9	5.836357	0.998131	0.999522	1.00048	1.00187	3.679088
2320	-431.354	-417.64	-13.7138	306220.3	6.987836	0.997704	0.999412	1.00059	1.0023	3.532875
2330	-431.245	-419.039	-12.2064	746581.8	8.519405	0.998529	0.999624	1.00038	1.00147	3.452496
2340	-440.068	-420.572	-19.4962	36273.09	7.155252	0.993334	0.998287	1.0017	1.00668	4.362862
2350	-435.278	-418.956	-16.3216	684004.6	9.387004	0.998463	0.999607	1.00039	1.00154	3.894244
2360	-451.776	-438.01	-13.7662	382627	7.83096	0.997946	0.999474	1.00052	1.00206	3.617703
2370	-448.356	-430.094	-18.2616	4695.298	7.436557	0.981511	0.995201	1.00468	1.01861	4.195365
2380	-430.927	-420.689	-10.2381	844761.8	9.199087	0.998617	0.999646	1.00035	1.00138	3.244015
2390	-431.686	-419.274	-12.412	215490.7	6.615836	0.997263	0.999299	1.0007	1.00274	3.273137
2400	-425.275	-417.831	-7.44462	781477	10.86357	0.998562	0.999632	1.00037	1.00144	2.964393
2410	-433.549	-417.364	-16.1848	715745.7	12.27744	0.998498	0.999616	1.00038	1.0015	3.640727
2420	-432.934	-419.845	-13.0889	271389.7	6.941383	0.997561	0.999376	1.00062	1.00244	3.436122
2430	-438.33	-423.785	-14.5453	641920.7	8.08367	0.998414	0.999594	1.0004	1.00159	3.724398
2440	-432.148	-422.163	-9.98451	751427	10.5455	0.998534	0.999625	1.00037	1.00147	3.207698
2450	-438.78	-422.277	-16.5034	573336.6	9.53469	0.998322	0.999571	1.00043	1.00168	3.903918
2460	-439.623	-418.809	-20.8138	70349.6	9.093651	0.995212	0.998772	1.00122	1.0048	4.405089
2470	-441.193	-423.007	-18.1857	937386.4	7.949763	0.998687	0.999664	1.00034	1.00131	4.179079
2480	-427.97	-420.731	-7.23883	385870.6	12.696	0.997954	0.999477	1.00052	1.00205	2.896613
2490	-430.908	-421.061	-9.84725	989330.5	9.171691	0.998722	0.999673	1.00033	1.00128	3.20096
2500	-433.213	-422.322	-10.8907	505255.7	8.158938	0.998212	0.999543	1.00046	1.00179	3.277746
2510	-435.777	-422.759	-13.0186	278486.2	8.679298	0.997592	0.999384	1.00061	1.00241	3.549494
2520	-441.084	-424.665	-16.4192	680833	6.488973	0.99846	0.999606	1.00039	1.00154	3.860115
2530	-432.927	-420.158	-12.7687	778275.6	11.58567	0.99856	0.999632	1.00037	1.00144	3.410007
2540	-425.217	-415.858	-9.35869	575636.2	10.22551	0.998325	0.999572	1.00043	1.00168	3.153692
2550	-429.18	-417.684	-11.4964	890292.1	9.486987	0.998653	0.999656	1.00034	1.00135	3.379331
2560	-428.338	-417.006	-11.3315	945299.8	11.33213	0.998693	0.999666	1.00033	1.00131	3.299519
2570	-432.887	-419.694	-13.1929	518459.6	10.90669	0.998235	0.999549	1.00045	1.00177	3.490914
2580	-439.288	-420.796	-18.4921	108174.7	8.705589	0.996138	0.99901	1.00098	1.00387	4.178365
2590	-430.87	-413.995	-16.8753	386757.7	6.62746	0.997957	0.999477	1.00052	1.00204	3.949237
2600	-438.978	-423.099	-15.879	65145.78	6.921735	0.995024	0.998724	1.00127	1.00498	3.836026
2610	-432.245	-420.142	-12.1027	147825.9	7.367004	0.996696	0.999154	1.00084	1.00331	3.358755
2620	-433.685	-417.526	-16.1589	539594.5	9.256709	0.99827	0.999557	1.00044	1.00173	3.88446
2630	-437.083	-421.193	-15.89	146420.9	8.43405	0.99668	0.99915	1.00085	1.00332	3.886825
2640	-447.392	-433.456	-13.9354	431410.8	8.733159	0.998065	0.999505	1.00049	1.00194	3.654726
2650	-440.054	-423.88	-16.1737	952724.2	7.669499	0.998698	0.999667	1.00033	1.0013	3.922344
2660	-430.682	-420.215	-10.4668	163982	9.796856	0.996863	0.999197	1.0008	1.00314	3.269293
2670	-445.053	-432.372	-12.6808	136480.9	8.284928	0.996561	0.999119	1.00088	1.00344	3.50197
2680	-429.261	-411.441	-17.8202	963609.4	10.16741	0.998705	0.999669	1.00033	1.0013	3.986582
2690	-433.17	-425.771	-7.39944	550072	10.93007	0.998287	0.999562	1.00044	1.00171	2.959433
2700	-436.8	-422.345	-14.4552	367574.3	7.03743	0.997904	0.999464	1.00053	1.0021	3.645082
2710	-446.637	-428.405	-18.2319	76793.79	7.632902	0.995417	0.998825	1.00117	1.00459	4.191069
2720	-438.229	-417.814	-20.4157	905682	5.314429	0.998665	0.999659	1.00034	1.00134	4.269544
2730	-429.99	-420.171	-9.81895	622722.8	8.45614	0.99839	0.999588	1.00041	1.00161	3.168405
2740	-431.129	-413.896	-17.2333	726030.5	9.174413	0.998509	0.999619	1.00038	1.00149	4.006088
2750	-435.24	-420.605	-14.6342	769016.1	7.179656	0.998551	0.999629	1.00037	1.00145	3.685815
2760	-430.471	-418.29	-12.1805	514070.8	8.769337	0.998228	0.999547	1.00045	1.00177	3.454262
2770	-434.093	-424.526	-9.56675	312207.8	9.86157	0.997726	0.999418	1.00058	1.00228	3.177286
2780	-442.232	-420.533	-21.6996	667599.6	4.95642	0.998445	0.999602	1.0004	1.00156	4.387082
2790	-435.09	-415.629	-19.4612	919764.7	7.147415	0.998675	0.999661	1.00034	1.00133	4.35791
2800	-436.655	-423.053	-13.6018	596255.2	6.640012	0.998354	0.999579	1.00042	1.00165	3.457799
2810	-426.446	-419.745	-6.70126	928258.4	9.377934	0.998681	0.999663	1.00034	1.00132	2.868951
2820	-434.064	-418.692	-15.3723	607957.6	11.57428	0.99837	0.999583	1.00042	1.00163	3.635706
2830	-428.779	-414.743	-14.0361	23019.91	13.98567	0.991635	0.997848	1.00213	1.00839	3.325358
2840	-441.518	-421.257	-20.2614	117689.7	10.11659	0.996297	0.999051	1.00094	1.00371	4.232572
2850	-429.724	-418.675	-11.0494	740332.6	8.336848	0.998523	0.999622	1.00038	1.00148	3.307955
2860	-429.412	-419.102	-10.31	76026.88	10.95309	0.995394	0.998819	1.00117	1.00461	3.224858
2870	-430.442	-422.149	-8.29279	797911.5	11.88542	0.998577	0.999636	1.00036	1.00142	3.013298
2880	-430.001	-423.067	-6.93394	32643.39	11.03653	0.992973	0.998194	1.00179	1.00704	2.915761
2890	-439.041	-427.853	-11.188	707080.9	7.624882	0.998489	0.999613	1.00039	1.00151	3.267333
2900	-428.866	-418.033	-10.8325	773931.9	10.51929	0.998555	0.999631	1.00037	1.00145	3.288993
2910	-428.399	-419.549	-8.85077	198097.1	9.537751	0.997146	0.999269	1.00073	1.00286	3.101362
2920	-425.706	-415.622	-10.0839	527607.9	9.732351	0.998251	0.999552	1.00045	1.00175	3.23054
2930	-431.135	-417.765	-13.3701	844626	7.434177	0.998617	0.999646	1.00035	1.00138	3.537378
2940	-432.422	-422.587	-9.83566	518546.2	11.83966	0.998235	0.999549	1.00045	1.00177	3.145279
2950	-432.923	-421.297	-11.6256	837786.6	10.1226	0.998612	0.999645	1.00035	1.00139	3.378755
2960	-441.064	-426.765	-14.2991	884111.2	8.457719	0.998648	0.999654	1.00034	1.00135	3.698212
2970	-435.819	-423.757	-12.0615	201058.8	10.63712	0.997167	0.999275	1.00072	1.00284	3.400445
2980	-423.215	-415.775	-7.44004	478682.5	9.181649	0.998163	0.99953	1.00047	1.00184	2.938996
2990	-426.718	-416.284	-10.4346	919508.9	9.790446	0.998675	0.999661	1.00034	1.00133	3.26607
3000	-446.206	-428.605	-17.6008	351802.9	6.415469	0.997858	0.999452	1.00055	1.00214	4.032214
3010	-440.952	-424.767	-16.1843	715852.4	7.482969	0.998498	0.999616	1.00038	1.0015	3.91794
3020	-438.419	-420.304	-18.1154	394889.9	7.91856	0.997978	0.999483	1.00052	1.00202	4.171068
3030	-444.474	-424.027	-20.4468	372426.1	5.501302	0.997918	0.999467	1.00053	1.00208	4.330678
3040	-435.879	-421.458	-14.4212	295164.8	8.550778	0.997661	0.999401	1.0006	1.00234	3.712306
3050	-436.22	-420.218	-16.0023	473761.6	6.14939	0.998154	0.999528	1.00047	1.00185	3.728063
3060	-435.936	-425.219	-10.7168	334924.6	9.153924	0.997804	0.999438	1.00056	1.0022	3.295562
3070	-432.366	-418.849	-13.5168	240013.8	8.053572	0.997407	0.999336	1.00066	1.0026	3.596072
3080	-430.302	-414.205	-16.0965	401831.3	8.01144	0.997996	0.999487	1.00051	1.00201	3.916433
3090	-435.961	-421.887	-14.0739	654101.7	10.16891	0.998429	0.999598	1.0004	1.00157	3.618037
3100	-432.664	-416.036	-16.6287	661416	5.843978	0.998437	0.9996	1.0004	1.00156	3.752879
3110	-428.13	-413.124	-15.0058	967637.7	12.86977	0.998708	0.99967	1.00033	1.00129	3.493166
3120	-426.005	-417.679	-8.3263	525438.5	9.421614	0.998247	0.999552	1.00045	1.00175	3.043479
3130	-424.902	-415.14	-9.76225	213719	9.674741	0.997252	0.999296	1.0007	1.00275	3.197471
3140	-438.51	-425.895	-12.615	707901.2	10.45897	0.99849	0.999614	1.00039	1.00151	3.461398
3150	-434.295	-417.363	-16.9325	818689.5	6.51086	0.998596	0.999641	1.00036	1.00141	3.942363
3160	-436.602	-419.512	-17.0898	498980.6	7.135066	0.998201	0.99954	1.00046	1.0018	4.025436
3170	-437.833	-423.96	-13.8728	754982.7	7.95269	0.998537	0.999626	1.00037	1.00146	3.636683
3180	-446.214	-428.77	-17.4437	487406.3	6.288636	0.99818	0.999534	1.00046	1.00182	3.987799
3190	-442.274	-425.906	-16.3681	176119	10.82598	0.996973	0.999225	1.00077	1.00303	3.789082
3200	-437.937	-422.687	-15.2496	627752.4	8.173029	0.998396	0.99959	1.00041	1.0016	3.812053
3210	-456.527	-429.46	-27.067	396014	8.014894	0.997981	0.999483	1.00052	1.00202	5.285194
3220	-425.385	-416.432	-8.95268	979454.6	10.85039	0.998716	0.999672	1.00033	1.00128	3.103532
3230	-435.572	-419.75	-15.8221	857468.2	10.94426	0.998628	0.999649	1.00035	1.00137	3.728842
3240	-436.774	-423.754	-13.0199	703388.7	11.19576	0.998485	0.999612	1.00039	1.00152	3.457264
3250	-431.498	-416.705	-14.7932	544264.8	9.698893	0.998278	0.999559	1.00044	1.00172	3.716209
3260	-432.82	-419.276	-13.5444	330223.2	8.149554	0.997789	0.999434	1.00056	1.00221	3.602724
3270	-441.991	-426.455	-15.5359	140102.7	6.493186	0.996606	0.999131	1.00087	1.0034	3.724744
3280	-430.808	-417.313	-13.4947	793357.7	10.74762	0.998573	0.999635	1.00036	1.00143	3.52851
3290	-437.162	-421.131	-16.0308	869687	8.108761	0.998637	0.999652	1.00035	1.00136	3.908066
3300	-425.808	-417.741	-8.06698	920454.7	10.71696	0.998675	0.999661	1.00034	1.00133	3.023917
3310	-426.679	-420.996	-5.68309	817629	10.37615	0.998595	0.999641	1.00036	1.00141	2.797278
3320	-425.761	-419.828	-5.93314	951919.8	12.91822	0.998697	0.999667	1.00033	1.0013	2.786597
3330	-429.721	-427.373	-2.34774	294046.7	11.37865	0.997657	0.9994	1.0006	1.00235	2.507564
3340	-435.713	-421.662	-14.0505	497679.6	9.956103	0.998199	0.999539	1.00046	1.0018	3.627188
3350	-441.481	-429.887	-11.5943	534239.8	9.156724	0.998261	0.999555	1.00044	1.00174	3.391423
3360	-442.525	-427.654	-14.8703	592535.7	8.742105	0.998349	0.999578	1.00042	1.00165	3.761581
3370	-435.072	-419.285	-15.7871	917587.9	9.534648	0.998673	0.999661	1.00034	1.00133	3.828795
3380	-427.857	-415.081	-12.7764	42367.55	8.223997	0.993831	0.998416	1.00157	1.00618	3.511396
3390	-433.921	-418.422	-15.4983	336776.4	8.376328	0.997811	0.99944	1.00056	1.00219	3.841161
3400	-434.337	-422.5	-11.8372	198253.1	10.76873	0.997147	0.999269	1.00073	1.00286	3.373294
3410	-445.567	-429.259	-16.3079	798652.6	9.329624	0.998578	0.999636	1.00036	1.00142	3.89627
3420	-439.654	-419.225	-20.4291	175358.9	9.204806	0.996966	0.999223	1.00077	1.00304	4.351242
3430	-442.674	-424.771	-17.9035	587003.5	8.007791	0.998341	0.999576	1.00042	1.00166	4.142076
3440	-436.826	-422.898	-13.9286	249374.9	8.976282	0.997456	0.999349	1.00065	1.00255	3.650506
3450	-436.95	-422.611	-14.3383	878190.8	10.47483	0.998644	0.999653	1.00035	1.00136	3.625149
3460	-440.591	-421.169	-19.4217	119608.7	12.8765	0.996327	0.999059	1.00094	1.00368	3.835514
3470	-430.203	-417.776	-12.4263	213485.7	10.6962	0.99725	0.999296	1.0007	1.00275	3.43175
3480	-437.557	-424.545	-13.0119	188757.9	8.493318	0.997076	0.999251	1.00075	1.00293	3.546648
3490	-437.543	-424.138	-13.405	845369.7	9.064292	0.998618	0.999647	1.00035	1.00138	3.590877
3500	-442.402	-428.977	-13.4249	515047.8	10.61771	0.998229	0.999547	1.00045	1.00177	3.529759
3510	-436.115	-428.581	-7.53442	223400.6	9.108909	0.997312	0.999312	1.00069	1.00269	2.945608
3520	-437.399	-423.887	-13.5114	344759.2	9.039367	0.997836	0.999446	1.00055	1.00217	3.603049
3530	-426.696	-418.658	-8.03728	508973.6	10.55267	0.998219	0.999544	1.00045	1.00178	3.022983
3540	-436.266	-422.569	-13.6979	59669.97	10.56697	0.994801	0.998666	1.00132	1.00521	3.558536
3550	-439.953	-421.465	-18.4874	776886.2	7.141342	0.998558	0.999631	1.00037	1.00144	4.221494
3560	-434.533	-425.456	-9.07712	876479.1	8.911117	0.998643	0.999653	1.00035	1.00136	3.107251
3570	-429.236	-415.87	-13.3663	489317.3	8.403698	0.998183	0.999535	1.00046	1.00182	3.587111
3580	-433.203	-416.916	-16.2876	854289	9.171602	0.998625	0.999648	1.00035	1.00138	3.903161
3590	-437.479	-420.152	-17.3269	840501.2	7.789106	0.998614	0.999646	1.00035	1.00139	4.072651
3600	-445.111	-424.264	-20.8472	489129.1	6.996972	0.998183	0.999535	1.00046	1.00182	4.553657
3610	-448.189	-426.937	-21.2517	350394.1	5.943433	0.997853	0.999451	1.00055	1.00215	4.558267
3620	-431.977	-416.634	-15.3427	973976.7	8.247169	0.998712	0.999671	1.00033	1.00129	3.823401
3630	-442.046	-424.343	-17.7027	311944.6	6.577175	0.997725	0.999418	1.00058	1.00228	4.068545
3640	-445.187	-430.999	-14.1877	429421.1	8.026222	0.998061	0.999504	1.00049	1.00194	3.678603
3650	-424.793	-412.701	-12.0915	577575.2	11.29987	0.998328	0.999572	1.00043	1.00167	3.368442
3660	-431.926	-419.931	-11.9959	482228.6	9.33723	0.99817	0.999532	1.00047	1.00183	3.433997
3670	-422.426	-410.023	-12.403	722682.4	8.3021	0.998505	0.999618	1.00038	1.0015	3.46908
3680	-435.503	-420.82	-14.6833	172336.5	8.953016	0.99694	0.999216	1.00078	1.00306	3.735247
3690	-431.804	-413.287	-18.5169	107128.1	5.816072	0.996119	0.999005	1.00099	1.00389	4.06934
3700	-435.955	-424.984	-10.971	867797.2	10.63119	0.998636	0.999651	1.00035	1.00136	3.298145
3710	-433.472	-420.07	-13.4027	272990.4	8.062493	0.997568	0.999378	1.00062	1.00243	3.582243
3720	-435.386	-418.398	-16.9887	311476.1	5.867362	0.997723	0.999417	1.00058	1.00228	3.820955
3730	-432.48	-417.635	-14.8449	748161.6	6.365287	0.998531	0.999624	1.00037	1.00147	3.591896
3740	-426.504	-418.194	-8.31051	430588.9	11.37468	0.998064	0.999505	1.00049	1.00194	3.03171
3750	-423.494	-414.257	-9.23678	467804.5	12.23592	0.998142	0.999525	1.00047	1.00186	3.076785
3760	-424.483	-415.273	-9.21045	802240.6	9.716755	0.998581	0.999637	1.00036	1.00142	3.140709
3770	-431.168	-414.703	-16.4657	293708.9	9.505382	0.997656	0.9994	1.0006	1.00235	3.901921
3780	-435.071	-425.188	-9.88246	168169.4	10.12563	0.996902	0.999207	1.00079	1.0031	3.20651
3790	-432.532	-415.046	-17.4857	494822.1	6.149854	0.998194	0.999538	1.00046	1.00181	3.969387
3800	-440.505	-417.246	-23.2595	631111.4	7.965907	0.9984	0.999591	1.00041	1.0016	4.815552
3810	-428.614	-418.351	-10.2625	604873.7	10.84841	0.998366	0.999582	1.00042	1.00163	3.224322
3820	-428.399	-415.569	-12.8303	711600.4	6.974404	0.998494	0.999615	1.00038	1.00151	3.404282
3830	-442.462	-423.02	-19.4421	749995.2	6.755984	0.998533	0.999625	1.00037	1.00147	4.344052
3840	-434.096	-417.445	-16.6513	993292.9	5.679248	0.998725	0.999674	1.00033	1.00128	3.705372
3850	-427.509	-411.818	-15.6908	413895.5	9.028734	0.998025	0.999495	1.0005	1.00198	3.844605
3860	-435.78	-418.675	-17.1055	178155.9	6.574768	0.99699	0.999229	1.00077	1.00301	3.977445
3870	-442.312	-427.576	-14.7359	747103.4	8.842286	0.99853	0.999624	1.00038	1.00147	3.744026
3880	-433.381	-422.195	-11.1854	554753	8.721414	0.998294	0.999564	1.00044	1.00171	3.33951
3890	-431.95	-421.867	-10.0831	573326.3	9.497024	0.998322	0.999571	1.00043	1.00168	3.230407
3900	-438.708	-422.465	-16.2434	586174.1	8.916425	0.99834	0.999575	1.00042	1.00166	3.911198
3910	-433.12	-424.37	-8.75009	870710	8.658909	0.998638	0.999652	1.00035	1.00136	3.056393
3920	-431.767	-421.516	-10.2512	543457.6	11.29363	0.998276	0.999559	1.00044	1.00172	3.205845
3930	-432.878	-416.093	-16.7856	621003.7	9.040684	0.998387	0.999588	1.00041	1.00161	3.965191
3940	-433.845	-420.149	-13.6969	577448.6	10.31414	0.998328	0.999572	1.00043	1.00167	3.57309
3950	-441.902	-426.447	-15.4555	117059.3	7.973745	0.996287	0.999049	1.00095	1.00372	3.835976
3960	-427.807	-414.858	-12.9488	885394.5	8.602818	0.998649	0.999655	1.00034	1.00135	3.540761
3970	-430.18	-413.952	-16.2279	428022.8	12.6119	0.998058	0.999503	1.0005	1.00194	3.612615
3980	-444.8	-425.472	-19.3281	106829.3	7.517827	0.996114	0.999004	1.00099	1.00389	4.337418
3990	-439.463	-424.174	-15.2889	441931.9	9.108221	0.998089	0.999511	1.00049	1.00191	3.796947
4000	-437.2	-420.389	-16.8113	426120	7.140269	0.998053	0.999502	1.0005	1.00195	3.986733
4010	-428.273	-417.951	-10.3224	921206.8	8.661411	0.998676	0.999661	1.00034	1.00132	3.238087
4020	-441.504	-422.915	-18.5893	433460.3	9.291985	0.99807	0.999506	1.00049	1.00193	4.144025
4030	-434.661	-417.136	-17.5255	486229.5	7.331984	0.998178	0.999534	1.00047	1.00182	4.093911
4040	-432.65	-418.22	-14.4298	485659.1	8.63406	0.998177	0.999534	1.00047	1.00182	3.712607
4050	-445.184	-422.457	-22.7271	764461.1	4.653307	0.998547	0.999628	1.00037	1.00145	4.459162
4060	-434.485	-418.593	-15.8919	549766.3	9.407224	0.998286	0.999562	1.00044	1.00171	3.847311
4070	-434.365	-416.363	-18.0025	662479.4	7.333176	0.998439	0.999601	1.0004	1.00156	4.158992
4080	-439.259	-421.28	-17.9792	338127.2	8.196887	0.997815	0.999441	1.00056	1.00219	4.145106
4090	-436.548	-422.167	-14.3816	486300.8	8.60447	0.998178	0.999534	1.00046	1.00182	3.707293
4100	-431.266	-418.3	-12.966	618381.8	9.566767	0.998384	0.999587	1.00041	1.00162	3.531988
4110	-441.328	-426.528	-14.8002	917220.6	9.687786	0.998673	0.999661	1.00034	1.00133	3.717519
4120	-436.045	-425.526	-10.5187	380337.3	8.572962	0.99794	0.999473	1.00053	1.00206	3.256939
4130	-426.854	-412.73	-14.1236	474243.7	7.44877	0.998155	0.999528	1.00047	1.00185	3.639892
4140	-447.16	-428.17	-18.9898	151697.6	9.760335	0.996738	0.999165	1.00083	1.00327	4.142867
4150	-433.747	-424.482	-9.26451	283139.6	12.81082	0.997612	0.999389	1.00061	1.00239	3.050173
4160	-438.655	-427.722	-10.9331	787138	7.44295	0.998568	0.999634	1.00037	1.00143	3.210776
4170	-452.025	-434.531	-17.4938	691791.5	6.486734	0.998472	0.999609	1.00039	1.00153	4.02542
4180	-436.742	-421.338	-15.4031	737645.3	7.526324	0.99852	0.999622	1.00038	1.00148	3.815751
4190	-453.658	-432.484	-21.1745	750245.5	7.18529	0.998533	0.999625	1.00037	1.00147	4.596608
4200	-436.429	-420.452	-15.977	255658.3	10.62931	0.997487	0.999357	1.00064	1.00252	3.769179
4210	-437.664	-420.728	-16.9359	823511.4	7.86358	0.9986	0.999642	1.00036	1.0014	4.022403
4220	-438.417	-423.65	-14.7672	801324.9	7.295602	0.99858	0.999637	1.00036	1.00142	3.714749
4230	-435.663	-423.957	-11.7064	62760.21	7.687805	0.994931	0.998699	1.00129	1.00508	3.341674
4240	-435.035	-421.657	-13.378	242339.4	9.704818	0.997419	0.999339	1.00066	1.00258	3.570074
4250	-428.38	-415.842	-12.5377	849899.5	13.90842	0.998622	0.999647	1.00035	1.00138	3.224064
4260	-427.475	-418.419	-9.05653	464075.5	11.81604	0.998135	0.999523	1.00048	1.00187	3.08045
4270	-433.348	-422.393	-10.955	743852.8	9.836863	0.998527	0.999623	1.00038	1.00147	3.318478
4280	-427.116	-411.061	-16.0554	274021.9	6.697904	0.997573	0.999379	1.00062	1.00243	3.835277
4290	-425.8	-410.622	-15.1779	609902.8	9.593596	0.998373	0.999584	1.00042	1.00163	3.761742
4300	-423.711	-412.726	-10.985	978176.6	8.89669	0.998715	0.999671	1.00033	1.00129	3.321057
4310	-430.534	-413.578	-16.956	517251.8	7.147865	0.998233	0.999548	1.00045	1.00177	4.00743
4320	-434.613	-422.352	-12.2603	335604.8	9.891783	0.997807	0.999439	1.00056	1.0022	3.449474
4330	-434.937	-420.982	-13.9549	427045.4	8.013018	0.998056	0.999503	1.0005	1.00195	3.649163
4340	-430.774	-415.106	-15.6673	817505.9	9.438443	0.998595	0.999641	1.00036	1.00141	3.82171
4350	-440.323	-422.976	-17.3473	756216.8	7.310902	0.998539	0.999626	1.00037	1.00146	4.06893
4360	-439.356	-422.242	-17.1134	322166.2	8.660325	0.997761	0.999427	1.00057	1.00224	4.02219
4370	-435.284	-420.097	-15.187	174278.2	7.267911	0.996957	0.999221	1.00078	1.00305	3.770155
4380	-423.382	-416.484	-6.89745	626771.8	9.45185	0.998395	0.999589	1.00041	1.00161	2.893118
4390	-436.307	-420.163	-16.1435	105654.6	7.39084	0.996092	0.998998	1.001	1.00391	3.908437
4400	-431.272	-419.992	-11.2805	141726.8	8.68937	0.996626	0.999136	1.00086	1.00338	3.349521
4410	-437.419	-424.397	-13.022	811729.1	10.26618	0.99859	0.999639	1.00036	1.00141	3.509994
4420	-435.258	-421.388	-13.8698	938140.1	9.034475	0.998688	0.999665	1.00033	1.00131	3.642795
4430	-444.617	-426.844	-17.7726	837137.1	7.879148	0.998611	0.999645	1.00035	1.00139	4.128537
4440	-434.412	-422.449	-11.9631	299352	9.176621	0.997678	0.999406	1.00059	1.00232	3.431637
4450	-437.553	-421.607	-15.9456	420420.4	9.746367	0.99804	0.999499	1.0005	1.00196	3.831905
4460	-430.885	-417.111	-13.774	131490.1	8.337469	0.996497	0.999102	1.00089	1.00351	3.63478
4470	-434.646	-416.313	-18.3329	773272.5	6.442272	0.998555	0.99963	1.00037	1.00145	4.149591
4480	-443.01	-425.314	-17.6964	188619.3	7.842204	0.997075	0.999251	1.00075	1.00293	4.119433
4490	-429.033	-416.01	-13.0226	925666.9	8.40713	0.998679	0.999662	1.00034	1.00132	3.546294
4500	-437.076	-421.548	-15.5282	227603.2	10.12229	0.997337	0.999318	1.00068	1.00267	3.764313
4510	-437.787	-418.896	-18.8908	961065.1	7.500854	0.998704	0.999669	1.00033	1.0013	4.279443
4520	-434.527	-419.191	-15.3358	403911.1	7.499449	0.998001	0.999488	1.00051	1.002	3.80543
4530	-439.791	-421.23	-18.5605	30997.06	9.086277	0.99279	0.998147	1.00183	1.00723	4.157899
4540	-439.21	-422.213	-16.9969	606522.8	9.282274	0.998368	0.999583	1.00042	1.00163	3.973302
4550	-435.673	-418.432	-17.2411	741149.9	6.964638	0.998524	0.999622	1.00038	1.00148	4.03601
4560	-439.098	-421.288	-17.8098	717410.2	7.434249	0.9985	0.999616	1.00038	1.0015	4.134578
4570	-453.244	-430.159	-23.0849	615556.6	5.432034	0.99838	0.999586	1.00041	1.00162	4.797116
4580	-430.66	-415.963	-14.6974	376517.4	7.248243	0.997929	0.99947	1.00053	1.00207	3.701041
4590	-433.893	-420.571	-13.3224	237163.7	6.718688	0.997391	0.999332	1.00067	1.00261	3.431241
4600	-423.158	-411.764	-11.3939	835116.8	9.194656	0.998609	0.999644	1.00035	1.00139	3.369649
4610	-426.683	-414.233	-12.4499	199300.7	7.988658	0.997154	0.999271	1.00073	1.00285	3.459937
4620	-428.226	-419.536	-8.68969	936847.8	11.15197	0.998687	0.999664	1.00034	1.00131	3.071737
4630	-433.536	-421.095	-12.4414	829804.1	7.213677	0.998605	0.999643	1.00036	1.0014	3.385129
4640	-439.489	-430.861	-8.62775	893062.8	11.97924	0.998655	0.999656	1.00034	1.00135	3.037753
4650	-440.823	-418.861	-21.9621	328293.2	5.710445	0.997782	0.999432	1.00057	1.00222	4.645716
4660	-436.935	-424.251	-12.6845	145490.3	8.513859	0.99667	0.999147	1.00085	1.00333	3.508512
4670	-431.412	-419.533	-11.8786	498441.6	8.63916	0.9982	0.99954	1.00046	1.0018	3.417242
4680	-432.882	-418.902	-13.9794	902760.2	8.006921	0.998663	0.999658	1.00034	1.00134	3.652021
4690	-430.561	-415.466	-15.0958	494829.6	10.62521	0.998194	0.999538	1.00046	1.00181	3.686576
4700	-434.388	-423.36	-11.0277	71429.74	10.47098	0.995248	0.998781	1.00121	1.00476	3.309224
4710	-437.666	-423.641	-14.0258	438154.7	8.761144	0.99808	0.999509	1.00049	1.00192	3.664781
4720	-445.539	-426.604	-18.9354	315954.9	6.541647	0.99774	0.999422	1.00058	1.00226	4.252837
4730	-438.602	-420.696	-17.9063	691356.4	6.867724	0.998472	0.999609	1.00039	1.00153	4.125311
4740	-448.908	-431.087	-17.8207	692388.5	7.068657	0.998473	0.999609	1.00039	1.00153	4.124886
4750	-438.163	-425.912	-12.251	838846.1	8.624268	0.998612	0.999645	1.00035	1.00139	3.460077
4760	-432.434	-419.584	-12.8495	524492.5	8.961262	0.998245	0.999551	1.00045	1.00176	3.530375
4770	-441.764	-421.47	-20.294	626685.7	4.775592	0.998395	0.999589	1.00041	1.00161	4.009605
4780	-444.873	-424.619	-20.2547	770892.2	8.134957	0.998553	0.99963	1.00037	1.00145	4.427142
4790	-426.571	-411.734	-14.8361	459382.7	6.265114	0.998125	0.99952	1.00048	1.00188	3.567575
4800	-440.39	-424.579	-15.8113	42982.51	7.017709	0.993876	0.998427	1.00156	1.00614	3.83593
4810	-461.462	-438.32	-23.1419	313735.4	9.715956	0.997732	0.999419	1.00058	1.00227	4.574579
4820	-434.358	-417.646	-16.7118	668166.4	6.84693	0.998445	0.999602	1.0004	1.00156	3.949383
4830	-434.554	-418.415	-16.1391	731004	6.989055	0.998514	0.99962	1.00038	1.00149	3.880066
4840	-442.292	-422.613	-19.679	192628.5	7.145744	0.997105	0.999259	1.00074	1.0029	4.388381
4850	-436.106	-418.977	-17.1288	344020.6	7.357702	0.997834	0.999446	1.00055	1.00217	4.040696
4860	-433.308	-422.986	-10.3221	176232.5	8.475449	0.996974	0.999225	1.00077	1.00303	3.22898
4870	-437.743	-421.863	-15.8806	473281.6	5.020415	0.998153	0.999527	1.00047	1.00185	3.253855
4880	-435.202	-424.586	-10.6158	965131.6	7.457377	0.998706	0.999669	1.00033	1.00129	3.170195
4890	-439.313	-424.556	-14.7569	750473	7.081226	0.998533	0.999625	1.00037	1.00147	3.692828
4900	-418.145	-410.275	-7.86968	958985.6	8.729863	0.998702	0.999668	1.00033	1.0013	2.959926
4910	-442.908	-420.105	-22.8029	348853.2	8.876046	0.997849	0.999449	1.00055	1.00215	4.652044
4920	-438.566	-422.935	-15.631	813153.7	7.211816	0.998591	0.99964	1.00036	1.00141	3.827154
4930	-431.683	-418.893	-12.7899	141418	9.462674	0.996622	0.999135	1.00086	1.00338	3.516275
4940	-429.913	-415.865	-14.0487	627022.8	8.447209	0.998395	0.99959	1.00041	1.00161	3.668572
4950	-433.383	-417.776	-15.6078	91976.45	8.798904	0.995812	0.998926	1.00107	1.00419	3.84412
4960	-429.603	-415.578	-14.0256	629715.4	7.535664	0.998399	0.99959	1.00041	1.0016	3.633399
4970	-440.646	-423.556	-17.0904	424204.8	7.289855	0.998049	0.999501	1.0005	1.00195	4.032958
4980	-441.129	-423.113	-18.016	722304.8	8.921076	0.998505	0.999618	1.00038	1.0015	4.109692
4990	-437.706	-422.878	-14.8281	161091.8	10.66363	0.996835	0.999189	1.00081	1.00317	3.658636
5000	-436.326	-419.626	-16.7001	719123.9	7.151633	0.998501	0.999617	1.00038	1.0015	3.971864
5010	-430.617	-417.515	-13.1023	20461.98	7.475549	0.991128	0.997716	1.00226	1.0089	3.505367
5020	-428.152	-416.304	-11.8478	547633.9	8.857431	0.998283	0.999561	1.00044	1.00172	3.41759
5030	-432.846	-415.58	-17.2661	269214.9	11.54667	0.997551	0.999373	1.00062	1.00245	3.802062
5040	-425.642	-411.689	-13.9529	658549.9	10.96131	0.998434	0.999599	1.0004	1.00157	3.556894
5050	-435.565	-422.862	-12.7038	428159.1	9.423788	0.998058	0.999503	1.0005	1.00194	3.508059
5060	-444.295	-424.924	-19.3711	349810.8	6.94076	0.997852	0.99945	1.00055	1.00215	4.341136
5070	-432.577	-419.926	-12.6503	968111.5	10.35618	0.998708	0.99967	1.00033	1.00129	3.469678
5080	-431.879	-420.333	-11.5456	371115	11.75897	0.997914	0.999466	1.00053	1.00209	3.294455
5090	-436.002	-425.506	-10.4965	803012.4	9.298706	0.998582	0.999637	1.00036	1.00142	3.273139
5100	-433.477	-421.547	-11.9297	310114.1	9.353401	0.997718	0.999416	1.00058	1.00228	3.426745
5110	-451.768	-422.925	-28.8427	617892.8	4.585307	0.998383	0.999587	1.00041	1.00162	5.756037
5120	-434.052	-422.503	-11.5493	569996.5	8.986213	0.998317	0.999569	1.00043	1.00168	3.385537
5130	-432.023	-419.024	-12.9997	763851.1	13.51551	0.998546	0.999628	1.00037	1.00145	3.287815
5140	-432.725	-420.798	-11.927	251000.6	7.875784	0.997464	0.999351	1.00065	1.00254	3.386364
5150	-435.157	-423.482	-11.675	122674	11.24486	0.996373	0.999071	1.00092	1.00363	3.334538
5160	-430.775	-418.501	-12.2741	662540.1	8.795302	0.998439	0.999601	1.0004	1.00156	3.465202
5170	-426.971	-412.84	-14.13	967595.6	9.850216	0.998708	0.99967	1.00033	1.00129	3.640588
5180	-426.805	-414.259	-12.5455	398466.7	7.764082	0.997987	0.999485	1.00051	1.00201	3.456909
5190	-425.717	-413.821	-11.8962	531427	10.16545	0.998257	0.999554	1.00044	1.00174	3.404003
5200	-444.133	-428.302	-15.8306	693804.5	6.418798	0.998474	0.99961	1.00039	1.00153	3.756902
5210	-436.184	-423.138	-13.0457	673472.1	10.3656	0.998452	0.999604	1.0004	1.00155	3.507383
5220	-441.266	-422.082	-19.1837	612076.1	7.221932	0.998376	0.999585	1.00041	1.00163	4.319849
5230	-435.028	-421.613	-13.4153	832862.6	8.883361	0.998608	0.999644	1.00036	1.00139	3.594342
5240	-442.063	-427.651	-14.4117	835367	7.715255	0.99861	0.999644	1.00035	1.00139	3.694955
5250	-432.012	-417.775	-14.2367	435418.5	9.588606	0.998074	0.999507	1.00049	1.00193	3.66385
5260	-434.453	-418.507	-15.9465	269023.5	10.79144	0.99755	0.999373	1.00062	1.00245	3.753006
5270	-428.373	-415.816	-12.5574	838525.6	7.034683	0.998612	0.999645	1.00035	1.00139	3.374975
5280	-427.989	-416.472	-11.5177	951097.3	10.51112	0.998697	0.999667	1.00033	1.0013	3.354454
5290	-434.296	-422.62	-11.6761	904130.6	8.96694	0.998664	0.999658	1.00034	1.00134	3.399479
5300	-429.407	-415.283	-14.1236	227036.3	6.619167	0.997334	0.999317	1.00068	1.00267	3.532481
5310	-436.258	-420.762	-15.4958	339143.8	8.291536	0.997818	0.999442	1.00056	1.00218	3.841696
5320	-434.583	-421.451	-13.1324	239553	9.958576	0.997404	0.999335	1.00066	1.0026	3.534875
5330	-444.118	-424.026	-20.0913	759415.5	9.158916	0.998542	0.999627	1.00037	1.00146	4.319161
5340	-436.747	-424.038	-12.7087	232010	7.078664	0.997362	0.999325	1.00067	1.00264	3.40319
5350	-428.405	-421.012	-7.39297	504610.7	9.386755	0.998211	0.999542	1.00046	1.00179	2.943062
5360	-428.561	-415.396	-13.1657	861726.4	11.62148	0.998631	0.99965	1.00035	1.00137	3.441805
5370	-424.894	-414.261	-10.6332	68558.32	9.078719	0.99515	0.998756	1.00124	1.00486	3.285327
5380	-424.322	-411.933	-12.3899	548936.7	8.21819	0.998285	0.999561	1.00044	1.00172	3.464159
5390	-437.536	-419.133	-18.4037	312519.1	8.422821	0.997727	0.999418	1.00058	1.00227	4.185492
5400	-433.01	-419.595	-13.4157	562284.4	8.935833	0.998305	0.999567	1.00043	1.0017	3.593857
5410	-434.553	-419.419	-15.1348	762944.7	8.078792	0.998545	0.999628	1.00037	1.00146	3.797269
5420	-432.788	-422.102	-10.6862	65557.24	11.23061	0.99504	0.998728	1.00126	1.00497	3.247254
5430	-442.105	-426.502	-15.603	10986.76	9.665136	0.987899	0.996877	1.00307	1.01215	3.801772
5440	-429.824	-417.396	-12.4277	1903.814	9.448692	0.97102	0.99241	1.00729	1.02928	3.478279
5450	-435.631	-424.627	-11.0048	315804.3	9.607365	0.997739	0.999421	1.00058	1.00226	3.326627
5460	-438.354	-428.238	-10.1161	282974.2	8.153252	0.997612	0.999389	1.00061	1.00239	3.182347
5470	-440.035	-428.509	-11.5254	79765.05	9.156717	0.995503	0.998847	1.00115	1.0045	3.383903
5480	-429.417	-417.215	-12.2016	411221.6	12.85124	0.998019	0.999493	1.00051	1.00198	3.276586
5490	-435.28	-422.737	-12.5436	173203	8.957627	0.996947	0.999218	1.00078	1.00306	3.496245
5500	-437.229	-423.104	-14.1248	103057.2	8.07482	0.996043	0.998986	1.00101	1.00396	3.672144
5510	-428.999	-418.312	-10.6871	160639.1	7.688795	0.99683	0.999188	1.00081	1.00317	3.209198
5520	-422.231	-413.477	-8.75387	322843.9	10.42517	0.997764	0.999428	1.00057	1.00224	3.092659
5530	-435.995	-417.266	-18.729	111446.7	8.570727	0.996195	0.999025	1.00097	1.00381	4.214792
5540	-435.896	-423.755	-12.1414	761898	9.146945	0.998544	0.999628	1.00037	1.00146	3.45122
5550	-443.233	-423.058	-20.1754	778512.2	15.53059	0.99856	0.999632	1.00037	1.00144	3.592613
5560	-425.994	-419.37	-6.62407	696123.1	10.36552	0.998477	0.99961	1.00039	1.00152	2.887869
5570	-441.932	-428.347	-13.5851	876067.7	7.759551	0.998642	0.999653	1.00035	1.00136	3.590542
5580	-430.56	-417.379	-13.1815	936971.9	7.165924	0.998687	0.999664	1.00034	1.00131	3.481715
5590	-424.438	-417.344	-7.09411	900753.3	9.021065	0.998661	0.999658	1.00034	1.00134	2.891981
5600	-433.14	-420.43	-12.7105	351943	9.96041	0.997858	0.999452	1.00055	1.00214	3.492441
5610	-432.037	-416.564	-15.4735	120814.1	9.989661	0.996345	0.999064	1.00093	1.00366	3.767904
5620	-452.289	-429.326	-22.9635	509554.5	8.27151	0.99822	0.999545	1.00045	1.00178	4.744657
5630	-433.631	-418.343	-15.2879	786090.3	7.906051	0.998567	0.999633	1.00037	1.00143	3.813752
5640	-444.078	-424.9	-19.1775	662628.2	6.525973	0.998439	0.999601	1.0004	1.00156	4.288512
5650	-449.314	-430.115	-19.1996	291113.2	7.127109	0.997645	0.999397	1.0006	1.00236	4.32102
5660	-440.526	-428.762	-11.7641	694130	9.269698	0.998475	0.99961	1.00039	1.00153	3.409626
5670	-430.836	-419.653	-11.1836	702699.8	9.72199	0.998484	0.999612	1.00039	1.00152	3.343695
5680	-425.222	-413.053	-12.1687	266689.5	9.918025	0.99754	0.99937	1.00063	1.00246	3.439403
5690	-435.218	-419.46	-15.758	663497.9	6.289399	0.99844	0.999601	1.0004	1.00156	3.71991
5700	-439.88	-423.698	-16.1812	232453.2	6.774655	0.997365	0.999325	1.00067	1.00264	3.863638
5710	-433.184	-421.872	-11.3121	95118.35	9.859567	0.995882	0.998944	1.00105	1.00412	3.354312
5720	-424.473	-416.242	-8.23139	116865.6	9.534738	0.996284	0.999048	1.00095	1.00372	3.036352
5730	-426.808	-417.739	-9.06913	711435.3	8.418983	0.998493	0.999615	1.00038	1.00151	3.076948
5740	-437.157	-423.169	-13.9884	413689.9	8.362877	0.998024	0.999495	1.0005	1.00198	3.660778
5750	-437.574	-418.429	-19.1451	741091.9	6.922505	0.998524	0.999622	1.00038	1.00148	4.307916
5760	-424.539	-415.544	-8.99555	361764.5	13.67907	0.997887	0.999459	1.00054	1.00211	2.982413
5770	-435	-416.407	-18.5929	509403.1	7.114378	0.99822	0.999545	1.00045	1.00178	4.235536
5780	-432.649	-416.47	-16.1789	612123.8	6.387519	0.998376	0.999585	1.00041	1.00163	3.805566
5790	-451.465	-427.255	-24.2104	32112.84	7.150971	0.992916	0.998179	1.0018	1.0071	5.022069
5800	-435.601	-421.11	-14.4901	616350.2	9.240928	0.998381	0.999586	1.00041	1.00162	3.704761
5810	-433.265	-427.439	-5.82592	933474	11.11453	0.998685	0.999664	1.00034	1.00132	2.815114
5820	-431.793	-416.03	-15.7634	436469.2	7.753416	0.998077	0.999508	1.00049	1.00192	3.871125
5830	-442.394	-421.693	-20.7016	56099.56	10.68692	0.994638	0.998624	1.00137	1.00537	4.20656
5840	-430.062	-415.097	-14.9647	474534.6	9.749525	0.998155	0.999528	1.00047	1.00185	3.731081
5850	-439.373	-418.811	-20.5614	74633.33	7.307967	0.995351	0.998808	1.00118	1.00466	4.508641
5860	-438.819	-417.087	-21.7316	169901.7	6.429466	0.996918	0.999211	1.00079	1.00309	4.676658
5870	-455.688	-430.794	-24.8938	161390.3	7.479475	0.996838	0.99919	1.00081	1.00317	5.082256
5880	-443.083	-424.658	-18.4253	372612.9	7.660082	0.997918	0.999467	1.00053	1.00208	4.216053
5890	-436.107	-416.748	-19.3589	427844.3	8.973744	0.998057	0.999503	1.0005	1.00194	4.255684
5900	-423.954	-415.535	-8.41886	713695.9	11.20283	0.998496	0.999615	1.00038	1.00151	3.046113
5910	-433.576	-420.121	-13.4557	433454.2	14.96362	0.99807	0.999506	1.00049	1.00193	3.205225
5920	-432.338	-423.806	-8.53134	485053	11.90369	0.998175	0.999533	1.00047	1.00183	3.032664
5930	-433.522	-419.748	-13.7737	936757.1	9.416011	0.998687	0.999664	1.00034	1.00131	3.621848
5940	-426.916	-415.326	-11.5905	927432.1	10.15533	0.99868	0.999663	1.00034	1.00132	3.374255
5950	-426.914	-415.923	-10.9917	965936.1	9.197806	0.998707	0.999669	1.00033	1.00129	3.325937
5960	-430.211	-418.32	-11.8906	563504.8	7.394334	0.998307	0.999567	1.00043	1.00169	3.333445
5970	-447.798	-431.515	-16.2838	722593	8.942852	0.998505	0.999618	1.00038	1.0015	3.914497
5980	-435.029	-424.567	-10.4627	978566.2	9.519209	0.998715	0.999672	1.00033	1.00129	3.27038
5990	-426.893	-413.077	-13.816	111462.6	9.670961	0.996195	0.999025	1.00097	1.00381	3.616628
6000	-429.394	-413.224	-16.1705	582459.8	9.734392	0.998335	0.999574	1.00042	1.00167	3.855798
6010	-435.138	-415.75	-19.3881	45539.06	10.31507	0.99405	0.998472	1.00152	1.00596	4.124782
6020	-438.707	-421.992	-16.7151	41945.79	8.6503	0.9938	0.998408	1.00158	1.00621	3.976622
6030	-444.059	-425.758	-18.3017	744956.7	8.552803	0.998528	0.999623	1.00038	1.00147	4.166002
6040	-437.486	-422.642	-14.8432	749283.2	8.319503	0.998532	0.999625	1.00037	1.00147	3.763023
6050	-451.464	-430.94	-20.5243	506920.9	6.872164	0.998215	0.999543	1.00046	1.00179	4.506585
6060	-447.518	-427.372	-20.1458	107477.6	5.538711	0.996125	0.999007	1.00099	1.00388	4.286103
6070	-439.762	-421.613	-18.1494	762237.7	7.700325	0.998544	0.999628	1.00037	1.00146	4.179608
6080	-450.453	-426.575	-23.8779	578305.1	5.199189	0.998329	0.999573	1.00043	1.00167	4.89537
6090	-443.881	-424.302	-19.5795	604533.5	6.913072	0.998366	0.999582	1.00042	1.00164	4.370394
6100	-423.446	-413.305	-10.1415	675775.5	9.389757	0.998454	0.999605	1.00039	1.00155	3.235899
6110	-427.385	-417.857	-9.52872	801849.1	10.70641	0.998581	0.999637	1.00036	1.00142	3.160587
6120	-438.395	-421.545	-16.8505	557559.3	10.57808	0.998298	0.999565	1.00043	1.0017	3.855904
6130	-427.769	-414.044	-13.7244	119143.3	10.48024	0.99632	0.999057	1.00094	1.00368	3.566227
6140	-425.497	-414.824	-10.6727	642074.8	12.38895	0.998414	0.999594	1.0004	1.00159	3.185322
6150	-432.34	-417.456	-14.8838	88443.62	9.615577	0.995729	0.998905	1.00109	1.00428	3.729956
6160	-436.208	-420.185	-16.023	534379	5.891816	0.998262	0.999555	1.00044	1.00174	3.663644
6170	-423.569	-412.823	-10.7455	110907.6	8.996907	0.996186	0.999023	1.00097	1.00382	3.296293
6180	-422.118	-411.492	-10.6255	111384.5	8.603242	0.996194	0.999025	1.00097	1.00381	3.270715
6190	-418.253	-410.193	-8.05935	19875.7	11.55102	0.990998	0.997683	1.00229	1.00903	3.004581
6200	-420.195	-409.295	-10.9004	269038.4	9.515446	0.99755	0.999373	1.00062	1.00245	3.316378
6210	-432.695	-421.278	-11.4171	430529.4	7.99186	0.998063	0.999505	1.00049	1.00194	3.330883
6220	-440.652	-427.792	-12.8591	943305.2	11.4779	0.998692	0.999665	1.00033	1.00131	3.424909
6230	-425.467	-425.155	-0.312262	404096.8	12.37369	0.998001	0.999489	1.00051	1.002	2.348912
6240	-444.106	-430.407	-13.6988	650254.3	10.97195	0.998424	0.999597	1.0004	1.00158	3.533007
6250	-427.71	-415.312	-12.3976	747462	10.78783	0.99853	0.999624	1.00038	1.00147	3.424331
6260	-429.217	-418.795	-10.422	689799.7	11.90617	0.99847	0.999609	1.00039	1.00153	3.191362
6270	-437.225	-421.807	-15.4188	503110.2	7.874747	0.998209	0.999542	1.00046	1.00179	3.8297
6280	-444.748	-429.395	-15.3534	514236.3	6.360716	0.998228	0.999547	1.00045	1.00177	3.670841
6290	-432.691	-417.538	-15.1537	656394.8	7.286138	0.998432	0.999599	1.0004	1.00157	3.767004
6300	-423.321	-412.498	-10.8234	59556.52	8.512511	0.994796	0.998665	1.00133	1.00521	3.289859
6310	-435.443	-426.844	-8.59842	834781.8	10.82465	0.998609	0.999644	1.00036	1.00139	3.071419
6320	-430.523	-417.806	-12.7174	830166	8.723205	0.998605	0.999643	1.00036	1.0014	3.515183
6330	-435.923	-421.901	-14.0219	9242.096	9.397274	0.986809	0.996592	1.00335	1.01325	3.648885
6340	-440.065	-423.414	-16.6511	497511.9	8.161897	0.998198	0.999539	1.00046	1.0018	3.983725
6350	-442.643	-423.894	-18.7491	549248.9	6.137926	0.998285	0.999561	1.00044	1.00172	4.172886
6360	-433.919	-419.818	-14.1009	288841.4	10.50667	0.997636	0.999395	1.0006	1.00237	3.600499
6370	-428.884	-422.652	-6.23269	621551.5	11.76055	0.998388	0.999588	1.00041	1.00161	2.84261
6380	-441.337	-424.595	-16.7422	698795.1	11.26227	0.99848	0.999611	1.00039	1.00152	3.78353
6390	-435.522	-418.975	-16.5469	26269.58	6.325115	0.992168	0.997986	1.00199	1.00785	3.852043
6400	-429.346	-414.246	-15.0999	843705	7.476679	0.998616	0.999646	1.00035	1.00138	3.772651
6410	-431.519	-415.176	-16.3425	962889.2	5.925064	0.998705	0.999669	1.00033	1.0013	3.727231
6420	-430.054	-417.792	-12.2621	706508.3	10.37481	0.998488	0.999613	1.00039	1.00151	3.43139
6430	-433.614	-421.086	-12.5284	304119	6.965493	0.997696	0.99941	1.00059	1.00231	3.359493
6440	-432.531	-419.35	-13.1811	236762.1	8.041875	0.997389	0.999332	1.00067	1.00261	3.553881
6450	-431.237	-418.545	-12.6923	601762	8.579742	0.998362	0.999581	1.00042	1.00164	3.51059
6460	-433.625	-423.244	-10.3817	153915.7	10.01644	0.996762	0.999171	1.00083	1.00324	3.257765
6470	-444.702	-426.281	-18.4213	22875.31	9.466124	0.991608	0.997841	1.00213	1.00842	4.111092
6480	-425.518	-415.949	-9.5695	442451.7	8.571854	0.99809	0.999511	1.00049	1.00191	3.146157
6490	-427.902	-415.602	-12.3008	702454.8	10.59425	0.998484	0.999612	1.00039	1.00152	3.425018
6500	-422.335	-412.279	-10.0562	909195.1	11.08185	0.998667	0.999659	1.00034	1.00133	3.196971
6510	-429.173	-416.014	-13.159	391554.1	11.47479	0.997969	0.99948	1.00052	1.00203	3.451246
6520	-439.558	-425.482	-14.0757	114563.2	8.587112	0.996247	0.999038	1.00096	1.00376	3.671814
6530	-424.465	-413.555	-10.9096	742849.6	9.878953	0.998526	0.999623	1.00038	1.00148	3.313158
6540	-433.323	-419.419	-13.9043	488508.8	12.03298	0.998182	0.999535	1.00046	1.00182	3.474074
6550	-434.328	-418.73	-15.5979	177470.3	8.544293	0.996984	0.999228	1.00077	1.00302	3.850054
6560	-433.877	-423.944	-9.93276	628558	8.540105	0.998397	0.99959	1.00041	1.0016	3.186793
6570	-432.42	-422.756	-9.66397	345070	9.712937	0.997837	0.999446	1.00055	1.00216	3.187379
6580	-423.967	-410.984	-12.9831	611636.5	8.859181	0.998375	0.999584	1.00041	1.00163	3.545758
6590	-427.845	-418.174	-9.67024	852734.5	7.427687	0.998624	0.999648	1.00035	1.00138	3.038641
6600	-438.574	-423.737	-14.837	962001.2	7.031875	0.998704	0.999669	1.00033	1.0013	3.698712
6610	-433.646	-416.241	-17.4054	841005.9	10.33464	0.998614	0.999646	1.00035	1.00139	3.930794
6620	-434.248	-423.818	-10.4306	222912.6	13.21475	0.997309	0.999311	1.00069	1.00269	3.11659
6630	-439.977	-423.133	-16.8438	271882.4	11.81	0.997563	0.999376	1.00062	1.00244	3.740083
6640	-430.716	-417.451	-13.2653	201661.5	8.372174	0.997171	0.999276	1.00072	1.00283	3.574492
6650	-430.424	-416.255	-14.1695	766863.6	9.258758	0.998549	0.999629	1.00037	1.00145	3.669479
6660	-435.008	-419.135	-15.8725	509992.6	7.076734	0.998221	0.999545	1.00045	1.00178	3.849974
6670	-437.074	-425.484	-11.59	520500.4	7.626424	0.998239	0.999549	1.00045	1.00176	3.320228
6680	-435.702	-420.797	-14.9051	765136.7	8.154284	0.998547	0.999628	1.00037	1.00145	3.769727
6690	-437.822	-422.447	-15.3745	718599.3	7.2393	0.998501	0.999617	1.00038	1.0015	3.793777
6700	-451.005	-434.8	-16.2058	500850.2	7.718598	0.998204	0.999541	1.00046	1.0018	3.927555
6710	-428.667	-414.899	-13.7675	823878.2	10.47918	0.9986	0.999642	1.00036	1.0014	3.570399
6720	-431.648	-416.926	-14.7219	70552.33	6.303054	0.995219	0.998774	1.00122	1.00479	3.558385
6730	-429.718	-415.87	-13.8485	684516.3	7.485859	0.998464	0.999607	1.00039	1.00154	3.606019
6740	-440.372	-422.669	-17.7034	964258.6	7.305804	0.998706	0.999669	1.00033	1.00129	4.117492
6750	-438.725	-428.247	-10.4779	761574.5	10.55981	0.998544	0.999628	1.00037	1.00146	3.254039
6760	-441.514	-423.468	-18.0457	630823.3	7.248633	0.9984	0.999591	1.00041	1.0016	4.163007
6770	-449.807	-426.684	-23.1234	223266.9	6.750819	0.997311	0.999312	1.00069	1.00269	4.889094
6780	-443.695	-422.284	-21.4109	17762.68	6.62002	0.990479	0.997548	1.00242	1.00955	4.633443
6790	-435.281	-419.089	-16.1915	899769.4	6.959764	0.99866	0.999657	1.00034	1.00134	3.884852
6800	-422.877	-417.586	-5.29094	991863.1	11.99359	0.998724	0.999674	1.00033	1.00128	2.758957
6810	-428.584	-419.439	-9.14527	932543.8	12.26086	0.998684	0.999663	1.00034	1.00132	3.068136
6820	-440.526	-430.501	-10.0251	119070.3	10.4492	0.996319	0.999057	1.00094	1.00369	3.214015
6830	-429.358	-415.214	-14.1431	418100.2	6.729795	0.998035	0.999497	1.0005	1.00197	3.555302
6840	-433.358	-419.93	-13.4283	310783.7	11.58569	0.997721	0.999417	1.00058	1.00228	3.46694
6850	-431.034	-421.313	-9.72116	41981.61	9.550239	0.993803	0.998409	1.00158	1.00621	3.192704
6860	-432.842	-419.864	-12.9788	679939	10.52989	0.998459	0.999606	1.00039	1.00154	3.492472
6870	-424.601	-415.051	-9.54977	140141.9	10.66574	0.996607	0.999131	1.00087	1.0034	3.163599
6880	-429.922	-417.02	-12.9023	110742.4	8.353683	0.996183	0.999022	1.00097	1.00382	3.530659
6890	-440.056	-421.782	-18.274	554722.9	7.074431	0.998294	0.999564	1.00044	1.00171	4.189239
6900	-433.813	-411.337	-22.4758	265429.1	4.734453	0.997534	0.999369	1.00063	1.00247	4.446722
6910	-438.479	-417.334	-21.145	435107.4	6.825693	0.998074	0.999507	1.00049	1.00193	4.596753
6920	-429.181	-418.528	-10.6527	423148.3	8.858346	0.998047	0.9995	1.0005	1.00195	3.282688
6930	-432.35	-420.949	-11.4011	289285	7.030369	0.997638	0.999395	1.0006	1.00236	3.209821
6940	-427.992	-417.04	-10.9518	69010.46	7.776843	0.995165	0.99876	1.00123	1.00484	3.252949
6950	-436.594	-425.325	-11.2692	201965.9	7.081712	0.997173	0.999276	1.00072	1.00283	3.200378
6960	-441.679	-423.296	-18.3835	437723.6	10.36274	0.998079	0.999509	1.00049	1.00192	4.022622
6970	-432.34	-421.104	-11.2355	158375.3	8.414969	0.996808	0.999182	1.00081	1.0032	3.334087
6980	-423.739	-415.614	-8.12502	153345	10.85566	0.996756	0.999169	1.00083	1.00325	3.027162
6990	-427.986	-411.572	-16.4141	565383.8	7.389666	0.99831	0.999568	1.00043	1.00169	3.944999
7000	-425.29	-417.455	-7.83514	868919.2	12.56731	0.998637	0.999651	1.00035	1.00136	2.949019
7010	-433.115	-420.314	-12.8017	960784.3	8.234988	0.998704	0.999668	1.00033	1.0013	3.514874
7020	-430.128	-413.211	-16.9173	469896.3	8.954299	0.998146	0.999526	1.00047	1.00185	3.984698
7030	-429.312	-413.389	-15.9235	131350.7	11.05446	0.996495	0.999102	1.00089	1.00351	3.728755
7040	-418.774	-411.54	-7.23349	119209	8.957824	0.996321	0.999057	1.00094	1.00368	2.903453
7050	-430.285	-416.16	-14.1246	514385	11.24718	0.998228	0.999547	1.00045	1.00177	3.552208
7060	-434.687	-415.823	-18.8638	127681	6.923212	0.996445	0.999089	1.00091	1.00356	4.267304
7070	-436.705	-419.767	-16.9377	609218.5	6.738399	0.998372	0.999584	1.00042	1.00163	3.971487
7080	-432.636	-414.496	-18.14	348061.2	8.909787	0.997846	0.999449	1.00055	1.00216	4.124375
7090	-432.959	-411.327	-21.6324	73760.92	8.361418	0.995324	0.998801	1.00119	1.00468	4.574959
7100	-428.847	-414.293	-14.5545	802523.4	10.2692	0.998581	0.999637	1.00036	1.00142	3.659084
7110	-432.31	-422.051	-10.2585	960077.3	13.53383	0.998703	0.999668	1.00033	1.0013	3.083855
7120	-436.933	-431.718	-5.21532	447184.5	11.02301	0.9981	0.999514	1.00048	1.0019	2.760001
7130	-433.951	-415.85	-18.1009	268119.9	9.687131	0.997546	0.999372	1.00063	1.00246	4.058278
7140	-441.36	-419.19	-22.1693	239855.4	5.121027	0.997406	0.999336	1.00066	1.0026	4.541892
7150	-430.712	-414.923	-15.789	639900.3	6.840527	0.998411	0.999594	1.00041	1.00159	3.813847
7160	-433.594	-420.503	-13.091	736121.8	9.261795	0.998519	0.999621	1.00038	1.00148	3.552936
7170	-434.299	-421.662	-12.6367	782691.1	10.07811	0.998564	0.999633	1.00037	1.00144	3.48046
7180	-444.889	-426.83	-18.0589	594908.6	7.512547	0.998352	0.999579	1.00042	1.00165	4.16858
7190	-435.576	-417.858	-17.7187	634216.3	7.407706	0.998404	0.999592	1.00041	1.0016	4.121874
7200	-451.84	-431.245	-20.5949	170398.9	7.503476	0.996922	0.999212	1.00078	1.00308	4.506517
7210	-435.354	-422.112	-13.2416	162206.4	10.30233	0.996846	0.999192	1.0008	1.00316	3.529554
7220	-436.696	-422.687	-14.0095	255225.6	12.42736	0.997485	0.999356	1.00064	1.00252	3.451585
7230	-435.032	-420.51	-14.5218	344075.6	11.64777	0.997834	0.999446	1.00055	1.00217	3.556415
7240	-434.839	-422.494	-12.3456	513901	9.150526	0.998227	0.999547	1.00045	1.00177	3.473524
7250	-434.554	-422.673	-11.8814	856555.4	8.993176	0.998627	0.999649	1.00035	1.00137	3.42253
7260	-432.17	-420.294	-11.8756	280085	10.28309	0.997599	0.999386	1.00061	1.0024	3.397694
7270	-440.946	-424.847	-16.0987	937548.3	10.33174	0.998688	0.999664	1.00034	1.00131	3.804581
7280	-439.995	-425.81	-14.1845	692272.3	9.11021	0.998473	0.999609	1.00039	1.00153	3.675631
7290	-433.34	-416.314	-17.0257	669228.7	8.988908	0.998447	0.999603	1.0004	1.00155	3.9948
7300	-426.332	-415.236	-11.0956	311173.6	9.023404	0.997722	0.999417	1.00058	1.00228	3.335589
7310	-423.296	-414.633	-8.66236	474555.9	8.518785	0.998155	0.999528	1.00047	1.00185	3.036458
7320	-437.415	-417.317	-20.0987	982523.8	9.205083	0.998718	0.999672	1.00033	1.00128	4.315325
7330	-430.938	-420.911	-10.0272	926958.4	9.149364	0.99868	0.999662	1.00034	1.00132	3.220132
7340	-444.587	-427.15	-17.437	37931.08	10.32582	0.993481	0.998325	1.00166	1.00653	3.934648
7350	-436.545	-418.045	-18.5001	383675.6	5.989468	0.997949	0.999475	1.00052	1.00205	4.104807
7360	-432.256	-419.731	-12.5251	205560	9.498721	0.997198	0.999283	1.00071	1.0028	3.487503
7370	-441.042	-424.261	-16.7814	37605.28	8.605148	0.993453	0.998318	1.00167	1.00656	3.986169
7380	-434.144	-420.132	-14.0117	843056.6	8.794526	0.998616	0.999646	1.00035	1.00138	3.662778
7390	-440.567	-429.871	-10.6962	392914.1	11.64231	0.997973	0.999481	1.00052	1.00203	3.228251
7400	-431.698	-425.295	-6.40279	397452.5	11.64929	0.997984	0.999484	1.00051	1.00202	2.859343
7410	-421.86	-415.952	-5.90835	420510.3	11.51305	0.998041	0.999499	1.0005	1.00196	2.818881
7420	-428.574	-413.262	-15.3121	384655.3	7.604562	0.997951	0.999476	1.00052	1.00205	3.80734
7430	-435.181	-422.742	-12.4398	318583.6	10.15315	0.997749	0.999424	1.00057	1.00225	3.457977
7440	-432.036	-418.509	-13.5271	855240.4	7.986471	0.998626	0.999649	1.00035	1.00137	3.594685
7450	-439.841	-423.456	-16.3841	906972.8	6.757176	0.998666	0.999659	1.00034	1.00134	3.891558
7460	-444.055	-422.692	-21.363	186369.9	5.587688	0.997057	0.999246	1.00075	1.00295	4.516614
7470	-449.16	-431.427	-17.7324	663433.1	7.659334	0.99844	0.999601	1.0004	1.00156	4.125596
7480	-442.248	-424.326	-17.9226	582967.4	6.908221	0.998336	0.999574	1.00042	1.00167	4.130411
7490	-444.728	-429.589	-15.1389	199112	8.80808	0.997153	0.999271	1.00073	1.00285	3.790573
7500	-444.58	-430.841	-13.7394	2321.243	7.14877	0.973742	0.993139	1.00661	1.0265	3.557528
7510	-424.252	-414.132	-10.1199	143132	9.155213	0.996642	0.99914	1.00086	1.00336	3.230381
7520	-424.632	-414.941	-9.69102	544831.5	11.72722	0.998278	0.99956	1.00044	1.00172	3.138168
7530	-444.271	-419.031	-25.2396	558510.8	9.783649	0.9983	0.999565	1.00043	1.0017	4.779369
7540	-420.217	-409.013	-11.204	308868.1	9.261643	0.997714	0.999415	1.00058	1.00229	3.349194
7550	-437.514	-422.076	-15.4387	4185.86	7.953006	0.980422	0.994914	1.00495	1.01971	3.833583
7560	-434.995	-420.094	-14.9011	272940.4	6.30983	0.997568	0.999378	1.00062	1.00243	3.588373
7570	-439.724	-431.473	-8.25098	532197.2	11.79224	0.998258	0.999554	1.00044	1.00174	3.013117
7580	-443.613	-426.729	-16.8844	10709.74	8.140707	0.987744	0.996836	1.00311	1.01231	4.012731
7590	-438.036	-424.532	-13.5037	165070.7	9.583375	0.996873	0.999199	1.0008	1.00313	3.5876
7600	-432.169	-423.136	-9.03267	692158.9	12.51607	0.998473	0.999609	1.00039	1.00153	3.046818
7610	-438.787	-424.641	-14.1464	765165.1	8.460379	0.998547	0.999628	1.00037	1.00145	3.680168
7620	-445.686	-424.769	-20.9168	375308.1	8.256014	0.997926	0.999469	1.00053	1.00208	4.498531
7630	-433.765	-418.865	-14.9	434392.5	6.59512	0.998072	0.999507	1.00049	1.00193	3.645604
7640	-432.962	-421.345	-11.6166	867154.7	9.435191	0.998635	0.999651	1.00035	1.00137	3.392578
7650	-436.263	-421.996	-14.2662	570868.8	8.992153	0.998318	0.99957	1.00043	1.00168	3.687738
7660	-436.044	-417.486	-18.5576	236269.1	6.960205	0.997386	0.999331	1.00067	1.00262	4.224841
7670	-455.389	-436.219	-19.17	987179.1	11.18227	0.998721	0.999673	1.00033	1.00128	4.008102
7680	-431.739	-418.524	-13.2148	310476.6	8.930595	0.99772	0.999416	1.00058	1.00228	3.571425
7690	-433.272	-421.152	-12.1201	623844.4	7.112425	0.998391	0.999588	1.00041	1.00161	3.325412
7700	-439.745	-424.522	-15.2227	222374.9	8.374992	0.997306	0.99931	1.00069	1.0027	3.808278
7710	-430.032	-420.357	-9.67489	106388.8	10.44013	0.996106	0.999002	1.00099	1.0039	3.180692
7720	-428.452	-416.595	-11.8575	694973.1	8.420489	0.998476	0.99961	1.00039	1.00153	3.408205
7730	-437.827	-424.091	-13.736	74009.63	8.249548	0.995331	0.998803	1.00119	1.00468	3.628638
7740	-436.917	-419.638	-17.2783	58986.64	6.884505	0.994771	0.998658	1.00133	1.00524	4.035258
7750	-438.825	-420.715	-18.11	260663.6	10.3781	0.997511	0.999363	1.00063	1.00249	3.99473
7760	-437.919	-426.348	-11.5706	19337.6	9.0794	0.990874	0.997651	1.00232	1.00916	3.388582
7770	-419.545	-411.291	-8.25405	754010.1	11.23233	0.998537	0.999626	1.00037	1.00146	3.03064
7780	-450.514	-424.002	-26.5122	837952.7	9.434492	0.998612	0.999645	1.00035	1.00139	4.971426
7790	-432.76	-420.499	-12.2613	510704	9.969939	0.998222	0.999545	1.00045	1.00178	3.447014
7800	-454.043	-433.471	-20.5716	596867.9	6.45415	0.998355	0.999579	1.00042	1.00165	4.49787
7810	-432.859	-415.625	-17.2338	523027.1	6.023152	0.998243	0.999551	1.00045	1.00176	3.901209
7820	-431.611	-422.466	-9.14438	656166.2	13.13147	0.998431	0.999599	1.0004	1.00157	3.023787
7830	-445.118	-425.386	-19.7321	275445.1	6.042364	0.997579	0.99938	1.00062	1.00242	4.319027
7840	-421.129	-408.259	-12.8704	700497.3	8.458309	0.998482	0.999612	1.00039	1.00152	3.529309
7850	-428.89	-418.354	-10.5366	557415.2	9.083049	0.998298	0.999565	1.00043	1.0017	3.274765
7860	-430.2	-415.373	-14.8267	486405.4	7.631763	0.998178	0.999534	1.00046	1.00182	3.74489
7870	-443.638	-423.064	-20.574	873293.3	5.964085	0.99864	0.999652	1.00035	1.00136	4.447349
7880	-452.017	-433.153	-18.8642	389257.4	7.22548	0.997963	0.999479	1.00052	1.00204	4.275649
7890	-426.263	-415.152	-11.1111	723222.1	9.547956	0.998506	0.999618	1.00038	1.0015	3.338262
7900	-426.062	-412.893	-13.1683	517968.1	9.221538	0.998234	0.999548	1.00045	1.00177	3.562114
7910	-429.206	-421.009	-8.19644	257084.4	10.98432	0.997494	0.999359	1.00064	1.00251	3.031261
7920	-435.806	-419.867	-15.9386	388870.5	6.825978	0.997962	0.999479	1.00052	1.00204	3.834032
7930	-437.953	-415.331	-22.6217	932215.7	5.309956	0.998684	0.999663	1.00034	1.00132	4.683513
7940	-432.212	-415.588	-16.624	467554.1	10.1953	0.998142	0.999525	1.00047	1.00186	3.866663
7950	-433.744	-418.838	-14.9053	130901.2	9.855656	0.996489	0.9991	1.0009	1.00352	3.718973
7960	-428.656	-415.756	-12.9001	329115.5	10.36684	0.997785	0.999433	1.00057	1.00222	3.493277
7970	-425.684	-412.078	-13.606	910926.9	8.95598	0.998669	0.99966	1.00034	1.00133	3.614873
7980	-432.293	-416.785	-15.5086	78065.96	7.943859	0.995454	0.998834	1.00116	1.00455	3.842252
7990	-453.35	-430.077	-23.2727	131875.6	5.262023	0.996502	0.999104	1.00089	1.0035	4.794849
8000	-433.253	-415.243	-18.0095	121393	6.216267	0.996354	0.999066	1.00093	1.00365	4.066136
8010	-430.801	-414.911	-15.8905	447517.6	7.24215	0.998101	0.999514	1.00048	1.0019	3.865246
8020	-426.681	-419.251	-7.43051	505820	11.50977	0.998213	0.999543	1.00046	1.00179	2.951174
8030	-432.254	-422.277	-9.97758	902915.9	9.192376	0.998663	0.999658	1.00034	1.00134	3.215573
8040	-430.867	-414.643	-16.2246	464018.8	6.222564	0.998135	0.999523	1.00048	1.00187	3.78033
8050	-420.616	-413.244	-7.37201	666167.2	13.28659	0.998443	0.999602	1.0004	1.00156	2.881922
8060	-427.465	-422.472	-4.99333	568554.2	11.21646	0.998315	0.999569	1.00043	1.00169	2.740343
8070	-439.527	-427.025	-12.5028	606542.4	7.650608	0.998368	0.999583	1.00042	1.00163	3.442066
8080	-429.433	-417.515	-11.9177	484880.2	7.568979	0.998175	0.999533	1.00047	1.00183	3.35727
8090	-432	-418.533	-13.4666	442320.2	11.66613	0.998089	0.999511	1.00049	1.00191	3.46451
8100	-431.97	-419.305	-12.6644	413969.6	8.453636	0.998025	0.999495	1.0005	1.00198	3.504838
8110	-427.44	-416.16	-11.2795	60153.07	10.36871	0.994822	0.998672	1.00132	1.00519	3.336886
8120	-443.445	-425.205	-18.2393	878220.2	7.640315	0.998644	0.999653	1.00035	1.00136	4.191982
8130	-436.04	-421.175	-14.8651	823531.2	6.724364	0.9986	0.999642	1.00036	1.0014	3.661737
8140	-434.764	-424.578	-10.186	530906.8	8.190819	0.998256	0.999554	1.00045	1.00175	3.193897
8150	-434.598	-421.048	-13.5497	685831.2	6.915075	0.998466	0.999608	1.00039	1.00154	3.498481
8160	-438.413	-420.305	-18.1079	469238.7	5.865026	0.998145	0.999525	1.00047	1.00186	4.011135
8170	-426.457	-417.006	-9.45126	469882.6	9.888849	0.998146	0.999526	1.00047	1.00185	3.165509
8180	-432.614	-424.406	-8.20738	690781.2	10.69013	0.998471	0.999609	1.00039	1.00153	3.037404
8190	-424.6	-417.126	-7.47342	827190.7	9.367738	0.998603	0.999643	1.00036	1.0014	2.950886
8200	-429.753	-413.839	-15.9142	998983.1	6.439943	0.998729	0.999675	1.00032	1.00127	3.773742
8210	-432.039	-419.636	-12.4023	409386.4	10.0427	0.998014	0.999492	1.00051	1.00199	3.458527
8220	-431.275	-414.955	-16.3197	360061.6	9.369292	0.997882	0.999458	1.00054	1.00212	3.895124
8230	-432.168	-417.97	-14.1977	445372	9.138478	0.998096	0.999513	1.00049	1.00191	3.67628
8240	-432.13	-415.302	-16.8281	869519.9	6.325398	0.998637	0.999652	1.00035	1.00136	3.896555
8250	-431.172	-417.024	-14.1479	646966.3	10.27706	0.99842	0.999596	1.0004	1.00158	3.619024
8260	-438.463	-423.753	-14.7097	236426.6	6.992556	0.997387	0.999331	1.00067	1.00262	3.675965
8270	-435.848	-417.257	-18.5908	622363.8	8.600769	0.998389	0.999588	1.00041	1.00161	4.196724
8280	-447.132	-427.804	-19.3284	13691.5	8.91918	0.989158	0.997205	1.00275	1.01088	4.256961
8290	-438.65	-426.829	-11.8216	270652.6	9.424469	0.997558	0.999375	1.00062	1.00244	3.414432
8300	-436.499	-419.882	-16.6171	808466.8	7.683711	0.998587	0.999639	1.00036	1.00141	3.980376
8310	-445.615	-432.337	-13.2783	648546.9	7.734476	0.998422	0.999596	1.0004	1.00158	3.549358
8320	-436.287	-418.172	-18.1147	570197.5	6.379092	0.998317	0.99957	1.00043	1.00168	4.10748
8330	-438.823	-420.645	-18.1781	246894.6	9.537573	0.997443	0.999345	1.00065	1.00256	4.079313
8340	-458.415	-432.421	-25.9944	726217.1	5.467055	0.998509	0.999619	1.00038	1.00149	5.336097
8350	-454.656	-432.082	-22.5742	249171.6	8.05954	0.997455	0.999348	1.00065	1.00255	4.720103
8360	-442.292	-426.571	-15.7209	970548.2	10.08776	0.99871	0.99967	1.00033	1.00129	3.785807
8370	-448.811	-435.965	-12.8458	217594.5	6.943194	0.997276	0.999303	1.00069	1.00273	3.401396
8380	-439.742	-424.745	-14.9968	921169	7.588132	0.998676	0.999661	1.00034	1.00132	3.765058
8390	-435.024	-416.11	-18.9141	981065.3	6.468883	0.998717	0.999672	1.00033	1.00128	4.24257
8400	-436.535	-419.385	-17.1505	981065.3	8.396354	0.998717	0.999672	1.00033	1.00128	4.037692
8410	-436.685	-424.345	-12.3393	528033.5	11.09758	0.998251	0.999553	1.00045	1.00175	3.402098
8420	-448.708	-427.944	-20.7639	704203.4	5.483093	0.998486	0.999613	1.00039	1.00152	4.383597
8430	-439.073	-419.879	-19.1937	283203.1	7.341169	0.997612	0.999389	1.00061	1.00239	4.321408
8440	-439.891	-422.106	-17.7851	901199	6.407379	0.998661	0.999658	1.00034	1.00134	4.059811
8450	-440.419	-422.121	-18.2981	487033.3	6.436108	0.998179	0.999534	1.00046	1.00182	4.143448
8460	-433.968	-420.737	-13.2308	656719.6	6.666634	0.998432	0.999599	1.0004	1.00157	3.407345
8470	-439.538	-423.103	-16.435	436444.8	8.255605	0.998077	0.999508	1.00049	1.00192	3.955688
8480	-430.811	-417.249	-13.5622	512864	7.690762	0.998226	0.999546	1.00045	1.00178	3.583258
8490	-436.392	-418.936	-17.4558	123953.8	10.96173	0.996392	0.999076	1.00092	1.00361	3.876421
8500	-432.137	-417.935	-14.2014	564259.3	7.752807	0.998308	0.999567	1.00043	1.00169	3.669637
8510	-429.202	-416.888	-12.3138	576727	7.489347	0.998327	0.999572	1.00043	1.00167	3.40138
8520	-433.313	-420.614	-12.699	97674.67	11.15877	0.995936	0.998958	1.00104	1.00407	3.430843
8530	-432.719	-421.012	-11.7073	477689.8	9.680498	0.998161	0.99953	1.00047	1.00184	3.398404
8540	-433.327	-418.221	-15.1054	529309.7	11.07012	0.998253	0.999553	1.00045	1.00175	3.653517
8550	-426.997	-416.086	-10.9114	261041.5	8.19992	0.997513	0.999363	1.00063	1.00249	3.283062
8560	-436.225	-417.641	-18.5845	715293.6	6.203481	0.998497	0.999616	1.00038	1.0015	4.156663
8570	-436.616	-418.782	-17.834	890326.1	8.75767	0.998653	0.999656	1.00034	1.00135	4.09966
8580	-437.433	-426.047	-11.3861	980038.1	9.144931	0.998716	0.999672	1.00033	1.00128	3.368646
8590	-430.591	-420.267	-10.3243	542014.2	8.243563	0.998274	0.999558	1.00044	1.00173	3.214651
8600	-440.679	-424.752	-15.9271	709170	8.658031	0.998491	0.999614	1.00039	1.00151	3.885285
8610	-435.217	-425.413	-9.804	405963.7	11.7303	0.998006	0.99949	1.00051	1.002	3.147662
8620	-433.164	-417.86	-15.304	37614.44	11.59698	0.993454	0.998318	1.00167	1.00656	3.627882
8630	-436.148	-417.685	-18.4631	732771.9	11.80213	0.998515	0.99962	1.00038	1.00149	3.878042
8640	-433.928	-420.428	-13.5003	973055.9	9.703208	0.998712	0.999671	1.00033	1.00129	3.582732
8650	-436.639	-423.793	-12.846	550840.8	11.46556	0.998288	0.999562	1.00044	1.00171	3.424575
8660	-430.453	-413.371	-17.0824	219846.6	10.71078	0.99729	0.999306	1.00069	1.00271	3.865713
8670	-431.49	-414.295	-17.195	657164	6.449278	0.998432	0.999599	1.0004	1.00157	3.973987
8680	-430.406	-420.426	-9.98026	523768.2	8.792749	0.998244	0.999551	1.00045	1.00176	3.204301
8690	-431.434	-420.364	-11.0708	830756.9	8.626434	0.998606	0.999643	1.00036	1.00139	3.323298
8700	-440.506	-420.915	-19.5908	101957.4	9.001394	0.996022	0.99898	1.00101	1.00398	4.279047
8710	-437.023	-416.769	-20.2542	621476.5	13.32778	0.998388	0.999588	1.00041	1.00161	3.846628
8720	-431.406	-414.901	-16.5054	420186.6	12.71111	0.99804	0.999498	1.0005	1.00196	3.625033
8730	-438.342	-420.676	-17.6667	845201	7.047436	0.998618	0.999647	1.00035	1.00138	4.101976
8740	-436.316	-420.762	-15.554	151086.6	8.950729	0.996732	0.999163	1.00083	1.00327	3.832577
8750	-433.154	-418.572	-14.5819	163132.2	8.577611	0.996855	0.999194	1.0008	1.00315	3.730851
8760	-440.097	-424.133	-15.9636	649024.8	8.714445	0.998423	0.999597	1.0004	1.00158	3.887619
8770	-422.732	-414.611	-8.1207	567725.8	11.66764	0.998314	0.999569	1.00043	1.00169	3.006221
8780	-443.826	-426.03	-17.7963	933464.2	10.77753	0.998685	0.999664	1.00034	1.00132	3.925792
8790	-438.408	-421.314	-17.0942	33494.42	8.521655	0.993063	0.998218	1.00177	1.00695	4.026135
8800	-434.582	-420.35	-14.232	607100.2	6.955156	0.998369	0.999583	1.00042	1.00163	3.602688
8810	-444.171	-425.977	-18.1946	569632.6	6.60524	0.998316	0.999569	1.00043	1.00168	4.146157
8820	-432.919	-417.749	-15.17	493123.1	8.786316	0.99819	0.999537	1.00046	1.00181	3.794705
8830	-440.771	-425.946	-14.8253	678176.5	9.165997	0.998457	0.999605	1.00039	1.00154	3.743937
8840	-437.91	-422.996	-14.9145	949307.2	9.345107	0.998696	0.999666	1.00033	1.0013	3.746226
8850	-435.951	-423.021	-12.931	285954.2	9.305153	0.997624	0.999392	1.00061	1.00238	3.534816
8860	-431.023	-419.816	-11.2066	755799.8	8.158311	0.998538	0.999626	1.00037	1.00146	3.316435
8870	-437.574	-419.913	-17.661	248455.4	10.16384	0.997451	0.999348	1.00065	1.00255	3.971252
8880	-435.118	-416.948	-18.1696	464181.9	8.432597	0.998135	0.999523	1.00048	1.00187	4.157176
8890	-445.378	-426.303	-19.0747	51512.77	6.578371	0.994405	0.998564	1.00142	1.00561	4.277246
8900	-444.155	-429.718	-14.4373	41650.24	8.297043	0.993779	0.998402	1.00158	1.00624	3.714077
8910	-432.738	-418.639	-14.0993	250229.8	8.323861	0.99746	0.99935	1.00065	1.00254	3.673656
8920	-437.847	-422.13	-15.7174	187956.6	9.767018	0.99707	0.99925	1.00075	1.00293	3.807164
8930	-430.94	-419.588	-11.352	677847.1	8.402449	0.998457	0.999605	1.00039	1.00154	3.34737
8940	-435.508	-420.129	-15.3786	907547.4	7.042589	0.998666	0.999659	1.00034	1.00133	3.776812
8950	-425.265	-413.939	-11.3263	445992.4	14.16976	0.998097	0.999513	1.00049	1.0019	3.118772
8960	-435.949	-427.367	-8.58198	852432.6	9.126698	0.998624	0.999648	1.00035	1.00138	3.061312
8970	-425.628	-415.019	-10.6081	212605.8	10.09213	0.997245	0.999295	1.0007	1.00276	3.278881
8980	-429.082	-420.983	-8.09887	368337	8.495247	0.997906	0.999464	1.00053	1.0021	2.968346
8990	-435.088	-421.303	-13.7851	800802.7	11.02984	0.99858	0.999637	1.00036	1.00142	3.536985
9000	-433.677	-418.185	-15.4918	508577.3	12.55441	0.998218	0.999544	1.00045	1.00178	3.559436
9010	-437.685	-422.964	-14.7211	886071.4	6.320262	0.99865	0.999655	1.00034	1.00135	3.562262
9020	-438.874	-426.902	-11.9718	44938.72	9.1004	0.99401	0.998462	1.00153	1.006	3.432759
9030	-446.661	-425.391	-21.2693	941614.2	8.208492	0.99869	0.999665	1.00033	1.00131	4.545477
9040	-444.38	-426.88	-17.5	715494.8	9.881112	0.998498	0.999616	1.00038	1.0015	3.980084
9050	-436.025	-424.154	-11.8703	946318.6	7.67476	0.998694	0.999666	1.00033	1.00131	3.361741
9060	-450.47	-429.604	-20.8656	566903.2	7.091127	0.998312	0.999568	1.00043	1.00169	4.555339
9070	-437.445	-422.155	-15.2904	374255.6	10.69517	0.997923	0.999469	1.00053	1.00208	3.699598
9080	-422.518	-412.919	-9.59842	720236.7	10.89326	0.998503	0.999617	1.00038	1.0015	3.161755
9090	-434.474	-419.788	-14.6856	116681.8	10.07149	0.996281	0.999047	1.00095	1.00372	3.684162
9100	-445.819	-437.325	-8.49412	880964	10.80054	0.998646	0.999654	1.00035	1.00135	3.062252
9110	-437.489	-423.001	-14.4873	829701.3	9.293966	0.998605	0.999643	1.00036	1.0014	3.702497
9120	-444.142	-423.642	-20.4998	454747.6	9.774697	0.998116	0.999518	1.00048	1.00189	4.295933
9130	-439.978	-427.835	-12.1427	591581.5	11.00479	0.998348	0.999577	1.00042	1.00165	3.38943
9140	-428.569	-421.301	-7.26823	215366	10.68568	0.997262	0.999299	1.0007	1.00274	2.949578
9150	-436.225	-414.913	-21.3123	804129.3	5.904642	0.998583	0.999638	1.00036	1.00142	4.563203
9160	-440.934	-421.991	-18.9424	699526.7	7.231096	0.998481	0.999611	1.00039	1.00152	4.286543
9170	-436.81	-427.129	-9.68047	699526.7	10.62487	0.998481	0.999611	1.00039	1.00152	3.176915
9180	-434.104	-422.501	-11.6031	686468.1	9.613367	0.998466	0.999608	1.00039	1.00153	3.3888
9190	-445.239	-427.234	-18.0047	992309.6	8.597948	0.998724	0.999674	1.00033	1.00128	4.128734
9200	-434.963	-416.034	-18.929	216253.8	7.709804	0.997268	0.999301	1.0007	1.00273	4.280604
9210	-439.806	-418.027	-21.7795	984966.8	7.490537	0.99872	0.999673	1.00033	1.00128	4.665195
9220	-446.527	-427.03	-19.497	527907.5	7.143754	0.998251	0.999553	1.00045	1.00175	4.362893
9230	-445.87	-430.548	-15.322	277274.6	8.866462	0.997587	0.999382	1.00062	1.00241	3.809531
9240	-433.236	-418.002	-15.2343	754773.5	8.019399	0.998537	0.999626	1.00037	1.00146	3.808918
9250	-452.544	-428.251	-24.2921	81269.03	7.708139	0.995545	0.998858	1.00114	1.00446	4.976413
9260	-437.419	-423.251	-14.1677	735914.1	10.17786	0.998519	0.999621	1.00038	1.00148	3.626746
9270	-428.113	-418.937	-9.17577	588163.2	6.928671	0.998343	0.999576	1.00042	1.00166	2.869291
9280	-433.71	-421.248	-12.4617	483043.6	8.286191	0.998172	0.999532	1.00047	1.00183	3.47557
9290	-434.858	-424.897	-9.9606	621298	11.9182	0.998388	0.999588	1.00041	1.00161	3.152024
9300	-432.691	-421.002	-11.6893	198911.3	12.55192	0.997151	0.999271	1.00073	1.00285	3.256714
9310	-419.876	-414.835	-5.04123	91952.33	10.89593	0.995811	0.998926	1.00107	1.00419	2.743427
9320	-436.26	-425.927	-10.3325	142477.1	11.10421	0.996634	0.999138	1.00086	1.00337	3.221
9330	-432.916	-417.49	-15.4259	136507.1	10.28282	0.996562	0.999119	1.00088	1.00344	3.742971
9340	-443.918	-422.804	-21.1142	544029.1	8.274425	0.998277	0.999559	1.00044	1.00172	4.520826
9350	-439.311	-423.135	-16.1765	502802	6.931972	0.998208	0.999542	1.00046	1.00179	3.88002
9360	-429.044	-419.967	-9.07632	311366.2	9.153544	0.997723	0.999417	1.00058	1.00228	3.116341
9370	-425.711	-415.16	-10.5512	140029.2	12.01865	0.996605	0.99913	1.00087	1.0034	3.196197
9380	-427.022	-414.007	-13.0153	612421.3	6.828755	0.998376	0.999585	1.00041	1.00162	3.406263
9390	-438.503	-419.959	-18.5448	33024.78	8.743175	0.993014	0.998205	1.00178	1.007	4.181831
9400	-439.515	-422.665	-16.8496	73501.73	8.116408	0.995315	0.998799	1.00119	1.00469	4.008905
9410	-445.943	-430.381	-15.5623	539759.8	9.288701	0.99827	0.999558	1.00044	1.00173	3.818423
9420	-435.048	-417.961	-17.0869	248212.3	7.855755	0.99745	0.999347	1.00065	1.00255	4.041647
9430	-435.178	-426.681	-8.49675	816118.2	11.30992	0.998593	0.99964	1.00036	1.00141	3.050022
9440	-448.393	-433.803	-14.5905	464735.2	9.008715	0.998136	0.999523	1.00048	1.00187	3.723325
9450	-439.638	-423.104	-16.5338	491345.1	10.32499	0.998187	0.999536	1.00046	1.00181	3.847254
9460	-430.026	-417.077	-12.9494	828138.7	12.12625	0.998604	0.999643	1.00036	1.0014	3.388078
9470	-439.596	-420.899	-18.6969	923295.1	9.002776	0.998677	0.999662	1.00034	1.00132	4.179622
9480	-437.417	-417.232	-20.1852	910649.9	9.028717	0.998668	0.999659	1.00034	1.00133	4.342398
9490	-434.589	-417.991	-16.5984	103871	8.802264	0.996059	0.99899	1.001	1.00395	3.95654
9500	-433.637	-414.865	-18.7724	290542.2	6.627598	0.997643	0.999397	1.0006	1.00236	4.235495
9510	-427.81	-419.997	-7.81228	711464	11.40793	0.998493	0.999615	1.00038	1.00151	2.987061
9520	-437.415	-423.141	-14.2736	784927.9	7.275392	0.998566	0.999633	1.00037	1.00144	3.645204
9530	-432.987	-419.751	-13.2369	923666.3	11.73943	0.998678	0.999662	1.00034	1.00132	3.439673
9540	-427.519	-412.958	-14.5617	33022.74	9.002474	0.993014	0.998205	1.00178	1.007	3.720304
9550	-424.634	-416.136	-8.49803	953355	9.222222	0.998698	0.999667	1.00033	1.0013	3.055686
9560	-433.264	-419.734	-13.53	485373.9	10.78372	0.998176	0.999533	1.00047	1.00183	3.529565
9570	-430.21	-416.25	-13.9593	991814.5	10.08587	0.998724	0.999674	1.00033	1.00128	3.611278
9580	-434.772	-421.706	-13.0659	474533.3	7.786733	0.998155	0.999528	1.00047	1.00185	3.525451
9590	-437.037	-431.419	-5.618	183901.9	9.696575	0.997037	0.999241	1.00076	1.00297	2.7701
9600	-437.151	-420.168	-16.9823	186975	8.30554	0.997062	0.999248	1.00075	1.00294	4.020564
9610	-431.8	-421.585	-10.2151	486189.1	8.865286	0.998178	0.999534	1.00047	1.00182	3.233521
9620	-433.528	-420.941	-12.587	276986.6	7.918207	0.997586	0.999382	1.00062	1.00242	3.472899
9630	-430.404	-418.23	-12.1743	573530.3	9.96635	0.998322	0.999571	1.00043	1.00168	3.438413
9640	-428.371	-416.241	-12.13	354202.5	8.440131	0.997865	0.999454	1.00054	1.00214	3.441207
9650	-436.561	-424.781	-11.7798	389350.6	7.992285	0.997964	0.999479	1.00052	1.00204	3.376302
9660	-447.533	-429.119	-18.4136	143182.3	5.087074	0.996643	0.99914	1.00086	1.00336	3.792098
9670	-438.141	-423.812	-14.3285	334088.2	6.106684	0.997802	0.999437	1.00056	1.0022	3.443792
9680	-442.693	-425.122	-17.571	19569.65	6.038197	0.990928	0.997665	1.00231	1.0091	3.960478
9690	-438.85	-425.297	-13.5529	619334.8	9.010113	0.998385	0.999587	1.00041	1.00162	3.608131
9700	-447.036	-428.094	-18.9422	593890.8	5.895559	0.998351	0.999578	1.00042	1.00165	4.1599
9710	-436.482	-421.58	-14.9015	83653.75	7.137172	0.995609	0.998874	1.00112	1.0044	3.718958
9720	-443.841	-426.919	-16.9222	264226.1	9.380946	0.997528	0.999367	1.00063	1.00247	3.958635
9730	-447.541	-425.334	-22.2071	299192.9	8.207866	0.997677	0.999405	1.00059	1.00232	4.659785
9740	-442.011	-423.367	-18.6436	898949.3	5.505917	0.99866	0.999657	1.00034	1.00134	4.004394
9750	-426.212	-418.462	-7.75038	106184	10.08719	0.996102	0.999001	1.00099	1.0039	2.995683
9760	-438.093	-419.486	-18.6063	295270.1	8.861771	0.997662	0.999402	1.0006	1.00234	4.180306
9770	-443.874	-434.327	-9.54699	164560.3	9.387297	0.996868	0.999198	1.0008	1.00314	3.172545
9780	-431.108	-418.961	-12.1469	927318.1	10.68875	0.99868	0.999663	1.00034	1.00132	3.405986
9790	-446.466	-429.175	-17.2903	772331.8	10.33595	0.998554	0.99963	1.00037	1.00145	3.91954
9800	-426.788	-420.05	-6.73803	225407.1	12.41453	0.997324	0.999315	1.00068	1.00268	2.866886
9810	-431.251	-419.31	-11.9409	475110.7	8.484283	0.998157	0.999528	1.00047	1.00184	3.420254
9820	-426.126	-415.315	-10.8109	425435.4	10.01937	0.998052	0.999502	1.0005	1.00195	3.300554
9830	-432.224	-418.592	-13.6328	408527.1	8.206478	0.998012	0.999491	1.00051	1.00199	3.6151
9840	-425.511	-415.089	-10.4219	533080.9	8.300937	0.99826	0.999555	1.00044	1.00174	3.230373
9850	-440.088	-424.032	-16.0563	371317.8	8.249512	0.997915	0.999466	1.00053	1.00209	3.909897
9860	-434.332	-423.499	-10.8323	867125.4	9.312764	0.998635	0.999651	1.00035	1.00137	3.309303
9870	-436.488	-421.508	-14.9801	383225.4	8.966691	0.997947	0.999475	1.00052	1.00205	3.767953
9880	-440.734	-422.974	-17.76	954845.5	8.76232	0.998699	0.999667	1.00033	1.0013	4.090928
9890	-441.075	-421.54	-19.5345	816892	7.984886	0.998594	0.99964	1.00036	1.00141	4.346966
9900	-438.063	-418.823	-19.2408	50647.64	8.132644	0.994358	0.998552	1.00144	1.00565	4.30263
9910	-441.215	-420.683	-20.5319	90038.12	6.701201	0.995767	0.998915	1.00108	1.00424	4.503729
9920	-438.797	-423.171	-15.626	991482.5	7.392857	0.998724	0.999674	1.00033	1.00128	3.838532
9930	-437.85	-427.732	-10.1181	914274.1	8.319353	0.998671	0.99966	1.00034	1.00133	3.195054
9940	-438.812	-424.464	-14.3487	281993.7	9.869465	0.997607	0.999388	1.00061	1.00239	3.661782
9950	-448.066	-426.098	-21.9674	847415.7	6.713738	0.99862	0.999647	1.00035	1.00138	4.717953
9960	-434.476	-424.392	-10.0837	4945.326	8.552788	0.981983	0.995326	1.00456	1.01813	3.205146
9970	-430.789	-419.356	-11.4335	659969.4	7.935705	0.998436	0.9996	1.0004	1.00157	3.32862
9980	-430.347	-419.677	-10.6704	548469.8	9.85901	0.998284	0.999561	1.00044	1.00172	3.289241
9990	-430.72	-417.81	-12.9107	902747.4	10.14712	0.998662	0.999658	1.00034	1.00134	3.504624
10000	-429.383	-419.216	-10.1668	976190.1	9.930572	0.998714	0.999671	1.00033	1.00129	3.237412
